{"C:\\Users\\wwwna\\OneDrive\\Desktop\\healthify\\healthbloom-care\\backend\\server.js": {"path":"C:\\Users\\wwwna\\OneDrive\\Desktop\\healthify\\healthbloom-care\\backend\\server.js","statementMap":{"0":{"start":{"line":1,"column":16},"end":{"line":1,"column":34}},"1":{"start":{"line":2,"column":13},"end":{"line":2,"column":28}},"2":{"start":{"line":3,"column":23},"end":{"line":3,"column":38}},"3":{"start":{"line":4,"column":13},"end":{"line":4,"column":28}},"4":{"start":{"line":6,"column":12},"end":{"line":6,"column":21}},"5":{"start":{"line":7,"column":13},"end":{"line":7,"column":37}},"6":{"start":{"line":10,"column":0},"end":{"line":10,"column":16}},"7":{"start":{"line":11,"column":0},"end":{"line":11,"column":24}},"8":{"start":{"line":14,"column":0},"end":{"line":14,"column":57}},"9":{"start":{"line":17,"column":16},"end":{"line":90,"column":1}},"10":{"start":{"line":92,"column":17},"end":{"line":113,"column":1}},"11":{"start":{"line":115,"column":17},"end":{"line":151,"column":1}},"12":{"start":{"line":153,"column":19},"end":{"line":153,"column":21}},"13":{"start":{"line":156,"column":0},"end":{"line":158,"column":3}},"14":{"start":{"line":157,"column":2},"end":{"line":157,"column":20}},"15":{"start":{"line":160,"column":0},"end":{"line":167,"column":3}},"16":{"start":{"line":161,"column":17},"end":{"line":161,"column":68}},"17":{"start":{"line":161,"column":35},"end":{"line":161,"column":67}},"18":{"start":{"line":162,"column":2},"end":{"line":166,"column":3}},"19":{"start":{"line":163,"column":4},"end":{"line":163,"column":21}},"20":{"start":{"line":165,"column":4},"end":{"line":165,"column":56}},"21":{"start":{"line":169,"column":0},"end":{"line":172,"column":3}},"22":{"start":{"line":170,"column":24},"end":{"line":170,"column":53}},"23":{"start":{"line":170,"column":44},"end":{"line":170,"column":52}},"24":{"start":{"line":171,"column":2},"end":{"line":171,"column":26}},"25":{"start":{"line":174,"column":0},"end":{"line":210,"column":3}},"26":{"start":{"line":175,"column":72},"end":{"line":175,"column":80}},"27":{"start":{"line":177,"column":17},"end":{"line":177,"column":53}},"28":{"start":{"line":177,"column":35},"end":{"line":177,"column":52}},"29":{"start":{"line":178,"column":2},"end":{"line":180,"column":3}},"30":{"start":{"line":179,"column":4},"end":{"line":179,"column":63}},"31":{"start":{"line":182,"column":2},"end":{"line":184,"column":3}},"32":{"start":{"line":183,"column":4},"end":{"line":183,"column":70}},"33":{"start":{"line":186,"column":22},"end":{"line":198,"column":3}},"34":{"start":{"line":200,"column":2},"end":{"line":200,"column":33}},"35":{"start":{"line":203,"column":2},"end":{"line":203,"column":60}},"36":{"start":{"line":203,"column":45},"end":{"line":203,"column":58}},"37":{"start":{"line":205,"column":2},"end":{"line":209,"column":5}},"38":{"start":{"line":212,"column":0},"end":{"line":214,"column":3}},"39":{"start":{"line":213,"column":2},"end":{"line":213,"column":21}},"40":{"start":{"line":216,"column":0},"end":{"line":254,"column":3}},"41":{"start":{"line":217,"column":31},"end":{"line":217,"column":39}},"42":{"start":{"line":219,"column":2},"end":{"line":221,"column":3}},"43":{"start":{"line":220,"column":4},"end":{"line":220,"column":67}},"44":{"start":{"line":223,"column":22},"end":{"line":223,"column":77}},"45":{"start":{"line":223,"column":43},"end":{"line":223,"column":76}},"46":{"start":{"line":226,"column":23},"end":{"line":226,"column":69}},"47":{"start":{"line":226,"column":47},"end":{"line":226,"column":68}},"48":{"start":{"line":227,"column":25},"end":{"line":227,"column":73}},"49":{"start":{"line":227,"column":49},"end":{"line":227,"column":72}},"50":{"start":{"line":229,"column":23},"end":{"line":229,"column":25}},"51":{"start":{"line":230,"column":17},"end":{"line":230,"column":22}},"52":{"start":{"line":232,"column":2},"end":{"line":244,"column":3}},"53":{"start":{"line":233,"column":4},"end":{"line":233,"column":108}},"54":{"start":{"line":234,"column":4},"end":{"line":234,"column":22}},"55":{"start":{"line":235,"column":9},"end":{"line":244,"column":3}},"56":{"start":{"line":236,"column":4},"end":{"line":236,"column":97}},"57":{"start":{"line":237,"column":4},"end":{"line":237,"column":24}},"58":{"start":{"line":238,"column":9},"end":{"line":244,"column":3}},"59":{"start":{"line":239,"column":4},"end":{"line":239,"column":90}},"60":{"start":{"line":240,"column":4},"end":{"line":240,"column":24}},"61":{"start":{"line":242,"column":4},"end":{"line":242,"column":99}},"62":{"start":{"line":243,"column":4},"end":{"line":243,"column":21}},"63":{"start":{"line":246,"column":19},"end":{"line":246,"column":55}},"64":{"start":{"line":246,"column":44},"end":{"line":246,"column":54}},"65":{"start":{"line":248,"column":2},"end":{"line":253,"column":5}},"66":{"start":{"line":256,"column":0},"end":{"line":258,"column":3}},"67":{"start":{"line":257,"column":2},"end":{"line":257,"column":21}},"68":{"start":{"line":260,"column":0},"end":{"line":274,"column":3}},"69":{"start":{"line":261,"column":37},"end":{"line":261,"column":45}},"70":{"start":{"line":263,"column":18},"end":{"line":263,"column":56}},"71":{"start":{"line":263,"column":37},"end":{"line":263,"column":55}},"72":{"start":{"line":264,"column":2},"end":{"line":266,"column":3}},"73":{"start":{"line":265,"column":4},"end":{"line":265,"column":64}},"74":{"start":{"line":269,"column":2},"end":{"line":273,"column":5}},"75":{"start":{"line":276,"column":0},"end":{"line":292,"column":3}},"76":{"start":{"line":278,"column":26},"end":{"line":283,"column":3}},"77":{"start":{"line":285,"column":20},"end":{"line":285,"column":87}},"78":{"start":{"line":287,"column":2},"end":{"line":291,"column":5}},"79":{"start":{"line":294,"column":0},"end":{"line":298,"column":3}},"80":{"start":{"line":296,"column":27},"end":{"line":296,"column":49}},"81":{"start":{"line":297,"column":2},"end":{"line":297,"column":29}},"82":{"start":{"line":301,"column":0},"end":{"line":303,"column":3}},"83":{"start":{"line":302,"column":2},"end":{"line":302,"column":59}},"84":{"start":{"line":306,"column":0},"end":{"line":306,"column":21}},"85":{"start":{"line":309,"column":0},"end":{"line":313,"column":1}},"86":{"start":{"line":310,"column":2},"end":{"line":312,"column":5}},"87":{"start":{"line":311,"column":4},"end":{"line":311,"column":50}}},"fnMap":{"0":{"name":"(anonymous_0)","decl":{"start":{"line":156,"column":24},"end":{"line":156,"column":25}},"loc":{"start":{"line":156,"column":38},"end":{"line":158,"column":1}},"line":156},"1":{"name":"(anonymous_1)","decl":{"start":{"line":160,"column":28},"end":{"line":160,"column":29}},"loc":{"start":{"line":160,"column":42},"end":{"line":167,"column":1}},"line":160},"2":{"name":"(anonymous_2)","decl":{"start":{"line":161,"column":30},"end":{"line":161,"column":31}},"loc":{"start":{"line":161,"column":35},"end":{"line":161,"column":67}},"line":161},"3":{"name":"(anonymous_3)","decl":{"start":{"line":169,"column":31},"end":{"line":169,"column":32}},"loc":{"start":{"line":169,"column":45},"end":{"line":172,"column":1}},"line":169},"4":{"name":"(anonymous_4)","decl":{"start":{"line":170,"column":39},"end":{"line":170,"column":40}},"loc":{"start":{"line":170,"column":44},"end":{"line":170,"column":52}},"line":170},"5":{"name":"(anonymous_5)","decl":{"start":{"line":174,"column":34},"end":{"line":174,"column":35}},"loc":{"start":{"line":174,"column":48},"end":{"line":210,"column":1}},"line":174},"6":{"name":"(anonymous_6)","decl":{"start":{"line":177,"column":30},"end":{"line":177,"column":31}},"loc":{"start":{"line":177,"column":35},"end":{"line":177,"column":52}},"line":177},"7":{"name":"(anonymous_7)","decl":{"start":{"line":203,"column":37},"end":{"line":203,"column":38}},"loc":{"start":{"line":203,"column":45},"end":{"line":203,"column":58}},"line":203},"8":{"name":"(anonymous_8)","decl":{"start":{"line":212,"column":25},"end":{"line":212,"column":26}},"loc":{"start":{"line":212,"column":39},"end":{"line":214,"column":1}},"line":212},"9":{"name":"(anonymous_9)","decl":{"start":{"line":216,"column":31},"end":{"line":216,"column":32}},"loc":{"start":{"line":216,"column":45},"end":{"line":254,"column":1}},"line":216},"10":{"name":"(anonymous_10)","decl":{"start":{"line":223,"column":38},"end":{"line":223,"column":39}},"loc":{"start":{"line":223,"column":43},"end":{"line":223,"column":76}},"line":223},"11":{"name":"(anonymous_11)","decl":{"start":{"line":226,"column":42},"end":{"line":226,"column":43}},"loc":{"start":{"line":226,"column":47},"end":{"line":226,"column":68}},"line":226},"12":{"name":"(anonymous_12)","decl":{"start":{"line":227,"column":44},"end":{"line":227,"column":45}},"loc":{"start":{"line":227,"column":49},"end":{"line":227,"column":72}},"line":227},"13":{"name":"(anonymous_13)","decl":{"start":{"line":246,"column":39},"end":{"line":246,"column":40}},"loc":{"start":{"line":246,"column":44},"end":{"line":246,"column":54}},"line":246},"14":{"name":"(anonymous_14)","decl":{"start":{"line":256,"column":25},"end":{"line":256,"column":26}},"loc":{"start":{"line":256,"column":39},"end":{"line":258,"column":1}},"line":256},"15":{"name":"(anonymous_15)","decl":{"start":{"line":260,"column":32},"end":{"line":260,"column":33}},"loc":{"start":{"line":260,"column":46},"end":{"line":274,"column":1}},"line":260},"16":{"name":"(anonymous_16)","decl":{"start":{"line":263,"column":32},"end":{"line":263,"column":33}},"loc":{"start":{"line":263,"column":37},"end":{"line":263,"column":55}},"line":263},"17":{"name":"(anonymous_17)","decl":{"start":{"line":276,"column":33},"end":{"line":276,"column":34}},"loc":{"start":{"line":276,"column":47},"end":{"line":292,"column":1}},"line":276},"18":{"name":"(anonymous_18)","decl":{"start":{"line":294,"column":34},"end":{"line":294,"column":35}},"loc":{"start":{"line":294,"column":48},"end":{"line":298,"column":1}},"line":294},"19":{"name":"(anonymous_19)","decl":{"start":{"line":301,"column":13},"end":{"line":301,"column":14}},"loc":{"start":{"line":301,"column":27},"end":{"line":303,"column":1}},"line":301},"20":{"name":"(anonymous_20)","decl":{"start":{"line":310,"column":19},"end":{"line":310,"column":20}},"loc":{"start":{"line":310,"column":25},"end":{"line":312,"column":3}},"line":310}},"branchMap":{"0":{"loc":{"start":{"line":7,"column":13},"end":{"line":7,"column":37}},"type":"binary-expr","locations":[{"start":{"line":7,"column":13},"end":{"line":7,"column":29}},{"start":{"line":7,"column":33},"end":{"line":7,"column":37}}],"line":7},"1":{"loc":{"start":{"line":162,"column":2},"end":{"line":166,"column":3}},"type":"if","locations":[{"start":{"line":162,"column":2},"end":{"line":166,"column":3}},{"start":{"line":164,"column":9},"end":{"line":166,"column":3}}],"line":162},"2":{"loc":{"start":{"line":178,"column":2},"end":{"line":180,"column":3}},"type":"if","locations":[{"start":{"line":178,"column":2},"end":{"line":180,"column":3}},{"start":{},"end":{}}],"line":178},"3":{"loc":{"start":{"line":182,"column":2},"end":{"line":184,"column":3}},"type":"if","locations":[{"start":{"line":182,"column":2},"end":{"line":184,"column":3}},{"start":{},"end":{}}],"line":182},"4":{"loc":{"start":{"line":219,"column":2},"end":{"line":221,"column":3}},"type":"if","locations":[{"start":{"line":219,"column":2},"end":{"line":221,"column":3}},{"start":{},"end":{}}],"line":219},"5":{"loc":{"start":{"line":219,"column":6},"end":{"line":219,"column":56}},"type":"binary-expr","locations":[{"start":{"line":219,"column":6},"end":{"line":219,"column":23}},{"start":{"line":219,"column":27},"end":{"line":219,"column":56}}],"line":219},"6":{"loc":{"start":{"line":232,"column":2},"end":{"line":244,"column":3}},"type":"if","locations":[{"start":{"line":232,"column":2},"end":{"line":244,"column":3}},{"start":{"line":235,"column":9},"end":{"line":244,"column":3}}],"line":232},"7":{"loc":{"start":{"line":235,"column":9},"end":{"line":244,"column":3}},"type":"if","locations":[{"start":{"line":235,"column":9},"end":{"line":244,"column":3}},{"start":{"line":238,"column":9},"end":{"line":244,"column":3}}],"line":235},"8":{"loc":{"start":{"line":238,"column":9},"end":{"line":244,"column":3}},"type":"if","locations":[{"start":{"line":238,"column":9},"end":{"line":244,"column":3}},{"start":{"line":241,"column":9},"end":{"line":244,"column":3}}],"line":238},"9":{"loc":{"start":{"line":264,"column":2},"end":{"line":266,"column":3}},"type":"if","locations":[{"start":{"line":264,"column":2},"end":{"line":266,"column":3}},{"start":{},"end":{}}],"line":264},"10":{"loc":{"start":{"line":309,"column":0},"end":{"line":313,"column":1}},"type":"if","locations":[{"start":{"line":309,"column":0},"end":{"line":313,"column":1}},{"start":{},"end":{}}],"line":309}},"s":{"0":1,"1":1,"2":1,"3":1,"4":1,"5":1,"6":1,"7":1,"8":1,"9":1,"10":1,"11":1,"12":1,"13":1,"14":2,"15":1,"16":0,"17":0,"18":0,"19":0,"20":0,"21":1,"22":0,"23":0,"24":0,"25":1,"26":1,"27":1,"28":1,"29":1,"30":0,"31":1,"32":0,"33":1,"34":1,"35":1,"36":4,"37":1,"38":1,"39":0,"40":1,"41":1,"42":1,"43":0,"44":1,"45":20,"46":1,"47":1,"48":1,"49":1,"50":1,"51":1,"52":1,"53":1,"54":1,"55":0,"56":0,"57":0,"58":0,"59":0,"60":0,"61":0,"62":0,"63":1,"64":1,"65":1,"66":1,"67":0,"68":1,"69":0,"70":0,"71":0,"72":0,"73":0,"74":0,"75":1,"76":0,"77":0,"78":0,"79":1,"80":0,"81":0,"82":1,"83":0,"84":1,"85":1,"86":0,"87":0},"f":{"0":2,"1":0,"2":0,"3":0,"4":0,"5":1,"6":1,"7":4,"8":0,"9":1,"10":20,"11":1,"12":1,"13":1,"14":0,"15":0,"16":0,"17":0,"18":0,"19":0,"20":0},"b":{"0":[1,1],"1":[0,0],"2":[0,1],"3":[0,1],"4":[0,1],"5":[1,1],"6":[1,0],"7":[0,0],"8":[0,0],"9":[0,0],"10":[0,1]},"inputSourceMap":null,"_coverageSchema":"1a1c01bbd47fc00a2c39e90264f33305004495a9","hash":"1cb319fdb6ad8c326fcf695b2a8c90102546972e"}
,"C:\\Users\\wwwna\\OneDrive\\Desktop\\healthify\\healthbloom-care\\src\\test-utils.tsx": {"path":"C:\\Users\\wwwna\\OneDrive\\Desktop\\healthify\\healthbloom-care\\src\\test-utils.tsx","statementMap":{"0":{"start":{"line":6,"column":0},"end":{"line":6,"column":16}},"1":{"start":{"line":10,"column":0},"end":{"line":10,"column":16}},"2":{"start":{"line":2,"column":0},"end":{"line":2,"column":48}},"3":{"start":{"line":3,"column":0},"end":{"line":3,"column":73}},"4":{"start":{"line":4,"column":0},"end":{"line":4,"column":56}},"5":{"start":{"line":7,"column":2},"end":{"line":7,"column":76}},"6":{"start":{"line":11,"column":17},"end":{"line":11,"column":36}},"7":{"start":{"line":13,"column":20},"end":{"line":13,"column":29}},"8":{"start":{"line":14,"column":4},"end":{"line":14,"column":64}},"9":{"start":{"line":17,"column":2},"end":{"line":21,"column":4}}},"fnMap":{"0":{"name":"createQueryClient","decl":{"start":{"line":6,"column":16},"end":{"line":6,"column":33}},"loc":{"start":{"line":6,"column":33},"end":{"line":8,"column":1}}},"1":{"name":"renderWithProviders","decl":{"start":{"line":10,"column":16},"end":{"line":10,"column":35}},"loc":{"start":{"line":10,"column":58},"end":{"line":22,"column":1}}},"2":{"name":"FormWrapper","decl":{"start":{"line":12,"column":11},"end":{"line":12,"column":22}},"loc":{"start":{"line":12,"column":66},"end":{"line":15,"column":3}}}},"branchMap":{},"s":{"0":4,"1":4,"2":4,"3":4,"4":4,"5":35,"6":35,"7":70,"8":70,"9":35},"f":{"0":35,"1":35,"2":70},"b":{}}
,"C:\\Users\\wwwna\\OneDrive\\Desktop\\healthify\\healthbloom-care\\src\\components\\BloomBot.tsx": {"path":"C:\\Users\\wwwna\\OneDrive\\Desktop\\healthify\\healthbloom-care\\src\\components\\BloomBot.tsx","statementMap":{"0":{"start":{"line":1,"column":0},"end":{"line":1,"column":52}},"1":{"start":{"line":2,"column":0},"end":{"line":2,"column":48}},"2":{"start":{"line":3,"column":0},"end":{"line":3,"column":null}},"3":{"start":{"line":13,"column":0},"end":{"line":13,"column":33}},"4":{"start":{"line":14,"column":0},"end":{"line":14,"column":64}},"5":{"start":{"line":15,"column":0},"end":{"line":15,"column":66}},"6":{"start":{"line":24,"column":21},"end":{"line":28,"column":2}},"7":{"start":{"line":30,"column":45},"end":{"line":36,"column":2}},"8":{"start":{"line":38,"column":24},"end":{"line":289,"column":1}},"9":{"start":{"line":39,"column":30},"end":{"line":39,"column":45}},"10":{"start":{"line":40,"column":40},"end":{"line":40,"column":55}},"11":{"start":{"line":41,"column":34},"end":{"line":48,"column":4}},"12":{"start":{"line":49,"column":38},"end":{"line":49,"column":50}},"13":{"start":{"line":50,"column":34},"end":{"line":50,"column":49}},"14":{"start":{"line":51,"column":50},"end":{"line":51,"column":65}},"15":{"start":{"line":52,"column":52},"end":{"line":52,"column":67}},"16":{"start":{"line":53,"column":25},"end":{"line":53,"column":53}},"17":{"start":{"line":55,"column":25},"end":{"line":57,"column":3}},"18":{"start":{"line":56,"column":4},"end":{"line":56,"column":67}},"19":{"start":{"line":59,"column":2},"end":{"line":61,"column":17}},"20":{"start":{"line":60,"column":4},"end":{"line":60,"column":21}},"21":{"start":{"line":63,"column":21},"end":{"line":97,"column":3}},"22":{"start":{"line":64,"column":24},"end":{"line":64,"column":49}},"23":{"start":{"line":65,"column":4},"end":{"line":65,"column":29}},"24":{"start":{"line":65,"column":22},"end":{"line":65,"column":29}},"25":{"start":{"line":68,"column":33},"end":{"line":73,"column":6}},"26":{"start":{"line":74,"column":4},"end":{"line":74,"column":50}},"27":{"start":{"line":74,"column":26},"end":{"line":74,"column":48}},"28":{"start":{"line":75,"column":4},"end":{"line":75,"column":22}},"29":{"start":{"line":78,"column":4},"end":{"line":78,"column":22}},"30":{"start":{"line":79,"column":4},"end":{"line":96,"column":35}},"31":{"start":{"line":80,"column":26},"end":{"line":86,"column":19}},"32":{"start":{"line":88,"column":34},"end":{"line":93,"column":8}},"33":{"start":{"line":94,"column":6},"end":{"line":94,"column":51}},"34":{"start":{"line":94,"column":28},"end":{"line":94,"column":49}},"35":{"start":{"line":95,"column":6},"end":{"line":95,"column":25}},"36":{"start":{"line":99,"column":27},"end":{"line":113,"column":3}},"37":{"start":{"line":100,"column":4},"end":{"line":112,"column":5}},"38":{"start":{"line":102,"column":8},"end":{"line":102,"column":34}},"39":{"start":{"line":103,"column":8},"end":{"line":103,"column":14}},"40":{"start":{"line":105,"column":8},"end":{"line":105,"column":35}},"41":{"start":{"line":106,"column":8},"end":{"line":106,"column":14}},"42":{"start":{"line":108,"column":8},"end":{"line":108,"column":44}},"43":{"start":{"line":109,"column":8},"end":{"line":109,"column":14}},"44":{"start":{"line":111,"column":8},"end":{"line":111,"column":14}},"45":{"start":{"line":115,"column":2},"end":{"line":288,"column":4}},"46":{"start":{"line":120,"column":10},"end":{"line":120,"column":26}},"47":{"start":{"line":121,"column":10},"end":{"line":121,"column":32}},"48":{"start":{"line":167,"column":29},"end":{"line":167,"column":57}},"49":{"start":{"line":174,"column":29},"end":{"line":174,"column":45}},"50":{"start":{"line":187,"column":18},"end":{"line":188,"column":null}},"51":{"start":{"line":231,"column":31},"end":{"line":231,"column":41}},"52":{"start":{"line":232,"column":18},"end":{"line":241,"column":20}},"53":{"start":{"line":235,"column":37},"end":{"line":235,"column":67}},"54":{"start":{"line":249,"column":20},"end":{"line":249,"column":39}},"55":{"start":{"line":250,"column":20},"end":{"line":250,"column":33}},"56":{"start":{"line":257,"column":37},"end":{"line":257,"column":66}},"57":{"start":{"line":280,"column":23},"end":{"line":280,"column":49}},"58":{"start":{"line":285,"column":23},"end":{"line":285,"column":50}},"59":{"start":{"line":38,"column":13},"end":{"line":38,"column":24}}},"fnMap":{"0":{"name":"(anonymous_0)","decl":{"start":{"line":38,"column":24},"end":{"line":38,"column":27}},"loc":{"start":{"line":38,"column":29},"end":{"line":289,"column":1}}},"1":{"name":"(anonymous_1)","decl":{"start":{"line":55,"column":25},"end":{"line":55,"column":28}},"loc":{"start":{"line":55,"column":30},"end":{"line":57,"column":3}}},"2":{"name":"(anonymous_2)","decl":{"start":{"line":59,"column":12},"end":{"line":59,"column":15}},"loc":{"start":{"line":59,"column":17},"end":{"line":61,"column":3}}},"3":{"name":"(anonymous_3)","decl":{"start":{"line":63,"column":21},"end":{"line":63,"column":22}},"loc":{"start":{"line":63,"column":39},"end":{"line":97,"column":3}}},"4":{"name":"(anonymous_4)","decl":{"start":{"line":74,"column":16},"end":{"line":74,"column":17}},"loc":{"start":{"line":74,"column":26},"end":{"line":74,"column":48}}},"5":{"name":"(anonymous_5)","decl":{"start":{"line":79,"column":15},"end":{"line":79,"column":18}},"loc":{"start":{"line":79,"column":20},"end":{"line":96,"column":5}}},"6":{"name":"(anonymous_6)","decl":{"start":{"line":94,"column":18},"end":{"line":94,"column":19}},"loc":{"start":{"line":94,"column":28},"end":{"line":94,"column":49}}},"7":{"name":"(anonymous_7)","decl":{"start":{"line":99,"column":27},"end":{"line":99,"column":28}},"loc":{"start":{"line":99,"column":46},"end":{"line":113,"column":3}}},"8":{"name":"(anonymous_8)","decl":{"start":{"line":119,"column":17},"end":{"line":119,"column":20}},"loc":{"start":{"line":119,"column":22},"end":{"line":122,"column":9}}},"9":{"name":"(anonymous_9)","decl":{"start":{"line":167,"column":23},"end":{"line":167,"column":26}},"loc":{"start":{"line":167,"column":29},"end":{"line":167,"column":57}}},"10":{"name":"(anonymous_10)","decl":{"start":{"line":174,"column":23},"end":{"line":174,"column":26}},"loc":{"start":{"line":174,"column":29},"end":{"line":174,"column":45}}},"11":{"name":"(anonymous_11)","decl":{"start":{"line":186,"column":30},"end":{"line":186,"column":31}},"loc":{"start":{"line":187,"column":18},"end":{"line":188,"column":null}}},"12":{"name":"(anonymous_12)","decl":{"start":{"line":230,"column":34},"end":{"line":230,"column":35}},"loc":{"start":{"line":230,"column":44},"end":{"line":242,"column":17}}},"13":{"name":"(anonymous_13)","decl":{"start":{"line":235,"column":31},"end":{"line":235,"column":34}},"loc":{"start":{"line":235,"column":37},"end":{"line":235,"column":67}}},"14":{"name":"(anonymous_14)","decl":{"start":{"line":248,"column":28},"end":{"line":248,"column":29}},"loc":{"start":{"line":248,"column":34},"end":{"line":251,"column":19}}},"15":{"name":"(anonymous_15)","decl":{"start":{"line":257,"column":30},"end":{"line":257,"column":31}},"loc":{"start":{"line":257,"column":37},"end":{"line":257,"column":66}}},"16":{"name":"(anonymous_16)","decl":{"start":{"line":280,"column":17},"end":{"line":280,"column":20}},"loc":{"start":{"line":280,"column":23},"end":{"line":280,"column":49}}},"17":{"name":"(anonymous_17)","decl":{"start":{"line":285,"column":17},"end":{"line":285,"column":20}},"loc":{"start":{"line":285,"column":23},"end":{"line":285,"column":50}}}},"branchMap":{"0":{"loc":{"start":{"line":56,"column":4},"end":{"line":56,"column":66}},"type":"cond-expr","locations":[{"start":{"line":56,"column":26},"end":{"line":56,"column":28}},{"start":{"line":56,"column":26},"end":{"line":56,"column":66}}]},"1":{"loc":{"start":{"line":56,"column":4},"end":{"line":56,"column":28}},"type":"binary-expr","locations":[{"start":{"line":56,"column":4},"end":{"line":56,"column":28}},{"start":{"line":56,"column":26},"end":{"line":56,"column":28}}]},"2":{"loc":{"start":{"line":64,"column":24},"end":{"line":64,"column":49}},"type":"binary-expr","locations":[{"start":{"line":64,"column":24},"end":{"line":64,"column":28}},{"start":{"line":64,"column":32},"end":{"line":64,"column":49}}]},"3":{"loc":{"start":{"line":65,"column":4},"end":{"line":65,"column":29}},"type":"if","locations":[{"start":{"line":65,"column":4},"end":{"line":65,"column":29}}]},"4":{"loc":{"start":{"line":80,"column":26},"end":{"line":86,"column":19}},"type":"cond-expr","locations":[{"start":{"line":81,"column":10},"end":{"line":81,"column":16}},{"start":{"line":82,"column":10},"end":{"line":86,"column":19}}]},"5":{"loc":{"start":{"line":82,"column":10},"end":{"line":86,"column":19}},"type":"cond-expr","locations":[{"start":{"line":83,"column":10},"end":{"line":83,"column":20}},{"start":{"line":84,"column":10},"end":{"line":86,"column":19}}]},"6":{"loc":{"start":{"line":84,"column":10},"end":{"line":86,"column":19}},"type":"cond-expr","locations":[{"start":{"line":85,"column":10},"end":{"line":85,"column":20}},{"start":{"line":86,"column":10},"end":{"line":86,"column":19}}]},"7":{"loc":{"start":{"line":84,"column":10},"end":{"line":84,"column":101}},"type":"binary-expr","locations":[{"start":{"line":84,"column":10},"end":{"line":84,"column":56}},{"start":{"line":84,"column":60},"end":{"line":84,"column":101}}]},"8":{"loc":{"start":{"line":100,"column":4},"end":{"line":112,"column":5}},"type":"switch","locations":[{"start":{"line":101,"column":6},"end":{"line":103,"column":14}},{"start":{"line":104,"column":6},"end":{"line":106,"column":14}},{"start":{"line":107,"column":6},"end":{"line":109,"column":14}},{"start":{"line":110,"column":6},"end":{"line":111,"column":14}}]},"9":{"loc":{"start":{"line":129,"column":10},"end":{"line":129,"column":28}},"type":"binary-expr","locations":[{"start":{"line":129,"column":10},"end":{"line":129,"column":16}},{"start":{"line":129,"column":20},"end":{"line":129,"column":28}}]},"10":{"loc":{"start":{"line":139,"column":7},"end":{"line":274,"column":null}},"type":"binary-expr","locations":[{"start":{"line":139,"column":7},"end":{"line":139,"column":13}},{"start":{"line":140,"column":8},"end":{"line":273,"column":null}}]},"11":{"loc":{"start":{"line":146,"column":12},"end":{"line":146,"column":71}},"type":"cond-expr","locations":[{"start":{"line":146,"column":26},"end":{"line":146,"column":32}},{"start":{"line":146,"column":35},"end":{"line":146,"column":71}}]},"12":{"loc":{"start":{"line":182,"column":11},"end":{"line":272,"column":null}},"type":"binary-expr","locations":[{"start":{"line":182,"column":11},"end":{"line":182,"column":23}},{"start":{"line":183,"column":12},"end":{"line":271,"column":null}}]},"13":{"loc":{"start":{"line":191,"column":22},"end":{"line":191,"column":79}},"type":"cond-expr","locations":[{"start":{"line":191,"column":48},"end":{"line":191,"column":61}},{"start":{"line":191,"column":64},"end":{"line":191,"column":79}}]},"14":{"loc":{"start":{"line":197,"column":24},"end":{"line":199,"column":88}},"type":"cond-expr","locations":[{"start":{"line":198,"column":28},"end":{"line":198,"column":78}},{"start":{"line":199,"column":28},"end":{"line":199,"column":88}}]},"15":{"loc":{"start":{"line":205,"column":24},"end":{"line":205,"column":104}},"type":"cond-expr","locations":[{"start":{"line":205,"column":50},"end":{"line":205,"column":78}},{"start":{"line":205,"column":81},"end":{"line":205,"column":104}}]},"16":{"loc":{"start":{"line":213,"column":17},"end":{"line":222,"column":null}},"type":"binary-expr","locations":[{"start":{"line":213,"column":17},"end":{"line":213,"column":25}},{"start":{"line":214,"column":18},"end":{"line":221,"column":null}}]}},"s":{"0":1,"1":1,"2":1,"3":1,"4":1,"5":1,"6":1,"7":1,"8":1,"9":1,"10":1,"11":1,"12":1,"13":1,"14":1,"15":1,"16":1,"17":1,"18":1,"19":1,"20":1,"21":1,"22":0,"23":0,"24":0,"25":0,"26":0,"27":0,"28":0,"29":0,"30":0,"31":0,"32":0,"33":0,"34":0,"35":0,"36":1,"37":0,"38":0,"39":0,"40":0,"41":0,"42":0,"43":0,"44":0,"45":1,"46":0,"47":0,"48":0,"49":0,"50":0,"51":0,"52":0,"53":0,"54":0,"55":0,"56":0,"57":0,"58":0,"59":1},"f":{"0":1,"1":1,"2":1,"3":0,"4":0,"5":0,"6":0,"7":0,"8":0,"9":0,"10":0,"11":0,"12":0,"13":0,"14":0,"15":0,"16":0,"17":0},"b":{"0":[1,0],"1":[1,0],"2":[0,0],"3":[0],"4":[0,0],"5":[0,0],"6":[0,0],"7":[0,0],"8":[0,0,0,0],"9":[1,0],"10":[1,0],"11":[0,0],"12":[0,0],"13":[0,0],"14":[0,0],"15":[0,0],"16":[0,0]}}
,"C:\\Users\\wwwna\\OneDrive\\Desktop\\healthify\\healthbloom-care\\src\\components\\DetailDialog.tsx": {"path":"C:\\Users\\wwwna\\OneDrive\\Desktop\\healthify\\healthbloom-care\\src\\components\\DetailDialog.tsx","statementMap":{"0":{"start":{"line":1,"column":0},"end":{"line":1,"column":null}},"1":{"start":{"line":20,"column":28},"end":{"line":52,"column":1}},"2":{"start":{"line":28,"column":2},"end":{"line":51,"column":4}},"3":{"start":{"line":20,"column":13},"end":{"line":20,"column":28}}},"fnMap":{"0":{"name":"(anonymous_0)","decl":{"start":{"line":20,"column":28},"end":{"line":20,"column":29}},"loc":{"start":{"line":27,"column":24},"end":{"line":52,"column":1}}}},"branchMap":{"0":{"loc":{"start":{"line":35,"column":11},"end":{"line":38,"column":null}},"type":"binary-expr","locations":[{"start":{"line":35,"column":11},"end":{"line":35,"column":22}},{"start":{"line":36,"column":12},"end":{"line":37,"column":null}}]},"1":{"loc":{"start":{"line":44,"column":9},"end":{"line":47,"column":null}},"type":"binary-expr","locations":[{"start":{"line":44,"column":9},"end":{"line":44,"column":16}},{"start":{"line":45,"column":10},"end":{"line":46,"column":null}}]}},"s":{"0":1,"1":1,"2":0,"3":1},"f":{"0":0},"b":{"0":[0,0],"1":[0,0]}}
,"C:\\Users\\wwwna\\OneDrive\\Desktop\\healthify\\healthbloom-care\\src\\components\\layout\\Navbar.tsx": {"path":"C:\\Users\\wwwna\\OneDrive\\Desktop\\healthify\\healthbloom-care\\src\\components\\layout\\Navbar.tsx","statementMap":{"0":{"start":{"line":1,"column":0},"end":{"line":1,"column":44}},"1":{"start":{"line":2,"column":0},"end":{"line":2,"column":48}},"2":{"start":{"line":3,"column":0},"end":{"line":3,"column":66}},"3":{"start":{"line":4,"column":0},"end":{"line":4,"column":33}},"4":{"start":{"line":5,"column":0},"end":{"line":5,"column":64}},"5":{"start":{"line":6,"column":0},"end":{"line":6,"column":76}},"6":{"start":{"line":8,"column":17},"end":{"line":22,"column":2}},"7":{"start":{"line":24,"column":22},"end":{"line":182,"column":1}},"8":{"start":{"line":25,"column":38},"end":{"line":25,"column":53}},"9":{"start":{"line":26,"column":50},"end":{"line":26,"column":65}},"10":{"start":{"line":27,"column":46},"end":{"line":27,"column":75}},"11":{"start":{"line":28,"column":50},"end":{"line":28,"column":65}},"12":{"start":{"line":29,"column":62},"end":{"line":29,"column":77}},"13":{"start":{"line":31,"column":2},"end":{"line":37,"column":9}},"14":{"start":{"line":32,"column":25},"end":{"line":34,"column":5}},"15":{"start":{"line":33,"column":6},"end":{"line":33,"column":41}},"16":{"start":{"line":35,"column":4},"end":{"line":35,"column":52}},"17":{"start":{"line":36,"column":4},"end":{"line":36,"column":68}},"18":{"start":{"line":36,"column":17},"end":{"line":36,"column":67}},"19":{"start":{"line":39,"column":2},"end":{"line":181,"column":4}},"20":{"start":{"line":66,"column":12},"end":{"line":67,"column":null}},"21":{"start":{"line":69,"column":34},"end":{"line":69,"column":79}},"22":{"start":{"line":70,"column":34},"end":{"line":70,"column":57}},"23":{"start":{"line":88,"column":22},"end":{"line":89,"column":null}},"24":{"start":{"line":112,"column":61},"end":{"line":112,"column":92}},"25":{"start":{"line":115,"column":61},"end":{"line":115,"column":86}},"26":{"start":{"line":123,"column":25},"end":{"line":123,"column":63}},"27":{"start":{"line":135,"column":14},"end":{"line":135,"column":null}},"28":{"start":{"line":139,"column":33},"end":{"line":139,"column":59}},"29":{"start":{"line":146,"column":22},"end":{"line":147,"column":null}},"30":{"start":{"line":150,"column":39},"end":{"line":150,"column":65}},"31":{"start":{"line":160,"column":76},"end":{"line":160,"column":108}},"32":{"start":{"line":160,"column":109},"end":{"line":160,"column":136}},"33":{"start":{"line":163,"column":76},"end":{"line":163,"column":102}},"34":{"start":{"line":163,"column":103},"end":{"line":163,"column":130}},"35":{"start":{"line":174,"column":23},"end":{"line":174,"column":49}},"36":{"start":{"line":178,"column":23},"end":{"line":178,"column":55}},"37":{"start":{"line":24,"column":13},"end":{"line":24,"column":22}}},"fnMap":{"0":{"name":"(anonymous_0)","decl":{"start":{"line":24,"column":22},"end":{"line":24,"column":25}},"loc":{"start":{"line":24,"column":27},"end":{"line":182,"column":1}}},"1":{"name":"(anonymous_1)","decl":{"start":{"line":31,"column":12},"end":{"line":31,"column":15}},"loc":{"start":{"line":31,"column":17},"end":{"line":37,"column":3}}},"2":{"name":"(anonymous_2)","decl":{"start":{"line":32,"column":25},"end":{"line":32,"column":28}},"loc":{"start":{"line":32,"column":30},"end":{"line":34,"column":5}}},"3":{"name":"(anonymous_3)","decl":{"start":{"line":36,"column":11},"end":{"line":36,"column":14}},"loc":{"start":{"line":36,"column":17},"end":{"line":36,"column":67}}},"4":{"name":"(anonymous_4)","decl":{"start":{"line":65,"column":24},"end":{"line":65,"column":25}},"loc":{"start":{"line":66,"column":12},"end":{"line":67,"column":null}}},"5":{"name":"(anonymous_5)","decl":{"start":{"line":69,"column":28},"end":{"line":69,"column":31}},"loc":{"start":{"line":69,"column":34},"end":{"line":69,"column":79}}},"6":{"name":"(anonymous_6)","decl":{"start":{"line":70,"column":28},"end":{"line":70,"column":31}},"loc":{"start":{"line":70,"column":34},"end":{"line":70,"column":57}}},"7":{"name":"(anonymous_7)","decl":{"start":{"line":87,"column":39},"end":{"line":87,"column":40}},"loc":{"start":{"line":88,"column":22},"end":{"line":89,"column":null}}},"8":{"name":"(anonymous_8)","decl":{"start":{"line":112,"column":55},"end":{"line":112,"column":58}},"loc":{"start":{"line":112,"column":61},"end":{"line":112,"column":92}}},"9":{"name":"(anonymous_9)","decl":{"start":{"line":115,"column":55},"end":{"line":115,"column":58}},"loc":{"start":{"line":115,"column":61},"end":{"line":115,"column":86}}},"10":{"name":"(anonymous_10)","decl":{"start":{"line":123,"column":19},"end":{"line":123,"column":22}},"loc":{"start":{"line":123,"column":25},"end":{"line":123,"column":63}}},"11":{"name":"(anonymous_11)","decl":{"start":{"line":134,"column":26},"end":{"line":134,"column":27}},"loc":{"start":{"line":135,"column":14},"end":{"line":135,"column":null}}},"12":{"name":"(anonymous_12)","decl":{"start":{"line":139,"column":27},"end":{"line":139,"column":30}},"loc":{"start":{"line":139,"column":33},"end":{"line":139,"column":59}}},"13":{"name":"(anonymous_13)","decl":{"start":{"line":145,"column":39},"end":{"line":145,"column":40}},"loc":{"start":{"line":146,"column":22},"end":{"line":147,"column":null}}},"14":{"name":"(anonymous_14)","decl":{"start":{"line":150,"column":33},"end":{"line":150,"column":36}},"loc":{"start":{"line":150,"column":39},"end":{"line":150,"column":65}}},"15":{"name":"(anonymous_15)","decl":{"start":{"line":160,"column":68},"end":{"line":160,"column":71}},"loc":{"start":{"line":160,"column":73},"end":{"line":160,"column":138}}},"16":{"name":"(anonymous_16)","decl":{"start":{"line":163,"column":68},"end":{"line":163,"column":71}},"loc":{"start":{"line":163,"column":73},"end":{"line":163,"column":132}}},"17":{"name":"(anonymous_17)","decl":{"start":{"line":174,"column":17},"end":{"line":174,"column":20}},"loc":{"start":{"line":174,"column":23},"end":{"line":174,"column":49}}},"18":{"name":"(anonymous_18)","decl":{"start":{"line":178,"column":17},"end":{"line":178,"column":20}},"loc":{"start":{"line":178,"column":23},"end":{"line":178,"column":55}}}},"branchMap":{"0":{"loc":{"start":{"line":43,"column":8},"end":{"line":45,"column":33}},"type":"cond-expr","locations":[{"start":{"line":44,"column":12},"end":{"line":44,"column":56}},{"start":{"line":45,"column":12},"end":{"line":45,"column":33}}]},"1":{"loc":{"start":{"line":69,"column":34},"end":{"line":69,"column":79}},"type":"binary-expr","locations":[{"start":{"line":69,"column":34},"end":{"line":69,"column":47}},{"start":{"line":69,"column":51},"end":{"line":69,"column":79}}]},"2":{"loc":{"start":{"line":80,"column":17},"end":{"line":80,"column":69}},"type":"binary-expr","locations":[{"start":{"line":80,"column":17},"end":{"line":80,"column":30}},{"start":{"line":80,"column":34},"end":{"line":80,"column":69}}]},"3":{"loc":{"start":{"line":84,"column":15},"end":{"line":97,"column":null}},"type":"binary-expr","locations":[{"start":{"line":84,"column":15},"end":{"line":84,"column":28}},{"start":{"line":84,"column":32},"end":{"line":84,"column":60}},{"start":{"line":85,"column":16},"end":{"line":96,"column":null}}]},"4":{"loc":{"start":{"line":124,"column":22},"end":{"line":124,"column":67}},"type":"cond-expr","locations":[{"start":{"line":124,"column":41},"end":{"line":124,"column":53}},{"start":{"line":124,"column":56},"end":{"line":124,"column":67}}]},"5":{"loc":{"start":{"line":126,"column":11},"end":{"line":126,"column":86}},"type":"cond-expr","locations":[{"start":{"line":126,"column":30},"end":{"line":126,"column":55}},{"start":{"line":126,"column":58},"end":{"line":126,"column":86}}]},"6":{"loc":{"start":{"line":131,"column":7},"end":{"line":168,"column":null}},"type":"binary-expr","locations":[{"start":{"line":131,"column":7},"end":{"line":131,"column":23}},{"start":{"line":132,"column":8},"end":{"line":167,"column":null}}]},"7":{"loc":{"start":{"line":143,"column":17},"end":{"line":155,"column":null}},"type":"binary-expr","locations":[{"start":{"line":143,"column":17},"end":{"line":143,"column":30}},{"start":{"line":144,"column":18},"end":{"line":154,"column":null}}]}},"s":{"0":2,"1":2,"2":2,"3":2,"4":2,"5":2,"6":2,"7":2,"8":4,"9":4,"10":4,"11":4,"12":4,"13":4,"14":3,"15":0,"16":3,"17":3,"18":3,"19":4,"20":20,"21":0,"22":0,"23":0,"24":0,"25":0,"26":1,"27":5,"28":0,"29":3,"30":0,"31":0,"32":0,"33":0,"34":0,"35":0,"36":0,"37":2},"f":{"0":4,"1":3,"2":0,"3":3,"4":20,"5":0,"6":0,"7":0,"8":0,"9":0,"10":1,"11":5,"12":0,"13":3,"14":0,"15":0,"16":0,"17":0,"18":0},"b":{"0":[0,4],"1":[0,0],"2":[20,4],"3":[20,4,0],"4":[1,3],"5":[1,3],"6":[4,1],"7":[5,1]}}
,"C:\\Users\\wwwna\\OneDrive\\Desktop\\healthify\\healthbloom-care\\src\\components\\modals\\BookingModal.tsx": {"path":"C:\\Users\\wwwna\\OneDrive\\Desktop\\healthify\\healthbloom-care\\src\\components\\modals\\BookingModal.tsx","statementMap":{"0":{"start":{"line":1,"column":0},"end":{"line":1,"column":44}},"1":{"start":{"line":2,"column":0},"end":{"line":2,"column":78}},"2":{"start":{"line":3,"column":0},"end":{"line":3,"column":97}},"3":{"start":{"line":4,"column":0},"end":{"line":4,"column":48}},"4":{"start":{"line":5,"column":0},"end":{"line":5,"column":46}},"5":{"start":{"line":6,"column":0},"end":{"line":6,"column":46}},"6":{"start":{"line":7,"column":0},"end":{"line":7,"column":52}},"7":{"start":{"line":8,"column":0},"end":{"line":8,"column":90}},"8":{"start":{"line":9,"column":0},"end":{"line":9,"column":103}},"9":{"start":{"line":10,"column":0},"end":{"line":10,"column":57}},"10":{"start":{"line":11,"column":0},"end":{"line":11,"column":46}},"11":{"start":{"line":12,"column":0},"end":{"line":12,"column":31}},"12":{"start":{"line":13,"column":0},"end":{"line":13,"column":33}},"13":{"start":{"line":33,"column":28},"end":{"line":354,"column":1}},"14":{"start":{"line":34,"column":46},"end":{"line":34,"column":96}},"15":{"start":{"line":35,"column":42},"end":{"line":35,"column":62}},"16":{"start":{"line":36,"column":42},"end":{"line":36,"column":62}},"17":{"start":{"line":37,"column":34},"end":{"line":42,"column":4}},"18":{"start":{"line":43,"column":26},"end":{"line":43,"column":93}},"19":{"start":{"line":45,"column":22},"end":{"line":45,"column":38}},"20":{"start":{"line":48,"column":44},"end":{"line":54,"column":4}},"21":{"start":{"line":50,"column":24},"end":{"line":53,"column":null}},"22":{"start":{"line":51,"column":23},"end":{"line":51,"column":50}},"23":{"start":{"line":52,"column":6},"end":{"line":52,"column":29}},"24":{"start":{"line":57,"column":34},"end":{"line":76,"column":4}},"25":{"start":{"line":58,"column":36},"end":{"line":66,"column":null}},"26":{"start":{"line":59,"column":23},"end":{"line":63,"column":8}},"27":{"start":{"line":64,"column":6},"end":{"line":64,"column":70}},"28":{"start":{"line":64,"column":24},"end":{"line":64,"column":70}},"29":{"start":{"line":65,"column":6},"end":{"line":65,"column":29}},"30":{"start":{"line":68,"column":6},"end":{"line":68,"column":56}},"31":{"start":{"line":69,"column":6},"end":{"line":69,"column":30}},"32":{"start":{"line":70,"column":6},"end":{"line":70,"column":63}},"33":{"start":{"line":73,"column":6},"end":{"line":73,"column":67}},"34":{"start":{"line":74,"column":6},"end":{"line":74,"column":45}},"35":{"start":{"line":78,"column":2},"end":{"line":83,"column":26}},"36":{"start":{"line":79,"column":4},"end":{"line":82,"column":5}},"37":{"start":{"line":80,"column":6},"end":{"line":80,"column":43}},"38":{"start":{"line":81,"column":6},"end":{"line":81,"column":26}},"39":{"start":{"line":85,"column":29},"end":{"line":88,"column":3}},"40":{"start":{"line":86,"column":4},"end":{"line":86,"column":30}},"41":{"start":{"line":87,"column":4},"end":{"line":87,"column":24}},"42":{"start":{"line":90,"column":31},"end":{"line":96,"column":3}},"43":{"start":{"line":91,"column":4},"end":{"line":94,"column":5}},"44":{"start":{"line":92,"column":6},"end":{"line":92,"column":54}},"45":{"start":{"line":93,"column":6},"end":{"line":93,"column":13}},"46":{"start":{"line":95,"column":4},"end":{"line":95,"column":20}},"47":{"start":{"line":98,"column":27},"end":{"line":114,"column":3}},"48":{"start":{"line":99,"column":4},"end":{"line":99,"column":23}},"49":{"start":{"line":100,"column":4},"end":{"line":103,"column":5}},"50":{"start":{"line":101,"column":6},"end":{"line":101,"column":56}},"51":{"start":{"line":102,"column":6},"end":{"line":102,"column":13}},"52":{"start":{"line":105,"column":4},"end":{"line":113,"column":7}},"53":{"start":{"line":116,"column":21},"end":{"line":122,"column":3}},"54":{"start":{"line":117,"column":4},"end":{"line":117,"column":28}},"55":{"start":{"line":118,"column":4},"end":{"line":118,"column":24}},"56":{"start":{"line":119,"column":4},"end":{"line":119,"column":24}},"57":{"start":{"line":120,"column":4},"end":{"line":120,"column":66}},"58":{"start":{"line":121,"column":4},"end":{"line":121,"column":22}},"59":{"start":{"line":124,"column":22},"end":{"line":127,"column":3}},"60":{"start":{"line":125,"column":4},"end":{"line":125,"column":17}},"61":{"start":{"line":126,"column":4},"end":{"line":126,"column":14}},"62":{"start":{"line":129,"column":25},"end":{"line":134,"column":4}},"63":{"start":{"line":136,"column":2},"end":{"line":353,"column":4}},"64":{"start":{"line":154,"column":12},"end":{"line":154,"column":29}},"65":{"start":{"line":182,"column":18},"end":{"line":183,"column":null}},"66":{"start":{"line":188,"column":35},"end":{"line":188,"column":61}},"67":{"start":{"line":231,"column":22},"end":{"line":231,"column":51}},"68":{"start":{"line":243,"column":20},"end":{"line":244,"column":null}},"69":{"start":{"line":247,"column":37},"end":{"line":247,"column":58}},"70":{"start":{"line":258,"column":55},"end":{"line":258,"column":72}},"71":{"start":{"line":281,"column":35},"end":{"line":281,"column":91}},"72":{"start":{"line":281,"column":55},"end":{"line":281,"column":90}},"73":{"start":{"line":291,"column":35},"end":{"line":291,"column":92}},"74":{"start":{"line":291,"column":55},"end":{"line":291,"column":91}},"75":{"start":{"line":300,"column":35},"end":{"line":300,"column":92}},"76":{"start":{"line":300,"column":55},"end":{"line":300,"column":91}},"77":{"start":{"line":311,"column":33},"end":{"line":311,"column":93}},"78":{"start":{"line":311,"column":53},"end":{"line":311,"column":92}},"79":{"start":{"line":318,"column":69},"end":{"line":318,"column":88}},"80":{"start":{"line":33,"column":13},"end":{"line":33,"column":28}}},"fnMap":{"0":{"name":"(anonymous_7)","decl":{"start":{"line":33,"column":28},"end":{"line":33,"column":29}},"loc":{"start":{"line":33,"column":90},"end":{"line":354,"column":1}}},"1":{"name":"(anonymous_8)","decl":{"start":{"line":50,"column":13},"end":{"line":50,"column":22}},"loc":{"start":{"line":50,"column":24},"end":{"line":53,"column":null}}},"2":{"name":"(anonymous_9)","decl":{"start":{"line":50,"column":24},"end":{"line":50,"column":null}},"loc":{"start":{"line":50,"column":24},"end":{"line":53,"column":5}}},"3":{"name":"(anonymous_10)","decl":{"start":{"line":58,"column":16},"end":{"line":58,"column":23}},"loc":{"start":{"line":58,"column":36},"end":{"line":66,"column":null}}},"4":{"name":"(anonymous_11)","decl":{"start":{"line":58,"column":36},"end":{"line":58,"column":null}},"loc":{"start":{"line":58,"column":36},"end":{"line":66,"column":5}}},"5":{"name":"(anonymous_12)","decl":{"start":{"line":67,"column":15},"end":{"line":67,"column":16}},"loc":{"start":{"line":67,"column":24},"end":{"line":71,"column":5}}},"6":{"name":"(anonymous_13)","decl":{"start":{"line":72,"column":13},"end":{"line":72,"column":14}},"loc":{"start":{"line":72,"column":23},"end":{"line":75,"column":5}}},"7":{"name":"(anonymous_14)","decl":{"start":{"line":78,"column":12},"end":{"line":78,"column":15}},"loc":{"start":{"line":78,"column":17},"end":{"line":83,"column":3}}},"8":{"name":"(anonymous_15)","decl":{"start":{"line":85,"column":29},"end":{"line":85,"column":30}},"loc":{"start":{"line":85,"column":48},"end":{"line":88,"column":3}}},"9":{"name":"(anonymous_16)","decl":{"start":{"line":90,"column":31},"end":{"line":90,"column":34}},"loc":{"start":{"line":90,"column":36},"end":{"line":96,"column":3}}},"10":{"name":"(anonymous_17)","decl":{"start":{"line":98,"column":27},"end":{"line":98,"column":28}},"loc":{"start":{"line":98,"column":50},"end":{"line":114,"column":3}}},"11":{"name":"(anonymous_18)","decl":{"start":{"line":116,"column":21},"end":{"line":116,"column":24}},"loc":{"start":{"line":116,"column":26},"end":{"line":122,"column":3}}},"12":{"name":"(anonymous_19)","decl":{"start":{"line":124,"column":22},"end":{"line":124,"column":25}},"loc":{"start":{"line":124,"column":27},"end":{"line":127,"column":3}}},"13":{"name":"(anonymous_20)","decl":{"start":{"line":153,"column":16},"end":{"line":153,"column":17}},"loc":{"start":{"line":154,"column":12},"end":{"line":154,"column":29}}},"14":{"name":"(anonymous_21)","decl":{"start":{"line":181,"column":29},"end":{"line":181,"column":30}},"loc":{"start":{"line":182,"column":18},"end":{"line":183,"column":null}}},"15":{"name":"(anonymous_22)","decl":{"start":{"line":188,"column":29},"end":{"line":188,"column":32}},"loc":{"start":{"line":188,"column":35},"end":{"line":188,"column":61}}},"16":{"name":"(anonymous_23)","decl":{"start":{"line":230,"column":40},"end":{"line":230,"column":41}},"loc":{"start":{"line":231,"column":22},"end":{"line":231,"column":51}}},"17":{"name":"(anonymous_24)","decl":{"start":{"line":242,"column":44},"end":{"line":242,"column":45}},"loc":{"start":{"line":243,"column":20},"end":{"line":244,"column":null}}},"18":{"name":"(anonymous_25)","decl":{"start":{"line":247,"column":31},"end":{"line":247,"column":34}},"loc":{"start":{"line":247,"column":37},"end":{"line":247,"column":58}}},"19":{"name":"(anonymous_26)","decl":{"start":{"line":258,"column":49},"end":{"line":258,"column":52}},"loc":{"start":{"line":258,"column":55},"end":{"line":258,"column":72}}},"20":{"name":"(anonymous_27)","decl":{"start":{"line":281,"column":28},"end":{"line":281,"column":29}},"loc":{"start":{"line":281,"column":35},"end":{"line":281,"column":91}}},"21":{"name":"(anonymous_28)","decl":{"start":{"line":281,"column":47},"end":{"line":281,"column":51}},"loc":{"start":{"line":281,"column":55},"end":{"line":281,"column":90}}},"22":{"name":"(anonymous_29)","decl":{"start":{"line":291,"column":28},"end":{"line":291,"column":29}},"loc":{"start":{"line":291,"column":35},"end":{"line":291,"column":92}}},"23":{"name":"(anonymous_30)","decl":{"start":{"line":291,"column":47},"end":{"line":291,"column":51}},"loc":{"start":{"line":291,"column":55},"end":{"line":291,"column":91}}},"24":{"name":"(anonymous_31)","decl":{"start":{"line":300,"column":28},"end":{"line":300,"column":29}},"loc":{"start":{"line":300,"column":35},"end":{"line":300,"column":92}}},"25":{"name":"(anonymous_32)","decl":{"start":{"line":300,"column":47},"end":{"line":300,"column":51}},"loc":{"start":{"line":300,"column":55},"end":{"line":300,"column":91}}},"26":{"name":"(anonymous_33)","decl":{"start":{"line":311,"column":26},"end":{"line":311,"column":27}},"loc":{"start":{"line":311,"column":33},"end":{"line":311,"column":93}}},"27":{"name":"(anonymous_34)","decl":{"start":{"line":311,"column":45},"end":{"line":311,"column":49}},"loc":{"start":{"line":311,"column":53},"end":{"line":311,"column":92}}},"28":{"name":"(anonymous_35)","decl":{"start":{"line":318,"column":63},"end":{"line":318,"column":66}},"loc":{"start":{"line":318,"column":69},"end":{"line":318,"column":88}}}},"branchMap":{"0":{"loc":{"start":{"line":34,"column":70},"end":{"line":34,"column":95}},"type":"binary-expr","locations":[{"start":{"line":34,"column":70},"end":{"line":34,"column":87}},{"start":{"line":34,"column":91},"end":{"line":34,"column":95}}]},"1":{"loc":{"start":{"line":48,"column":16},"end":{"line":48,"column":28}},"type":"default-arg","locations":[{"start":{"line":48,"column":26},"end":{"line":48,"column":28}}]},"2":{"loc":{"start":{"line":64,"column":6},"end":{"line":64,"column":70}},"type":"if","locations":[{"start":{"line":64,"column":6},"end":{"line":64,"column":70}}]},"3":{"loc":{"start":{"line":79,"column":4},"end":{"line":82,"column":5}},"type":"if","locations":[{"start":{"line":79,"column":4},"end":{"line":82,"column":5}}]},"4":{"loc":{"start":{"line":91,"column":4},"end":{"line":94,"column":5}},"type":"if","locations":[{"start":{"line":91,"column":4},"end":{"line":94,"column":5}}]},"5":{"loc":{"start":{"line":91,"column":8},"end":{"line":91,"column":38}},"type":"binary-expr","locations":[{"start":{"line":91,"column":8},"end":{"line":91,"column":21}},{"start":{"line":91,"column":25},"end":{"line":91,"column":38}}]},"6":{"loc":{"start":{"line":100,"column":4},"end":{"line":103,"column":5}},"type":"if","locations":[{"start":{"line":100,"column":4},"end":{"line":103,"column":5}}]},"7":{"loc":{"start":{"line":100,"column":8},"end":{"line":100,"column":79}},"type":"binary-expr","locations":[{"start":{"line":100,"column":8},"end":{"line":100,"column":23}},{"start":{"line":100,"column":27},"end":{"line":100,"column":41}},{"start":{"line":100,"column":45},"end":{"line":100,"column":60}},{"start":{"line":100,"column":64},"end":{"line":100,"column":79}}]},"8":{"loc":{"start":{"line":157,"column":16},"end":{"line":159,"column":48}},"type":"cond-expr","locations":[{"start":{"line":157,"column":33},"end":{"line":157,"column":69}},{"start":{"line":158,"column":16},"end":{"line":159,"column":48}}]},"9":{"loc":{"start":{"line":158,"column":16},"end":{"line":159,"column":48}},"type":"cond-expr","locations":[{"start":{"line":158,"column":87},"end":{"line":158,"column":121}},{"start":{"line":159,"column":16},"end":{"line":159,"column":48}}]},"10":{"loc":{"start":{"line":165,"column":16},"end":{"line":165,"column":85}},"type":"cond-expr","locations":[{"start":{"line":165,"column":33},"end":{"line":165,"column":59}},{"start":{"line":165,"column":62},"end":{"line":165,"column":85}}]},"11":{"loc":{"start":{"line":174,"column":9},"end":{"line":212,"column":null}},"type":"binary-expr","locations":[{"start":{"line":174,"column":9},"end":{"line":174,"column":26}},{"start":{"line":175,"column":10},"end":{"line":211,"column":null}}]},"12":{"loc":{"start":{"line":177,"column":13},"end":{"line":210,"column":null}},"type":"cond-expr","locations":[{"start":{"line":178,"column":14},"end":{"line":178,"column":72}},{"start":{"line":180,"column":14},"end":{"line":209,"column":null}}]},"13":{"loc":{"start":{"line":186,"column":22},"end":{"line":186,"column":79}},"type":"binary-expr","locations":[{"start":{"line":186,"column":22},"end":{"line":186,"column":54}},{"start":{"line":186,"column":58},"end":{"line":186,"column":79}}]},"14":{"loc":{"start":{"line":186,"column":22},"end":{"line":186,"column":40}},"type":"cond-expr","locations":[{"start":{"line":186,"column":36},"end":{"line":186,"column":38}},{"start":{"line":186,"column":22},"end":{"line":186,"column":40}}]},"15":{"loc":{"start":{"line":186,"column":22},"end":{"line":186,"column":38}},"type":"binary-expr","locations":[{"start":{"line":186,"column":22},"end":{"line":186,"column":38}},{"start":{"line":186,"column":22},"end":{"line":186,"column":38}}]},"16":{"loc":{"start":{"line":202,"column":42},"end":{"line":202,"column":105}},"type":"cond-expr","locations":[{"start":{"line":202,"column":82},"end":{"line":202,"column":91}},{"start":{"line":202,"column":94},"end":{"line":202,"column":105}}]},"17":{"loc":{"start":{"line":215,"column":9},"end":{"line":265,"column":null}},"type":"binary-expr","locations":[{"start":{"line":215,"column":9},"end":{"line":215,"column":28}},{"start":{"line":215,"column":32},"end":{"line":215,"column":46}},{"start":{"line":216,"column":10},"end":{"line":264,"column":null}}]},"18":{"loc":{"start":{"line":245,"column":31},"end":{"line":245,"column":76}},"type":"cond-expr","locations":[{"start":{"line":245,"column":55},"end":{"line":245,"column":64}},{"start":{"line":245,"column":67},"end":{"line":245,"column":76}}]},"19":{"loc":{"start":{"line":268,"column":9},"end":{"line":325,"column":null}},"type":"binary-expr","locations":[{"start":{"line":268,"column":9},"end":{"line":268,"column":24}},{"start":{"line":268,"column":28},"end":{"line":268,"column":42}},{"start":{"line":269,"column":10},"end":{"line":324,"column":null}}]},"20":{"loc":{"start":{"line":322,"column":17},"end":{"line":322,"column":86}},"type":"cond-expr","locations":[{"start":{"line":322,"column":53},"end":{"line":322,"column":65}},{"start":{"line":322,"column":68},"end":{"line":322,"column":86}}]},"21":{"loc":{"start":{"line":328,"column":9},"end":{"line":349,"column":null}},"type":"binary-expr","locations":[{"start":{"line":328,"column":9},"end":{"line":328,"column":32}},{"start":{"line":329,"column":10},"end":{"line":348,"column":null}}]},"22":{"loc":{"start":{"line":341,"column":43},"end":{"line":341,"column":63}},"type":"cond-expr","locations":[{"start":{"line":341,"column":57},"end":{"line":341,"column":59}},{"start":{"line":341,"column":43},"end":{"line":341,"column":63}}]},"23":{"loc":{"start":{"line":341,"column":43},"end":{"line":341,"column":59}},"type":"binary-expr","locations":[{"start":{"line":341,"column":43},"end":{"line":341,"column":59}},{"start":{"line":341,"column":43},"end":{"line":341,"column":59}}]}},"s":{"0":3,"1":3,"2":3,"3":3,"4":3,"5":3,"6":3,"7":3,"8":3,"9":3,"10":3,"11":3,"12":3,"13":3,"14":11,"15":11,"16":11,"17":11,"18":11,"19":11,"20":11,"21":4,"22":4,"23":4,"24":11,"25":0,"26":0,"27":0,"28":0,"29":0,"30":0,"31":0,"32":0,"33":0,"34":0,"35":11,"36":8,"37":0,"38":0,"39":11,"40":1,"41":1,"42":11,"43":0,"44":0,"45":0,"46":0,"47":11,"48":0,"49":0,"50":0,"51":0,"52":0,"53":11,"54":0,"55":0,"56":0,"57":0,"58":0,"59":11,"60":0,"61":0,"62":11,"63":11,"64":44,"65":1,"66":1,"67":4,"68":1,"69":0,"70":0,"71":0,"72":0,"73":0,"74":0,"75":0,"76":0,"77":0,"78":0,"79":0,"80":3},"f":{"0":11,"1":4,"2":4,"3":0,"4":0,"5":0,"6":0,"7":8,"8":1,"9":0,"10":0,"11":0,"12":0,"13":44,"14":1,"15":1,"16":4,"17":1,"18":0,"19":0,"20":0,"21":0,"22":0,"23":0,"24":0,"25":0,"26":0,"27":0,"28":0},"b":{"0":[11,11],"1":[9],"2":[0],"3":[0],"4":[0],"5":[0,0],"6":[0],"7":[0,0,0,0],"8":[11,33],"9":[1,32],"10":[11,33],"11":[11,10],"12":[9,1],"13":[1,0],"14":[1,0],"15":[1,0],"16":[1,0],"17":[11,1,1],"18":[0,1],"19":[11,0,0],"20":[0,0],"21":[11,0],"22":[0,0],"23":[0,0]}}
,"C:\\Users\\wwwna\\OneDrive\\Desktop\\healthify\\healthbloom-care\\src\\components\\modals\\PatientPortalModal.tsx": {"path":"C:\\Users\\wwwna\\OneDrive\\Desktop\\healthify\\healthbloom-care\\src\\components\\modals\\PatientPortalModal.tsx","statementMap":{"0":{"start":{"line":1,"column":0},"end":{"line":1,"column":33}},"1":{"start":{"line":2,"column":0},"end":{"line":2,"column":94}},"2":{"start":{"line":3,"column":0},"end":{"line":3,"column":48}},"3":{"start":{"line":4,"column":0},"end":{"line":4,"column":46}},"4":{"start":{"line":5,"column":0},"end":{"line":5,"column":46}},"5":{"start":{"line":6,"column":0},"end":{"line":6,"column":90}},"6":{"start":{"line":7,"column":0},"end":{"line":7,"column":80}},"7":{"start":{"line":8,"column":0},"end":{"line":8,"column":80}},"8":{"start":{"line":9,"column":0},"end":{"line":9,"column":31}},"9":{"start":{"line":16,"column":34},"end":{"line":211,"column":1}},"10":{"start":{"line":17,"column":38},"end":{"line":17,"column":53}},"11":{"start":{"line":18,"column":36},"end":{"line":18,"column":73}},"12":{"start":{"line":19,"column":36},"end":{"line":19,"column":53}},"13":{"start":{"line":21,"column":22},"end":{"line":30,"column":3}},"14":{"start":{"line":22,"column":4},"end":{"line":22,"column":23}},"15":{"start":{"line":23,"column":4},"end":{"line":26,"column":5}},"16":{"start":{"line":24,"column":6},"end":{"line":24,"column":47}},"17":{"start":{"line":25,"column":6},"end":{"line":25,"column":13}},"18":{"start":{"line":28,"column":4},"end":{"line":28,"column":24}},"19":{"start":{"line":29,"column":4},"end":{"line":29,"column":45}},"20":{"start":{"line":32,"column":23},"end":{"line":36,"column":3}},"21":{"start":{"line":33,"column":4},"end":{"line":33,"column":25}},"22":{"start":{"line":34,"column":4},"end":{"line":34,"column":46}},"23":{"start":{"line":35,"column":4},"end":{"line":35,"column":26}},"24":{"start":{"line":38,"column":21},"end":{"line":42,"column":3}},"25":{"start":{"line":39,"column":4},"end":{"line":39,"column":25}},"26":{"start":{"line":40,"column":4},"end":{"line":40,"column":46}},"27":{"start":{"line":41,"column":4},"end":{"line":41,"column":26}},"28":{"start":{"line":44,"column":22},"end":{"line":47,"column":3}},"29":{"start":{"line":45,"column":4},"end":{"line":45,"column":17}},"30":{"start":{"line":46,"column":4},"end":{"line":46,"column":14}},"31":{"start":{"line":49,"column":2},"end":{"line":210,"column":4}},"32":{"start":{"line":74,"column":37},"end":{"line":74,"column":95}},"33":{"start":{"line":74,"column":58},"end":{"line":74,"column":94}},"34":{"start":{"line":84,"column":37},"end":{"line":84,"column":98}},"35":{"start":{"line":84,"column":58},"end":{"line":84,"column":97}},"36":{"start":{"line":16,"column":13},"end":{"line":16,"column":34}}},"fnMap":{"0":{"name":"(anonymous_0)","decl":{"start":{"line":16,"column":34},"end":{"line":16,"column":35}},"loc":{"start":{"line":16,"column":83},"end":{"line":211,"column":1}}},"1":{"name":"(anonymous_1)","decl":{"start":{"line":21,"column":22},"end":{"line":21,"column":23}},"loc":{"start":{"line":21,"column":45},"end":{"line":30,"column":3}}},"2":{"name":"(anonymous_2)","decl":{"start":{"line":32,"column":23},"end":{"line":32,"column":26}},"loc":{"start":{"line":32,"column":28},"end":{"line":36,"column":3}}},"3":{"name":"(anonymous_3)","decl":{"start":{"line":38,"column":21},"end":{"line":38,"column":24}},"loc":{"start":{"line":38,"column":26},"end":{"line":42,"column":3}}},"4":{"name":"(anonymous_4)","decl":{"start":{"line":44,"column":22},"end":{"line":44,"column":25}},"loc":{"start":{"line":44,"column":27},"end":{"line":47,"column":3}}},"5":{"name":"(anonymous_5)","decl":{"start":{"line":74,"column":30},"end":{"line":74,"column":31}},"loc":{"start":{"line":74,"column":37},"end":{"line":74,"column":95}}},"6":{"name":"(anonymous_6)","decl":{"start":{"line":74,"column":50},"end":{"line":74,"column":54}},"loc":{"start":{"line":74,"column":58},"end":{"line":74,"column":94}}},"7":{"name":"(anonymous_7)","decl":{"start":{"line":84,"column":30},"end":{"line":84,"column":31}},"loc":{"start":{"line":84,"column":37},"end":{"line":84,"column":98}}},"8":{"name":"(anonymous_8)","decl":{"start":{"line":84,"column":50},"end":{"line":84,"column":54}},"loc":{"start":{"line":84,"column":58},"end":{"line":84,"column":97}}}},"branchMap":{"0":{"loc":{"start":{"line":23,"column":4},"end":{"line":26,"column":5}},"type":"if","locations":[{"start":{"line":23,"column":4},"end":{"line":26,"column":5}}]},"1":{"loc":{"start":{"line":23,"column":8},"end":{"line":23,"column":47}},"type":"binary-expr","locations":[{"start":{"line":23,"column":8},"end":{"line":23,"column":24}},{"start":{"line":23,"column":28},"end":{"line":23,"column":47}}]},"2":{"loc":{"start":{"line":59,"column":9},"end":{"line":206,"column":null}},"type":"cond-expr","locations":[{"start":{"line":60,"column":10},"end":{"line":128,"column":null}},{"start":{"line":131,"column":10},"end":{"line":205,"column":null}}]}},"s":{"0":3,"1":3,"2":3,"3":3,"4":3,"5":3,"6":3,"7":3,"8":3,"9":3,"10":8,"11":8,"12":8,"13":8,"14":1,"15":1,"16":0,"17":0,"18":1,"19":1,"20":8,"21":0,"22":0,"23":0,"24":8,"25":0,"26":0,"27":0,"28":8,"29":0,"30":0,"31":8,"32":1,"33":1,"34":1,"35":1,"36":3},"f":{"0":8,"1":1,"2":0,"3":0,"4":0,"5":1,"6":1,"7":1,"8":1},"b":{"0":[0],"1":[1,1],"2":[7,1]}}
,"C:\\Users\\wwwna\\OneDrive\\Desktop\\healthify\\healthbloom-care\\src\\components\\modals\\SymptomsModal.tsx": {"path":"C:\\Users\\wwwna\\OneDrive\\Desktop\\healthify\\healthbloom-care\\src\\components\\modals\\SymptomsModal.tsx","statementMap":{"0":{"start":{"line":1,"column":0},"end":{"line":1,"column":33}},"1":{"start":{"line":2,"column":0},"end":{"line":2,"column":52}},"2":{"start":{"line":3,"column":0},"end":{"line":3,"column":126}},"3":{"start":{"line":4,"column":0},"end":{"line":4,"column":48}},"4":{"start":{"line":5,"column":0},"end":{"line":5,"column":90}},"5":{"start":{"line":6,"column":0},"end":{"line":6,"column":57}},"6":{"start":{"line":7,"column":0},"end":{"line":7,"column":46}},"7":{"start":{"line":8,"column":0},"end":{"line":8,"column":31}},"8":{"start":{"line":9,"column":0},"end":{"line":9,"column":33}},"9":{"start":{"line":17,"column":20},"end":{"line":38,"column":2}},"10":{"start":{"line":40,"column":29},"end":{"line":277,"column":1}},"11":{"start":{"line":41,"column":50},"end":{"line":41,"column":89}},"12":{"start":{"line":42,"column":32},"end":{"line":42,"column":51}},"13":{"start":{"line":44,"column":32},"end":{"line":62,"column":4}},"14":{"start":{"line":45,"column":45},"end":{"line":53,"column":null}},"15":{"start":{"line":46,"column":23},"end":{"line":50,"column":8}},"16":{"start":{"line":51,"column":6},"end":{"line":51,"column":68}},"17":{"start":{"line":51,"column":24},"end":{"line":51,"column":68}},"18":{"start":{"line":52,"column":6},"end":{"line":52,"column":29}},"19":{"start":{"line":55,"column":6},"end":{"line":55,"column":23}},"20":{"start":{"line":56,"column":6},"end":{"line":56,"column":42}},"21":{"start":{"line":59,"column":6},"end":{"line":59,"column":67}},"22":{"start":{"line":60,"column":6},"end":{"line":60,"column":51}},"23":{"start":{"line":64,"column":24},"end":{"line":70,"column":3}},"24":{"start":{"line":65,"column":4},"end":{"line":69,"column":6}},"25":{"start":{"line":66,"column":6},"end":{"line":68,"column":26}},"26":{"start":{"line":67,"column":27},"end":{"line":67,"column":38}},"27":{"start":{"line":72,"column":30},"end":{"line":78,"column":3}},"28":{"start":{"line":73,"column":4},"end":{"line":76,"column":5}},"29":{"start":{"line":74,"column":6},"end":{"line":74,"column":56}},"30":{"start":{"line":75,"column":6},"end":{"line":75,"column":13}},"31":{"start":{"line":77,"column":4},"end":{"line":77,"column":51}},"32":{"start":{"line":80,"column":21},"end":{"line":83,"column":3}},"33":{"start":{"line":81,"column":4},"end":{"line":81,"column":28}},"34":{"start":{"line":82,"column":4},"end":{"line":82,"column":21}},"35":{"start":{"line":85,"column":22},"end":{"line":88,"column":3}},"36":{"start":{"line":86,"column":4},"end":{"line":86,"column":17}},"37":{"start":{"line":87,"column":4},"end":{"line":87,"column":14}},"38":{"start":{"line":90,"column":27},"end":{"line":97,"column":3}},"39":{"start":{"line":91,"column":4},"end":{"line":96,"column":5}},"40":{"start":{"line":92,"column":19},"end":{"line":92,"column":40}},"41":{"start":{"line":93,"column":21},"end":{"line":93,"column":38}},"42":{"start":{"line":94,"column":18},"end":{"line":94,"column":37}},"43":{"start":{"line":95,"column":15},"end":{"line":95,"column":34}},"44":{"start":{"line":99,"column":26},"end":{"line":106,"column":3}},"45":{"start":{"line":100,"column":4},"end":{"line":105,"column":5}},"46":{"start":{"line":101,"column":19},"end":{"line":101,"column":40}},"47":{"start":{"line":102,"column":21},"end":{"line":102,"column":42}},"48":{"start":{"line":103,"column":18},"end":{"line":103,"column":37}},"49":{"start":{"line":104,"column":15},"end":{"line":104,"column":34}},"50":{"start":{"line":108,"column":2},"end":{"line":276,"column":4}},"51":{"start":{"line":128,"column":29},"end":{"line":128,"column":41}},"52":{"start":{"line":129,"column":35},"end":{"line":129,"column":75}},"53":{"start":{"line":131,"column":16},"end":{"line":153,"column":18}},"54":{"start":{"line":134,"column":35},"end":{"line":134,"column":63}},"55":{"start":{"line":195,"column":31},"end":{"line":195,"column":64}},"56":{"start":{"line":196,"column":18},"end":{"line":196,"column":66}},"57":{"start":{"line":228,"column":22},"end":{"line":228,"column":39}},"58":{"start":{"line":244,"column":20},"end":{"line":244,"column":41}},"59":{"start":{"line":256,"column":31},"end":{"line":256,"column":47}},"60":{"start":{"line":40,"column":13},"end":{"line":40,"column":29}}},"fnMap":{"0":{"name":"(anonymous_7)","decl":{"start":{"line":40,"column":29},"end":{"line":40,"column":30}},"loc":{"start":{"line":40,"column":99},"end":{"line":277,"column":1}}},"1":{"name":"(anonymous_8)","decl":{"start":{"line":45,"column":16},"end":{"line":45,"column":23}},"loc":{"start":{"line":45,"column":45},"end":{"line":53,"column":null}}},"2":{"name":"(anonymous_9)","decl":{"start":{"line":45,"column":45},"end":{"line":45,"column":null}},"loc":{"start":{"line":45,"column":45},"end":{"line":53,"column":5}}},"3":{"name":"(anonymous_10)","decl":{"start":{"line":54,"column":15},"end":{"line":54,"column":16}},"loc":{"start":{"line":54,"column":24},"end":{"line":57,"column":5}}},"4":{"name":"(anonymous_11)","decl":{"start":{"line":58,"column":13},"end":{"line":58,"column":14}},"loc":{"start":{"line":58,"column":23},"end":{"line":61,"column":5}}},"5":{"name":"(anonymous_12)","decl":{"start":{"line":64,"column":24},"end":{"line":64,"column":25}},"loc":{"start":{"line":64,"column":42},"end":{"line":70,"column":3}}},"6":{"name":"(anonymous_13)","decl":{"start":{"line":65,"column":24},"end":{"line":65,"column":28}},"loc":{"start":{"line":66,"column":6},"end":{"line":68,"column":26}}},"7":{"name":"(anonymous_14)","decl":{"start":{"line":67,"column":22},"end":{"line":67,"column":23}},"loc":{"start":{"line":67,"column":27},"end":{"line":67,"column":38}}},"8":{"name":"(anonymous_15)","decl":{"start":{"line":72,"column":30},"end":{"line":72,"column":33}},"loc":{"start":{"line":72,"column":35},"end":{"line":78,"column":3}}},"9":{"name":"(anonymous_16)","decl":{"start":{"line":80,"column":21},"end":{"line":80,"column":24}},"loc":{"start":{"line":80,"column":26},"end":{"line":83,"column":3}}},"10":{"name":"(anonymous_17)","decl":{"start":{"line":85,"column":22},"end":{"line":85,"column":25}},"loc":{"start":{"line":85,"column":27},"end":{"line":88,"column":3}}},"11":{"name":"(anonymous_18)","decl":{"start":{"line":90,"column":27},"end":{"line":90,"column":28}},"loc":{"start":{"line":90,"column":48},"end":{"line":97,"column":3}}},"12":{"name":"(anonymous_19)","decl":{"start":{"line":99,"column":26},"end":{"line":99,"column":27}},"loc":{"start":{"line":99,"column":47},"end":{"line":106,"column":3}}},"13":{"name":"(anonymous_20)","decl":{"start":{"line":127,"column":31},"end":{"line":127,"column":32}},"loc":{"start":{"line":127,"column":43},"end":{"line":154,"column":15}}},"14":{"name":"(anonymous_21)","decl":{"start":{"line":134,"column":29},"end":{"line":134,"column":32}},"loc":{"start":{"line":134,"column":35},"end":{"line":134,"column":63}}},"15":{"name":"(anonymous_22)","decl":{"start":{"line":194,"column":18},"end":{"line":194,"column":21}},"loc":{"start":{"line":194,"column":23},"end":{"line":197,"column":17}}},"16":{"name":"(anonymous_23)","decl":{"start":{"line":227,"column":42},"end":{"line":227,"column":43}},"loc":{"start":{"line":228,"column":22},"end":{"line":228,"column":39}}},"17":{"name":"(anonymous_24)","decl":{"start":{"line":243,"column":40},"end":{"line":243,"column":41}},"loc":{"start":{"line":244,"column":20},"end":{"line":244,"column":41}}},"18":{"name":"(anonymous_25)","decl":{"start":{"line":256,"column":25},"end":{"line":256,"column":28}},"loc":{"start":{"line":256,"column":31},"end":{"line":256,"column":47}}}},"branchMap":{"0":{"loc":{"start":{"line":40,"column":49},"end":{"line":40,"column":73}},"type":"default-arg","locations":[{"start":{"line":40,"column":71},"end":{"line":40,"column":73}}]},"1":{"loc":{"start":{"line":51,"column":6},"end":{"line":51,"column":68}},"type":"if","locations":[{"start":{"line":51,"column":6},"end":{"line":51,"column":68}}]},"2":{"loc":{"start":{"line":66,"column":6},"end":{"line":68,"column":26}},"type":"cond-expr","locations":[{"start":{"line":67,"column":10},"end":{"line":67,"column":39}},{"start":{"line":68,"column":10},"end":{"line":68,"column":26}}]},"3":{"loc":{"start":{"line":73,"column":4},"end":{"line":76,"column":5}},"type":"if","locations":[{"start":{"line":73,"column":4},"end":{"line":76,"column":5}}]},"4":{"loc":{"start":{"line":91,"column":4},"end":{"line":96,"column":5}},"type":"switch","locations":[{"start":{"line":92,"column":6},"end":{"line":92,"column":40}},{"start":{"line":93,"column":6},"end":{"line":93,"column":38}},{"start":{"line":94,"column":6},"end":{"line":94,"column":37}},{"start":{"line":95,"column":6},"end":{"line":95,"column":34}}]},"5":{"loc":{"start":{"line":100,"column":4},"end":{"line":105,"column":5}},"type":"switch","locations":[{"start":{"line":101,"column":6},"end":{"line":101,"column":40}},{"start":{"line":102,"column":6},"end":{"line":102,"column":42}},{"start":{"line":103,"column":6},"end":{"line":103,"column":37}},{"start":{"line":104,"column":6},"end":{"line":104,"column":34}}]},"6":{"loc":{"start":{"line":118,"column":9},"end":{"line":272,"column":null}},"type":"cond-expr","locations":[{"start":{"line":119,"column":10},"end":{"line":187,"column":null}},{"start":{"line":190,"column":10},"end":{"line":271,"column":null}}]},"7":{"loc":{"start":{"line":137,"column":22},"end":{"line":139,"column":83}},"type":"cond-expr","locations":[{"start":{"line":138,"column":26},"end":{"line":138,"column":66}},{"start":{"line":139,"column":26},"end":{"line":139,"column":83}}]},"8":{"loc":{"start":{"line":144,"column":22},"end":{"line":144,"column":65}},"type":"cond-expr","locations":[{"start":{"line":144,"column":35},"end":{"line":144,"column":49}},{"start":{"line":144,"column":52},"end":{"line":144,"column":65}}]},"9":{"loc":{"start":{"line":148,"column":22},"end":{"line":148,"column":69}},"type":"cond-expr","locations":[{"start":{"line":148,"column":35},"end":{"line":148,"column":49}},{"start":{"line":148,"column":52},"end":{"line":148,"column":69}}]},"10":{"loc":{"start":{"line":158,"column":13},"end":{"line":163,"column":null}},"type":"binary-expr","locations":[{"start":{"line":158,"column":13},"end":{"line":158,"column":40}},{"start":{"line":159,"column":14},"end":{"line":162,"column":null}}]},"11":{"loc":{"start":{"line":161,"column":52},"end":{"line":161,"column":90}},"type":"cond-expr","locations":[{"start":{"line":161,"column":82},"end":{"line":161,"column":85}},{"start":{"line":161,"column":88},"end":{"line":161,"column":90}}]},"12":{"loc":{"start":{"line":181,"column":26},"end":{"line":181,"column":90}},"type":"binary-expr","locations":[{"start":{"line":181,"column":26},"end":{"line":181,"column":55}},{"start":{"line":181,"column":59},"end":{"line":181,"column":90}}]},"13":{"loc":{"start":{"line":185,"column":17},"end":{"line":185,"column":87}},"type":"cond-expr","locations":[{"start":{"line":185,"column":51},"end":{"line":185,"column":65}},{"start":{"line":185,"column":68},"end":{"line":185,"column":87}}]},"14":{"loc":{"start":{"line":219,"column":13},"end":{"line":235,"column":null}},"type":"binary-expr","locations":[{"start":{"line":219,"column":13},"end":{"line":219,"column":29}},{"start":{"line":219,"column":33},"end":{"line":219,"column":60}},{"start":{"line":220,"column":14},"end":{"line":234,"column":null}}]},"15":{"loc":{"start":{"line":261,"column":15},"end":{"line":264,"column":null}},"type":"binary-expr","locations":[{"start":{"line":261,"column":15},"end":{"line":261,"column":36}},{"start":{"line":262,"column":16},"end":{"line":262,"column":null}}]}},"s":{"0":2,"1":2,"2":2,"3":2,"4":2,"5":2,"6":2,"7":2,"8":2,"9":2,"10":2,"11":8,"12":8,"13":8,"14":1,"15":1,"16":1,"17":0,"18":1,"19":1,"20":1,"21":0,"22":0,"23":8,"24":1,"25":1,"26":0,"27":8,"28":1,"29":0,"30":0,"31":1,"32":8,"33":0,"34":0,"35":8,"36":0,"37":0,"38":8,"39":1,"40":1,"41":0,"42":0,"43":0,"44":8,"45":1,"46":1,"47":0,"48":0,"49":0,"50":8,"51":140,"52":140,"53":140,"54":1,"55":1,"56":1,"57":1,"58":1,"59":0,"60":2},"f":{"0":8,"1":1,"2":1,"3":1,"4":0,"5":1,"6":1,"7":0,"8":1,"9":0,"10":0,"11":1,"12":1,"13":140,"14":1,"15":1,"16":1,"17":1,"18":0},"b":{"0":[7],"1":[0],"2":[0,1],"3":[0],"4":[1,0,0,0],"5":[1,0,0,0],"6":[7,1],"7":[2,138],"8":[2,138],"9":[2,138],"10":[7,2],"11":[0,2],"12":[7,2],"13":[0,7],"14":[1,1,1],"15":[1,1]}}
,"C:\\Users\\wwwna\\OneDrive\\Desktop\\healthify\\healthbloom-care\\src\\components\\modals\\TelehealthModal.tsx": {"path":"C:\\Users\\wwwna\\OneDrive\\Desktop\\healthify\\healthbloom-care\\src\\components\\modals\\TelehealthModal.tsx","statementMap":{"0":{"start":{"line":1,"column":0},"end":{"line":1,"column":44}},"1":{"start":{"line":2,"column":0},"end":{"line":2,"column":49}},"2":{"start":{"line":3,"column":0},"end":{"line":3,"column":87}},"3":{"start":{"line":4,"column":0},"end":{"line":4,"column":48}},"4":{"start":{"line":5,"column":0},"end":{"line":5,"column":90}},"5":{"start":{"line":6,"column":0},"end":{"line":6,"column":57}},"6":{"start":{"line":7,"column":0},"end":{"line":7,"column":46}},"7":{"start":{"line":8,"column":0},"end":{"line":8,"column":46}},"8":{"start":{"line":9,"column":0},"end":{"line":9,"column":31}},"9":{"start":{"line":10,"column":0},"end":{"line":10,"column":33}},"10":{"start":{"line":30,"column":31},"end":{"line":347,"column":1}},"11":{"start":{"line":31,"column":46},"end":{"line":31,"column":96}},"12":{"start":{"line":32,"column":30},"end":{"line":32,"column":45}},"13":{"start":{"line":33,"column":42},"end":{"line":33,"column":118}},"14":{"start":{"line":34,"column":36},"end":{"line":34,"column":48}},"15":{"start":{"line":37,"column":50},"end":{"line":44,"column":4}},"16":{"start":{"line":39,"column":24},"end":{"line":42,"column":null}},"17":{"start":{"line":40,"column":23},"end":{"line":40,"column":57}},"18":{"start":{"line":41,"column":6},"end":{"line":41,"column":29}},"19":{"start":{"line":46,"column":2},"end":{"line":50,"column":26}},"20":{"start":{"line":47,"column":4},"end":{"line":49,"column":5}},"21":{"start":{"line":48,"column":6},"end":{"line":48,"column":43}},"22":{"start":{"line":52,"column":29},"end":{"line":54,"column":3}},"23":{"start":{"line":53,"column":4},"end":{"line":53,"column":30}},"24":{"start":{"line":56,"column":26},"end":{"line":72,"column":3}},"25":{"start":{"line":57,"column":4},"end":{"line":57,"column":32}},"26":{"start":{"line":57,"column":25},"end":{"line":57,"column":32}},"27":{"start":{"line":59,"column":4},"end":{"line":59,"column":20}},"28":{"start":{"line":60,"column":4},"end":{"line":60,"column":61}},"29":{"start":{"line":63,"column":4},"end":{"line":71,"column":13}},"30":{"start":{"line":64,"column":6},"end":{"line":64,"column":54}},"31":{"start":{"line":66,"column":6},"end":{"line":70,"column":10}},"32":{"start":{"line":74,"column":24},"end":{"line":79,"column":3}},"33":{"start":{"line":75,"column":4},"end":{"line":75,"column":21}},"34":{"start":{"line":76,"column":4},"end":{"line":76,"column":24}},"35":{"start":{"line":77,"column":4},"end":{"line":77,"column":21}},"36":{"start":{"line":78,"column":4},"end":{"line":78,"column":29}},"37":{"start":{"line":81,"column":28},"end":{"line":112,"column":3}},"38":{"start":{"line":82,"column":4},"end":{"line":82,"column":34}},"39":{"start":{"line":82,"column":27},"end":{"line":82,"column":34}},"40":{"start":{"line":84,"column":23},"end":{"line":88,"column":6}},"41":{"start":{"line":90,"column":4},"end":{"line":90,"column":51}},"42":{"start":{"line":90,"column":28},"end":{"line":90,"column":49}},"43":{"start":{"line":91,"column":4},"end":{"line":91,"column":21}},"44":{"start":{"line":94,"column":4},"end":{"line":111,"column":36}},"45":{"start":{"line":95,"column":24},"end":{"line":101,"column":8}},"46":{"start":{"line":102,"column":29},"end":{"line":102,"column":84}},"47":{"start":{"line":104,"column":29},"end":{"line":108,"column":8}},"48":{"start":{"line":110,"column":6},"end":{"line":110,"column":57}},"49":{"start":{"line":110,"column":30},"end":{"line":110,"column":55}},"50":{"start":{"line":114,"column":21},"end":{"line":119,"column":3}},"51":{"start":{"line":115,"column":4},"end":{"line":115,"column":28}},"52":{"start":{"line":116,"column":4},"end":{"line":116,"column":21}},"53":{"start":{"line":117,"column":4},"end":{"line":117,"column":24}},"54":{"start":{"line":118,"column":4},"end":{"line":118,"column":21}},"55":{"start":{"line":121,"column":22},"end":{"line":127,"column":3}},"56":{"start":{"line":122,"column":4},"end":{"line":124,"column":5}},"57":{"start":{"line":123,"column":6},"end":{"line":123,"column":22}},"58":{"start":{"line":125,"column":4},"end":{"line":125,"column":17}},"59":{"start":{"line":126,"column":4},"end":{"line":126,"column":14}},"60":{"start":{"line":129,"column":2},"end":{"line":233,"column":3}},"61":{"start":{"line":130,"column":4},"end":{"line":232,"column":6}},"62":{"start":{"line":191,"column":20},"end":{"line":192,"column":null}},"63":{"start":{"line":220,"column":35},"end":{"line":220,"column":63}},"64":{"start":{"line":222,"column":37},"end":{"line":222,"column":77}},"65":{"start":{"line":235,"column":2},"end":{"line":346,"column":4}},"66":{"start":{"line":264,"column":16},"end":{"line":265,"column":null}},"67":{"start":{"line":270,"column":33},"end":{"line":270,"column":59}},"68":{"start":{"line":30,"column":13},"end":{"line":30,"column":31}}},"fnMap":{"0":{"name":"(anonymous_7)","decl":{"start":{"line":30,"column":31},"end":{"line":30,"column":32}},"loc":{"start":{"line":30,"column":96},"end":{"line":347,"column":1}}},"1":{"name":"(anonymous_8)","decl":{"start":{"line":39,"column":13},"end":{"line":39,"column":22}},"loc":{"start":{"line":39,"column":24},"end":{"line":42,"column":null}}},"2":{"name":"(anonymous_9)","decl":{"start":{"line":39,"column":24},"end":{"line":39,"column":null}},"loc":{"start":{"line":39,"column":24},"end":{"line":42,"column":5}}},"3":{"name":"(anonymous_10)","decl":{"start":{"line":46,"column":12},"end":{"line":46,"column":15}},"loc":{"start":{"line":46,"column":17},"end":{"line":50,"column":3}}},"4":{"name":"(anonymous_11)","decl":{"start":{"line":52,"column":29},"end":{"line":52,"column":30}},"loc":{"start":{"line":52,"column":48},"end":{"line":54,"column":3}}},"5":{"name":"(anonymous_12)","decl":{"start":{"line":56,"column":26},"end":{"line":56,"column":29}},"loc":{"start":{"line":56,"column":31},"end":{"line":72,"column":3}}},"6":{"name":"(anonymous_13)","decl":{"start":{"line":63,"column":15},"end":{"line":63,"column":18}},"loc":{"start":{"line":63,"column":20},"end":{"line":71,"column":5}}},"7":{"name":"(anonymous_14)","decl":{"start":{"line":74,"column":24},"end":{"line":74,"column":27}},"loc":{"start":{"line":74,"column":29},"end":{"line":79,"column":3}}},"8":{"name":"(anonymous_15)","decl":{"start":{"line":81,"column":28},"end":{"line":81,"column":31}},"loc":{"start":{"line":81,"column":33},"end":{"line":112,"column":3}}},"9":{"name":"(anonymous_16)","decl":{"start":{"line":90,"column":20},"end":{"line":90,"column":24}},"loc":{"start":{"line":90,"column":28},"end":{"line":90,"column":49}}},"10":{"name":"(anonymous_17)","decl":{"start":{"line":94,"column":15},"end":{"line":94,"column":18}},"loc":{"start":{"line":94,"column":20},"end":{"line":111,"column":5}}},"11":{"name":"(anonymous_18)","decl":{"start":{"line":110,"column":22},"end":{"line":110,"column":26}},"loc":{"start":{"line":110,"column":30},"end":{"line":110,"column":55}}},
[...]
wwna\\OneDrive\\Desktop\\healthify\\healthbloom-care\\src\\components\\ui\\tabs.tsx","statementMap":{"0":{"start":{"line":1,"column":0},"end":{"line":1,"column":31}},"1":{"start":{"line":2,"column":0},"end":{"line":2,"column":54}},"2":{"start":{"line":4,"column":0},"end":{"line":4,"column":33}},"3":{"start":{"line":6,"column":13},"end":{"line":6,"column":31}},"4":{"start":{"line":53,"column":9},"end":{"line":53,"column":13}},"5":{"start":{"line":8,"column":17},"end":{"line":20,"column":2}},"6":{"start":{"line":11,"column":14},"end":{"line":11,"column":19}},"7":{"start":{"line":11,"column":24},"end":{"line":11,"column":28}},"8":{"start":{"line":11,"column":36},"end":{"line":20,"column":2}},"9":{"start":{"line":53,"column":15},"end":{"line":53,"column":23}},"10":{"start":{"line":21,"column":0},"end":{"line":21,"column":54}},"11":{"start":{"line":23,"column":20},"end":{"line":35,"column":2}},"12":{"start":{"line":26,"column":14},"end":{"line":26,"column":19}},"13":{"start":{"line":26,"column":24},"end":{"line":26,"column":28}},"14":{"start":{"line":26,"column":36},"end":{"line":35,"column":2}},"15":{"start":{"line":53,"column":25},"end":{"line":53,"column":36}},"16":{"start":{"line":36,"column":0},"end":{"line":36,"column":60}},"17":{"start":{"line":38,"column":20},"end":{"line":50,"column":2}},"18":{"start":{"line":41,"column":14},"end":{"line":41,"column":19}},"19":{"start":{"line":41,"column":24},"end":{"line":41,"column":28}},"20":{"start":{"line":41,"column":36},"end":{"line":50,"column":2}},"21":{"start":{"line":53,"column":38},"end":{"line":53,"column":49}},"22":{"start":{"line":51,"column":0},"end":{"line":51,"column":60}}},"fnMap":{"0":{"name":"(anonymous_10)","decl":{"start":{"line":11,"column":2},"end":{"line":11,"column":3}},"loc":{"start":{"line":11,"column":35},"end":{"line":20,"column":2}}},"1":{"name":"(anonymous_11)","decl":{"start":{"line":26,"column":2},"end":{"line":26,"column":3}},"loc":{"start":{"line":26,"column":35},"end":{"line":35,"column":2}}},"2":{"name":"(anonymous_12)","decl":{"start":{"line":41,"column":2},"end":{"line":41,"column":3}},"loc":{"start":{"line":41,"column":35},"end":{"line":50,"column":2}}}},"branchMap":{},"s":{"0":4,"1":4,"2":4,"3":4,"4":4,"5":4,"6":3,"7":3,"8":3,"9":4,"10":4,"11":4,"12":6,"13":6,"14":6,"15":4,"16":4,"17":4,"18":6,"19":6,"20":6,"21":4,"22":4},"f":{"0":3,"1":6,"2":6},"b":{}}
,"C:\\Users\\wwwna\\OneDrive\\Desktop\\healthify\\healthbloom-care\\src\\components\\ui\\textarea.tsx": {"path":"C:\\Users\\wwwna\\OneDrive\\Desktop\\healthify\\healthbloom-care\\src\\components\\ui\\textarea.tsx","statementMap":{"0":{"start":{"line":1,"column":0},"end":{"line":1,"column":31}},"1":{"start":{"line":3,"column":0},"end":{"line":3,"column":33}},"2":{"start":{"line":7,"column":17},"end":{"line":18,"column":2}},"3":{"start":{"line":7,"column":82},"end":{"line":7,"column":87}},"4":{"start":{"line":7,"column":92},"end":{"line":7,"column":96}},"5":{"start":{"line":8,"column":2},"end":{"line":17,"column":4}},"6":{"start":{"line":21,"column":9},"end":{"line":21,"column":17}},"7":{"start":{"line":19,"column":0},"end":{"line":19,"column":34}}},"fnMap":{"0":{"name":"(anonymous_10)","decl":{"start":{"line":7,"column":70},"end":{"line":7,"column":71}},"loc":{"start":{"line":7,"column":103},"end":{"line":18,"column":1}}}},"branchMap":{},"s":{"0":4,"1":4,"2":4,"3":0,"4":0,"5":0,"6":4,"7":4},"f":{"0":0},"b":{}}
,"C:\\Users\\wwwna\\OneDrive\\Desktop\\healthify\\healthbloom-care\\src\\components\\ui\\toast.tsx": {"path":"C:\\Users\\wwwna\\OneDrive\\Desktop\\healthify\\healthbloom-care\\src\\components\\ui\\toast.tsx","statementMap":{"0":{"start":{"line":1,"column":0},"end":{"line":1,"column":31}},"1":{"start":{"line":2,"column":0},"end":{"line":2,"column":57}},"2":{"start":{"line":3,"column":0},"end":{"line":3,"column":66}},"3":{"start":{"line":4,"column":0},"end":{"line":4,"column":33}},"4":{"start":{"line":6,"column":0},"end":{"line":6,"column":33}},"5":{"start":{"line":8,"column":22},"end":{"line":8,"column":46}},"6":{"start":{"line":104,"column":2},"end":{"line":104,"column":15}},"7":{"start":{"line":10,"column":22},"end":{"line":22,"column":2}},"8":{"start":{"line":13,"column":14},"end":{"line":13,"column":19}},"9":{"start":{"line":13,"column":24},"end":{"line":13,"column":28}},"10":{"start":{"line":13,"column":36},"end":{"line":22,"column":2}},"11":{"start":{"line":105,"column":2},"end":{"line":105,"column":15}},"12":{"start":{"line":23,"column":0},"end":{"line":23,"column":65}},"13":{"start":{"line":25,"column":22},"end":{"line":37,"column":null}},"14":{"start":{"line":40,"column":14},"end":{"line":45,"column":2}},"15":{"start":{"line":43,"column":23},"end":{"line":43,"column":28}},"16":{"start":{"line":43,"column":33},"end":{"line":43,"column":37}},"17":{"start":{"line":44,"column":2},"end":{"line":44,"column":109}},"18":{"start":{"line":106,"column":2},"end":{"line":106,"column":7}},"19":{"start":{"line":46,"column":0},"end":{"line":46,"column":53}},"20":{"start":{"line":48,"column":20},"end":{"line":60,"column":2}},"21":{"start":{"line":51,"column":14},"end":{"line":51,"column":19}},"22":{"start":{"line":51,"column":24},"end":{"line":51,"column":28}},"23":{"start":{"line":51,"column":36},"end":{"line":60,"column":2}},"24":{"start":{"line":110,"column":2},"end":{"line":110,"column":13}},"25":{"start":{"line":61,"column":0},"end":{"line":61,"column":61}},"26":{"start":{"line":63,"column":19},"end":{"line":78,"column":2}},"27":{"start":{"line":66,"column":14},"end":{"line":66,"column":19}},"28":{"start":{"line":66,"column":24},"end":{"line":66,"column":28}},"29":{"start":{"line":66,"column":36},"end":{"line":78,"column":2}},"30":{"start":{"line":109,"column":2},"end":{"line":109,"column":12}},"31":{"start":{"line":79,"column":0},"end":{"line":79,"column":59}},"32":{"start":{"line":81,"column":19},"end":{"line":86,"column":2}},"33":{"start":{"line":84,"column":14},"end":{"line":84,"column":19}},"34":{"start":{"line":84,"column":24},"end":{"line":84,"column":28}},"35":{"start":{"line":84,"column":36},"end":{"line":86,"column":2}},"36":{"start":{"line":107,"column":2},"end":{"line":107,"column":12}},"37":{"start":{"line":87,"column":0},"end":{"line":87,"column":59}},"38":{"start":{"line":89,"column":25},"end":{"line":94,"column":2}},"39":{"start":{"line":92,"column":14},"end":{"line":92,"column":19}},"40":{"start":{"line":92,"column":24},"end":{"line":92,"column":28}},"41":{"start":{"line":92,"column":36},"end":{"line":94,"column":2}},"42":{"start":{"line":108,"column":2},"end":{"line":108,"column":18}},"43":{"start":{"line":95,"column":0},"end":{"line":95,"column":71}}},"fnMap":{"0":{"name":"(anonymous_10)","decl":{"start":{"line":13,"column":2},"end":{"line":13,"column":3}},"loc":{"start":{"line":13,"column":35},"end":{"line":22,"column":2}}},"1":{"name":"(anonymous_11)","decl":{"start":{"line":43,"column":2},"end":{"line":43,"column":3}},"loc":{"start":{"line":43,"column":44},"end":{"line":45,"column":1}}},"2":{"name":"(anonymous_12)","decl":{"start":{"line":51,"column":2},"end":{"line":51,"column":3}},"loc":{"start":{"line":51,"column":35},"end":{"line":60,"column":2}}},"3":{"name":"(anonymous_13)","decl":{"start":{"line":66,"column":2},"end":{"line":66,"column":3}},"loc":{"start":{"line":66,"column":35},"end":{"line":78,"column":2}}},"4":{"name":"(anonymous_14)","decl":{"start":{"line":84,"column":2},"end":{"line":84,"column":3}},"loc":{"start":{"line":84,"column":35},"end":{"line":86,"column":2}}},"5":{"name":"(anonymous_15)","decl":{"start":{"line":92,"column":2},"end":{"line":92,"column":3}},"loc":{"start":{"line":92,"column":35},"end":{"line":94,"column":2}}}},"branchMap":{},"s":{"0":1,"1":1,"2":1,"3":1,"4":1,"5":1,"6":1,"7":1,"8":1,"9":1,"10":1,"11":1,"12":1,"13":1,"14":1,"15":0,"16":0,"17":0,"18":1,"19":1,"20":1,"21":0,"22":0,"23":0,"24":1,"25":1,"26":1,"27":0,"28":0,"29":0,"30":1,"31":1,"32":1,"33":0,"34":0,"35":0,"36":1,"37":1,"38":1,"39":0,"40":0,"41":0,"42":1,"43":1},"f":{"0":1,"1":0,"2":0,"3":0,"4":0,"5":0},"b":{}}
,"C:\\Users\\wwwna\\OneDrive\\Desktop\\healthify\\healthbloom-care\\src\\components\\ui\\toaster.tsx": {"path":"C:\\Users\\wwwna\\OneDrive\\Desktop\\healthify\\healthbloom-care\\src\\components\\ui\\toaster.tsx","statementMap":{"0":{"start":{"line":4,"column":0},"end":{"line":4,"column":16}},"1":{"start":{"line":1,"column":0},"end":{"line":1,"column":45}},"2":{"start":{"line":2,"column":0},"end":{"line":2,"column":118}},"3":{"start":{"line":5,"column":21},"end":{"line":5,"column":31}},"4":{"start":{"line":7,"column":2},"end":{"line":23,"column":4}},"5":{"start":{"line":9,"column":60},"end":{"line":9,"column":65}},"6":{"start":{"line":9,"column":70},"end":{"line":9,"column":null}},"7":{"start":{"line":10,"column":8},"end":{"line":19,"column":10}}},"fnMap":{"0":{"name":"Toaster","decl":{"start":{"line":4,"column":16},"end":{"line":4,"column":23}},"loc":{"start":{"line":4,"column":23},"end":{"line":24,"column":1}}},"1":{"name":"(anonymous_2)","decl":{"start":{"line":9,"column":18},"end":{"line":9,"column":28}},"loc":{"start":{"line":9,"column":72},"end":{"line":20,"column":7}}}},"branchMap":{"0":{"loc":{"start":{"line":13,"column":15},"end":{"line":13,"column":56}},"type":"binary-expr","locations":[{"start":{"line":13,"column":15},"end":{"line":13,"column":20}},{"start":{"line":13,"column":24},"end":{"line":13,"column":56}}]},"1":{"loc":{"start":{"line":14,"column":15},"end":{"line":14,"column":80}},"type":"binary-expr","locations":[{"start":{"line":14,"column":15},"end":{"line":14,"column":26}},{"start":{"line":14,"column":30},"end":{"line":14,"column":80}}]}},"s":{"0":1,"1":1,"2":1,"3":1,"4":1,"5":0,"6":0,"7":0},"f":{"0":1,"1":0},"b":{"0":[0,0],"1":[0,0]}}
,"C:\\Users\\wwwna\\OneDrive\\Desktop\\healthify\\healthbloom-care\\src\\components\\ui\\toggle-group.tsx": {"path":"C:\\Users\\wwwna\\OneDrive\\Desktop\\healthify\\healthbloom-care\\src\\components\\ui\\toggle-group.tsx","statementMap":{"0":{"start":{"line":1,"column":0},"end":{"line":1,"column":31}},"1":{"start":{"line":2,"column":0},"end":{"line":2,"column":69}},"2":{"start":{"line":5,"column":0},"end":{"line":5,"column":33}},"3":{"start":{"line":6,"column":0},"end":{"line":6,"column":56}},"4":{"start":{"line":8,"column":27},"end":{"line":11,"column":2}},"5":{"start":{"line":13,"column":20},"end":{"line":20,"column":2}},"6":{"start":{"line":16,"column":39},"end":{"line":16,"column":44}},"7":{"start":{"line":16,"column":49},"end":{"line":16,"column":53}},"8":{"start":{"line":16,"column":61},"end":{"line":20,"column":2}},"9":{"start":{"line":49,"column":9},"end":{"line":49,"column":20}},"10":{"start":{"line":22,"column":0},"end":{"line":22,"column":64}},"11":{"start":{"line":24,"column":24},"end":{"line":45,"column":2}},"12":{"start":{"line":27,"column":39},"end":{"line":27,"column":44}},"13":{"start":{"line":27,"column":49},"end":{"line":27,"column":53}},"14":{"start":{"line":28,"column":18},"end":{"line":28,"column":54}},"15":{"start":{"line":30,"column":2},"end":{"line":44,"column":4}},"16":{"start":{"line":49,"column":22},"end":{"line":49,"column":37}},"17":{"start":{"line":47,"column":0},"end":{"line":47,"column":68}}},"fnMap":{"0":{"name":"(anonymous_10)","decl":{"start":{"line":16,"column":2},"end":{"line":16,"column":3}},"loc":{"start":{"line":16,"column":60},"end":{"line":20,"column":2}}},"1":{"name":"(anonymous_11)","decl":{"start":{"line":27,"column":2},"end":{"line":27,"column":3}},"loc":{"start":{"line":27,"column":60},"end":{"line":45,"column":1}}}},"branchMap":{"0":{"loc":{"start":{"line":35,"column":19},"end":{"line":35,"column":45}},"type":"binary-expr","locations":[{"start":{"line":35,"column":19},"end":{"line":35,"column":34}},{"start":{"line":35,"column":38},"end":{"line":35,"column":45}}]},"1":{"loc":{"start":{"line":36,"column":16},"end":{"line":36,"column":36}},"type":"binary-expr","locations":[{"start":{"line":36,"column":16},"end":{"line":36,"column":28}},{"start":{"line":36,"column":32},"end":{"line":36,"column":36}}]}},"s":{"0":1,"1":1,"2":1,"3":1,"4":1,"5":1,"6":0,"7":0,"8":0,"9":1,"10":1,"11":1,"12":0,"13":0,"14":0,"15":0,"16":1,"17":1},"f":{"0":0,"1":0},"b":{"0":[0,0],"1":[0,0]}}
,"C:\\Users\\wwwna\\OneDrive\\Desktop\\healthify\\healthbloom-care\\src\\components\\ui\\toggle.tsx": {"path":"C:\\Users\\wwwna\\OneDrive\\Desktop\\healthify\\healthbloom-care\\src\\components\\ui\\toggle.tsx","statementMap":{"0":{"start":{"line":1,"column":0},"end":{"line":1,"column":31}},"1":{"start":{"line":2,"column":0},"end":{"line":2,"column":58}},"2":{"start":{"line":3,"column":0},"end":{"line":3,"column":66}},"3":{"start":{"line":5,"column":0},"end":{"line":5,"column":33}},"4":{"start":{"line":7,"column":23},"end":{"line":25,"column":null}},"5":{"start":{"line":37,"column":17},"end":{"line":37,"column":31}},"6":{"start":{"line":28,"column":15},"end":{"line":33,"column":2}},"7":{"start":{"line":31,"column":29},"end":{"line":31,"column":34}},"8":{"start":{"line":31,"column":39},"end":{"line":31,"column":43}},"9":{"start":{"line":31,"column":51},"end":{"line":33,"column":2}},"10":{"start":{"line":37,"column":9},"end":{"line":37,"column":15}},"11":{"start":{"line":35,"column":0},"end":{"line":35,"column":54}}},"fnMap":{"0":{"name":"(anonymous_10)","decl":{"start":{"line":31,"column":2},"end":{"line":31,"column":3}},"loc":{"start":{"line":31,"column":50},"end":{"line":33,"column":2}}}},"branchMap":{},"s":{"0":1,"1":1,"2":1,"3":1,"4":1,"5":1,"6":1,"7":0,"8":0,"9":0,"10":1,"11":1},"f":{"0":0},"b":{}}
,"C:\\Users\\wwwna\\OneDrive\\Desktop\\healthify\\healthbloom-care\\src\\components\\ui\\tooltip.tsx": {"path":"C:\\Users\\wwwna\\OneDrive\\Desktop\\healthify\\healthbloom-care\\src\\components\\ui\\tooltip.tsx","statementMap":{"0":{"start":{"line":1,"column":0},"end":{"line":1,"column":31}},"1":{"start":{"line":2,"column":0},"end":{"line":2,"column":60}},"2":{"start":{"line":4,"column":0},"end":{"line":4,"column":33}},"3":{"start":{"line":6,"column":24},"end":{"line":6,"column":49}},"4":{"start":{"line":28,"column":50},"end":{"line":28,"column":65}},"5":{"start":{"line":8,"column":16},"end":{"line":8,"column":37}},"6":{"start":{"line":28,"column":9},"end":{"line":28,"column":16}},"7":{"start":{"line":10,"column":23},"end":{"line":10,"column":47}},"8":{"start":{"line":28,"column":18},"end":{"line":28,"column":32}},"9":{"start":{"line":12,"column":23},"end":{"line":25,"column":2}},"10":{"start":{"line":15,"column":30},"end":{"line":15,"column":35}},"11":{"start":{"line":15,"column":40},"end":{"line":15,"column":44}},"12":{"start":{"line":15,"column":52},"end":{"line":25,"column":2}},"13":{"start":{"line":28,"column":34},"end":{"line":28,"column":48}},"14":{"start":{"line":26,"column":0},"end":{"line":26,"column":66}}},"fnMap":{"0":{"name":"(anonymous_10)","decl":{"start":{"line":15,"column":2},"end":{"line":15,"column":3}},"loc":{"start":{"line":15,"column":51},"end":{"line":25,"column":2}}}},"branchMap":{"0":{"loc":{"start":{"line":15,"column":16},"end":{"line":15,"column":30}},"type":"default-arg","locations":[{"start":{"line":15,"column":29},"end":{"line":15,"column":30}}]}},"s":{"0":1,"1":1,"2":1,"3":1,"4":1,"5":1,"6":1,"7":1,"8":1,"9":1,"10":0,"11":0,"12":0,"13":1,"14":1},"f":{"0":0},"b":{"0":[0]}}
,"C:\\Users\\wwwna\\OneDrive\\Desktop\\healthify\\healthbloom-care\\src\\components\\ui\\use-toast.ts": {"path":"C:\\Users\\wwwna\\OneDrive\\Desktop\\healthify\\healthbloom-care\\src\\components\\ui\\use-toast.ts","statementMap":{"0":{"start":{"line":1,"column":0},"end":{"line":1,"column":9}},"1":{"start":{"line":3,"column":9},"end":{"line":1,"column":19}},"2":{"start":{"line":3,"column":19},"end":{"line":1,"column":52}}},"fnMap":{"0":{"name":"(anonymous_0)","decl":{"start":{"line":3,"column":9},"end":{"line":3,"column":17}},"loc":{"start":{"line":3,"column":9},"end":{"line":1,"column":19}}},"1":{"name":"(anonymous_1)","decl":{"start":{"line":3,"column":19},"end":{"line":3,"column":24}},"loc":{"start":{"line":3,"column":19},"end":{"line":1,"column":52}}}},"branchMap":{},"s":{"0":1,"1":2,"2":2},"f":{"0":1,"1":1},"b":{}}
,"C:\\Users\\wwwna\\OneDrive\\Desktop\\healthify\\healthbloom-care\\src\\hooks\\use-mobile.tsx": {"path":"C:\\Users\\wwwna\\OneDrive\\Desktop\\healthify\\healthbloom-care\\src\\hooks\\use-mobile.tsx","statementMap":{"0":{"start":{"line":5,"column":0},"end":{"line":5,"column":16}},"1":{"start":{"line":1,"column":0},"end":{"line":1,"column":31}},"2":{"start":{"line":3,"column":26},"end":{"line":3,"column":29}},"3":{"start":{"line":6,"column":34},"end":{"line":6,"column":80}},"4":{"start":{"line":8,"column":2},"end":{"line":16,"column":9}},"5":{"start":{"line":9,"column":16},"end":{"line":9,"column":76}},"6":{"start":{"line":10,"column":21},"end":{"line":12,"column":5}},"7":{"start":{"line":11,"column":6},"end":{"line":11,"column":57}},"8":{"start":{"line":13,"column":4},"end":{"line":13,"column":45}},"9":{"start":{"line":14,"column":4},"end":{"line":14,"column":55}},"10":{"start":{"line":15,"column":4},"end":{"line":15,"column":61}},"11":{"start":{"line":15,"column":17},"end":{"line":15,"column":60}},"12":{"start":{"line":18,"column":2},"end":{"line":18,"column":20}}},"fnMap":{"0":{"name":"useIsMobile","decl":{"start":{"line":5,"column":16},"end":{"line":5,"column":27}},"loc":{"start":{"line":5,"column":27},"end":{"line":19,"column":1}}},"1":{"name":"(anonymous_10)","decl":{"start":{"line":8,"column":18},"end":{"line":8,"column":21}},"loc":{"start":{"line":8,"column":23},"end":{"line":16,"column":3}}},"2":{"name":"(anonymous_11)","decl":{"start":{"line":10,"column":21},"end":{"line":10,"column":24}},"loc":{"start":{"line":10,"column":26},"end":{"line":12,"column":5}}},"3":{"name":"(anonymous_12)","decl":{"start":{"line":15,"column":11},"end":{"line":15,"column":14}},"loc":{"start":{"line":15,"column":17},"end":{"line":15,"column":60}}}},"branchMap":{},"s":{"0":1,"1":1,"2":1,"3":0,"4":0,"5":0,"6":0,"7":0,"8":0,"9":0,"10":0,"11":0,"12":0},"f":{"0":0,"1":0,"2":0,"3":0},"b":{}}
,"C:\\Users\\wwwna\\OneDrive\\Desktop\\healthify\\healthbloom-care\\src\\lib\\utils.ts": {"path":"C:\\Users\\wwwna\\OneDrive\\Desktop\\healthify\\healthbloom-care\\src\\lib\\utils.ts","statementMap":{"0":{"start":{"line":4,"column":0},"end":{"line":4,"column":16}},"1":{"start":{"line":1,"column":0},"end":{"line":1,"column":45}},"2":{"start":{"line":2,"column":0},"end":{"line":2,"column":41}},"3":{"start":{"line":5,"column":2},"end":{"line":5,"column":31}}},"fnMap":{"0":{"name":"cn","decl":{"start":{"line":4,"column":16},"end":{"line":4,"column":18}},"loc":{"start":{"line":4,"column":42},"end":{"line":6,"column":1}}}},"branchMap":{},"s":{"0":4,"1":4,"2":4,"3":836},"f":{"0":836},"b":{}}
,"C:\\Users\\wwwna\\OneDrive\\Desktop\\healthify\\healthbloom-care\\src\\pages\\Index.tsx": {"path":"C:\\Users\\wwwna\\OneDrive\\Desktop\\healthify\\healthbloom-care\\src\\pages\\Index.tsx","statementMap":{"0":{"start":{"line":1,"column":0},"end":{"line":1,"column":52}},"1":{"start":{"line":2,"column":0},"end":{"line":2,"column":64}},"2":{"start":{"line":3,"column":0},"end":{"line":3,"column":72}},"3":{"start":{"line":4,"column":0},"end":{"line":4,"column":66}},"4":{"start":{"line":5,"column":0},"end":{"line":5,"column":70}},"5":{"start":{"line":6,"column":0},"end":{"line":6,"column":84}},"6":{"start":{"line":7,"column":0},"end":{"line":7,"column":72}},"7":{"start":{"line":8,"column":0},"end":{"line":8,"column":80}},"8":{"start":{"line":9,"column":0},"end":{"line":9,"column":54}},"9":{"start":{"line":10,"column":0},"end":{"line":10,"column":49}},"10":{"start":{"line":12,"column":14},"end":{"line":29,"column":1}},"11":{"start":{"line":13,"column":2},"end":{"line":28,"column":4}},"12":{"start":{"line":31,"column":0},"end":{"line":31,"column":21}}},"fnMap":{"0":{"name":"(anonymous_0)","decl":{"start":{"line":12,"column":14},"end":{"line":12,"column":17}},"loc":{"start":{"line":12,"column":19},"end":{"line":29,"column":1}}}},"branchMap":{},"s":{"0":1,"1":1,"2":1,"3":1,"4":1,"5":1,"6":1,"7":1,"8":1,"9":1,"10":1,"11":1,"12":1},"f":{"0":1},"b":{}}
}
