TN:
SF:backend\server.js
FN:156,(anonymous_0)
FN:160,(anonymous_1)
FN:161,(anonymous_2)
FN:169,(anonymous_3)
FN:170,(anonymous_4)
FN:174,(anonymous_5)
FN:177,(anonymous_6)
FN:203,(anonymous_7)
FN:212,(anonymous_8)
FN:216,(anonymous_9)
FN:223,(anonymous_10)
FN:226,(anonymous_11)
FN:227,(anonymous_12)
FN:246,(anonymous_13)
FN:256,(anonymous_14)
FN:260,(anonymous_15)
FN:263,(anonymous_16)
FN:276,(anonymous_17)
FN:294,(anonymous_18)
FN:301,(anonymous_19)
FN:310,(anonymous_20)
FNF:21
FNH:9
FNDA:2,(anonymous_0)
FNDA:0,(anonymous_1)
FNDA:0,(anonymous_2)
FNDA:0,(anonymous_3)
FNDA:0,(anonymous_4)
FNDA:1,(anonymous_5)
FNDA:1,(anonymous_6)
FNDA:4,(anonymous_7)
FNDA:0,(anonymous_8)
FNDA:1,(anonymous_9)
FNDA:20,(anonymous_10)
FNDA:1,(anonymous_11)
FNDA:1,(anonymous_12)
FNDA:1,(anonymous_13)
FNDA:0,(anonymous_14)
FNDA:0,(anonymous_15)
FNDA:0,(anonymous_16)
FNDA:0,(anonymous_17)
FNDA:0,(anonymous_18)
FNDA:0,(anonymous_19)
FNDA:0,(anonymous_20)
DA:1,1
DA:2,1
DA:3,1
DA:4,1
DA:6,1
DA:7,1
DA:10,1
DA:11,1
DA:14,1
DA:17,1
DA:92,1
DA:115,1
DA:153,1
DA:156,1
DA:157,2
DA:160,1
DA:161,0
DA:162,0
DA:163,0
DA:165,0
DA:169,1
DA:170,0
DA:171,0
DA:174,1
DA:175,1
DA:177,1
DA:178,1
DA:179,0
DA:182,1
DA:183,0
DA:186,1
DA:200,1
DA:203,4
DA:205,1
DA:212,1
DA:213,0
DA:216,1
DA:217,1
DA:219,1
DA:220,0
DA:223,20
DA:226,1
DA:227,1
DA:229,1
DA:230,1
DA:232,1
DA:233,1
DA:234,1
DA:235,0
DA:236,0
DA:237,0
DA:238,0
DA:239,0
DA:240,0
DA:242,0
DA:243,0
DA:246,1
DA:248,1
DA:256,1
DA:257,0
DA:260,1
DA:261,0
DA:263,0
DA:264,0
DA:265,0
DA:269,0
DA:276,1
DA:278,0
DA:285,0
DA:287,0
DA:294,1
DA:296,0
DA:297,0
DA:301,1
DA:302,0
DA:306,1
DA:309,1
DA:310,0
DA:311,0
LF:79
LH:47
BRDA:7,0,0,1
BRDA:7,0,1,1
BRDA:162,1,0,0
BRDA:162,1,1,0
BRDA:178,2,0,0
BRDA:178,2,1,1
BRDA:182,3,0,0
BRDA:182,3,1,1
BRDA:219,4,0,0
BRDA:219,4,1,1
BRDA:219,5,0,1
BRDA:219,5,1,1
BRDA:232,6,0,1
BRDA:232,6,1,0
BRDA:235,7,0,0
BRDA:235,7,1,0
BRDA:238,8,0,0
BRDA:238,8,1,0
BRDA:264,9,0,0
BRDA:264,9,1,0
BRDA:309,10,0,0
BRDA:309,10,1,1
BRF:22
BRH:9
end_of_record
TN:
SF:src\test-utils.tsx
FN:6,createQueryClient
FN:10,renderWithProviders
FN:12,FormWrapper
FNF:3
FNH:3
FNDA:35,createQueryClient
FNDA:35,renderWithProviders
FNDA:70,FormWrapper
DA:2,4
DA:3,4
DA:4,4
DA:6,4
DA:7,35
DA:10,4
DA:11,35
DA:13,70
DA:14,70
DA:17,35
LF:10
LH:10
BRF:0
BRH:0
end_of_record
TN:
SF:src\components\BloomBot.tsx
FN:38,(anonymous_0)
FN:55,(anonymous_1)
FN:59,(anonymous_2)
FN:63,(anonymous_3)
FN:74,(anonymous_4)
FN:79,(anonymous_5)
FN:94,(anonymous_6)
FN:99,(anonymous_7)
FN:119,(anonymous_8)
FN:167,(anonymous_9)
FN:174,(anonymous_10)
FN:186,(anonymous_11)
FN:230,(anonymous_12)
FN:235,(anonymous_13)
FN:248,(anonymous_14)
FN:257,(anonymous_15)
FN:280,(anonymous_16)
FN:285,(anonymous_17)
FNF:18
FNH:3
FNDA:1,(anonymous_0)
FNDA:1,(anonymous_1)
FNDA:1,(anonymous_2)
FNDA:0,(anonymous_3)
FNDA:0,(anonymous_4)
FNDA:0,(anonymous_5)
FNDA:0,(anonymous_6)
FNDA:0,(anonymous_7)
FNDA:0,(anonymous_8)
FNDA:0,(anonymous_9)
FNDA:0,(anonymous_10)
FNDA:0,(anonymous_11)
FNDA:0,(anonymous_12)
FNDA:0,(anonymous_13)
FNDA:0,(anonymous_14)
FNDA:0,(anonymous_15)
FNDA:0,(anonymous_16)
FNDA:0,(anonymous_17)
DA:1,1
DA:2,1
DA:3,1
DA:13,1
DA:14,1
DA:15,1
DA:24,1
DA:30,1
DA:38,1
DA:39,1
DA:40,1
DA:41,1
DA:49,1
DA:50,1
DA:51,1
DA:52,1
DA:53,1
DA:55,1
DA:56,1
DA:59,1
DA:60,1
DA:63,1
DA:64,0
DA:65,0
DA:68,0
DA:74,0
DA:75,0
DA:78,0
DA:79,0
DA:80,0
DA:88,0
DA:94,0
DA:95,0
DA:99,1
DA:100,0
DA:102,0
DA:103,0
DA:105,0
DA:106,0
DA:108,0
DA:109,0
DA:111,0
DA:115,1
DA:120,0
DA:121,0
DA:167,0
DA:174,0
DA:187,0
DA:231,0
DA:232,0
DA:235,0
DA:249,0
DA:250,0
DA:257,0
DA:280,0
DA:285,0
LF:56
LH:24
BRDA:56,0,0,1
BRDA:56,0,1,0
BRDA:56,1,0,1
BRDA:56,1,1,0
BRDA:64,2,0,0
BRDA:64,2,1,0
BRDA:65,3,0,0
BRDA:80,4,0,0
BRDA:80,4,1,0
BRDA:82,5,0,0
BRDA:82,5,1,0
BRDA:84,6,0,0
BRDA:84,6,1,0
BRDA:84,7,0,0
BRDA:84,7,1,0
BRDA:100,8,0,0
BRDA:100,8,1,0
BRDA:100,8,2,0
BRDA:100,8,3,0
BRDA:129,9,0,1
BRDA:129,9,1,0
BRDA:139,10,0,1
BRDA:139,10,1,0
BRDA:146,11,0,0
BRDA:146,11,1,0
BRDA:182,12,0,0
BRDA:182,12,1,0
BRDA:191,13,0,0
BRDA:191,13,1,0
BRDA:197,14,0,0
BRDA:197,14,1,0
BRDA:205,15,0,0
BRDA:205,15,1,0
BRDA:213,16,0,0
BRDA:213,16,1,0
BRF:35
BRH:4
end_of_record
TN:
SF:src\components\DetailDialog.tsx
FN:20,(anonymous_0)
FNF:1
FNH:0
FNDA:0,(anonymous_0)
DA:1,1
DA:20,1
DA:28,0
LF:3
LH:2
BRDA:35,0,0,0
BRDA:35,0,1,0
BRDA:44,1,0,0
BRDA:44,1,1,0
BRF:4
BRH:0
end_of_record
TN:
SF:src\components\layout\Navbar.tsx
FN:24,(anonymous_0)
FN:31,(anonymous_1)
FN:32,(anonymous_2)
FN:36,(anonymous_3)
FN:65,(anonymous_4)
FN:69,(anonymous_5)
FN:70,(anonymous_6)
FN:87,(anonymous_7)
FN:112,(anonymous_8)
FN:115,(anonymous_9)
FN:123,(anonymous_10)
FN:134,(anonymous_11)
FN:139,(anonymous_12)
FN:145,(anonymous_13)
FN:150,(anonymous_14)
FN:160,(anonymous_15)
FN:163,(anonymous_16)
FN:174,(anonymous_17)
FN:178,(anonymous_18)
FNF:19
FNH:7
FNDA:4,(anonymous_0)
FNDA:3,(anonymous_1)
FNDA:0,(anonymous_2)
FNDA:3,(anonymous_3)
FNDA:20,(anonymous_4)
FNDA:0,(anonymous_5)
FNDA:0,(anonymous_6)
FNDA:0,(anonymous_7)
FNDA:0,(anonymous_8)
FNDA:0,(anonymous_9)
FNDA:1,(anonymous_10)
FNDA:5,(anonymous_11)
FNDA:0,(anonymous_12)
FNDA:3,(anonymous_13)
FNDA:0,(anonymous_14)
FNDA:0,(anonymous_15)
FNDA:0,(anonymous_16)
FNDA:0,(anonymous_17)
FNDA:0,(anonymous_18)
DA:1,2
DA:2,2
DA:3,2
DA:4,2
DA:5,2
DA:6,2
DA:8,2
DA:24,2
DA:25,4
DA:26,4
DA:27,4
DA:28,4
DA:29,4
DA:31,4
DA:32,3
DA:33,0
DA:35,3
DA:36,3
DA:39,4
DA:66,20
DA:69,0
DA:70,0
DA:88,0
DA:112,0
DA:115,0
DA:123,1
DA:135,5
DA:139,0
DA:146,3
DA:150,0
DA:160,0
DA:163,0
DA:174,0
DA:178,0
LF:34
LH:22
BRDA:43,0,0,0
BRDA:43,0,1,4
BRDA:69,1,0,0
BRDA:69,1,1,0
BRDA:80,2,0,20
BRDA:80,2,1,4
BRDA:84,3,0,20
BRDA:84,3,1,4
BRDA:84,3,2,0
BRDA:124,4,0,1
BRDA:124,4,1,3
BRDA:126,5,0,1
BRDA:126,5,1,3
BRDA:131,6,0,4
BRDA:131,6,1,1
BRDA:143,7,0,5
BRDA:143,7,1,1
BRF:17
BRH:13
end_of_record
TN:
SF:src\components\modals\BookingModal.tsx
FN:33,(anonymous_7)
FN:50,(anonymous_8)
FN:50,(anonymous_9)
FN:58,(anonymous_10)
FN:58,(anonymous_11)
FN:67,(anonymous_12)
FN:72,(anonymous_13)
FN:78,(anonymous_14)
FN:85,(anonymous_15)
FN:90,(anonymous_16)
FN:98,(anonymous_17)
FN:116,(anonymous_18)
FN:124,(anonymous_19)
FN:153,(anonymous_20)
FN:181,(anonymous_21)
FN:188,(anonymous_22)
FN:230,(anonymous_23)
FN:242,(anonymous_24)
FN:247,(anonymous_25)
FN:258,(anonymous_26)
FN:281,(anonymous_27)
FN:281,(anonymous_28)
FN:291,(anonymous_29)
FN:291,(anonymous_30)
FN:300,(anonymous_31)
FN:300,(anonymous_32)
FN:311,(anonymous_33)
FN:311,(anonymous_34)
FN:318,(anonymous_35)
FNF:29
FNH:10
FNDA:11,(anonymous_7)
FNDA:4,(anonymous_8)
FNDA:4,(anonymous_9)
FNDA:0,(anonymous_10)
FNDA:0,(anonymous_11)
FNDA:0,(anonymous_12)
FNDA:0,(anonymous_13)
FNDA:8,(anonymous_14)
FNDA:1,(anonymous_15)
FNDA:0,(anonymous_16)
FNDA:0,(anonymous_17)
FNDA:0,(anonymous_18)
FNDA:0,(anonymous_19)
FNDA:44,(anonymous_20)
FNDA:1,(anonymous_21)
FNDA:1,(anonymous_22)
FNDA:4,(anonymous_23)
FNDA:1,(anonymous_24)
FNDA:0,(anonymous_25)
FNDA:0,(anonymous_26)
FNDA:0,(anonymous_27)
FNDA:0,(anonymous_28)
FNDA:0,(anonymous_29)
FNDA:0,(anonymous_30)
FNDA:0,(anonymous_31)
FNDA:0,(anonymous_32)
FNDA:0,(anonymous_33)
FNDA:0,(anonymous_34)
FNDA:0,(anonymous_35)
DA:1,3
DA:2,3
DA:3,3
DA:4,3
DA:5,3
DA:6,3
DA:7,3
DA:8,3
DA:9,3
DA:10,3
DA:11,3
DA:12,3
DA:13,3
DA:33,3
DA:34,11
DA:35,11
DA:36,11
DA:37,11
DA:43,11
DA:45,11
DA:48,11
DA:50,4
DA:51,4
DA:52,4
DA:57,11
DA:58,0
DA:59,0
DA:64,0
DA:65,0
DA:68,0
DA:69,0
DA:70,0
DA:73,0
DA:74,0
DA:78,11
DA:79,8
DA:80,0
DA:81,0
DA:85,11
DA:86,1
DA:87,1
DA:90,11
DA:91,0
DA:92,0
DA:93,0
DA:95,0
DA:98,11
DA:99,0
DA:100,0
DA:101,0
DA:102,0
DA:105,0
DA:116,11
DA:117,0
DA:118,0
DA:119,0
DA:120,0
DA:121,0
DA:124,11
DA:125,0
DA:126,0
DA:129,11
DA:136,11
DA:154,44
DA:182,1
DA:188,1
DA:231,4
DA:243,1
DA:247,0
DA:258,0
DA:281,0
DA:291,0
DA:300,0
DA:311,0
DA:318,0
LF:75
LH:41
BRDA:34,0,0,11
BRDA:34,0,1,11
BRDA:48,1,0,9
BRDA:64,2,0,0
BRDA:79,3,0,0
BRDA:91,4,0,0
BRDA:91,5,0,0
BRDA:91,5,1,0
BRDA:100,6,0,0
BRDA:100,7,0,0
BRDA:100,7,1,0
BRDA:100,7,2,0
BRDA:100,7,3,0
BRDA:157,8,0,11
BRDA:157,8,1,33
BRDA:158,9,0,1
BRDA:158,9,1,32
BRDA:165,10,0,11
BRDA:165,10,1,33
BRDA:174,11,0,11
BRDA:174,11,1,10
BRDA:177,12,0,9
BRDA:177,12,1,1
BRDA:186,13,0,1
BRDA:186,13,1,0
BRDA:186,14,0,1
BRDA:186,14,1,0
BRDA:186,15,0,1
BRDA:186,15,1,0
BRDA:202,16,0,1
BRDA:202,16,1,0
BRDA:215,17,0,11
BRDA:215,17,1,1
BRDA:215,17,2,1
BRDA:245,18,0,0
BRDA:245,18,1,1
BRDA:268,19,0,11
BRDA:268,19,1,0
BRDA:268,19,2,0
BRDA:322,20,0,0
BRDA:322,20,1,0
BRDA:328,21,0,11
BRDA:328,21,1,0
BRDA:341,22,0,0
BRDA:341,22,1,0
BRDA:341,23,0,0
BRDA:341,23,1,0
BRF:47
BRH:23
end_of_record
TN:
SF:src\components\modals\PatientPortalModal.tsx
FN:16,(anonymous_0)
FN:21,(anonymous_1)
FN:32,(anonymous_2)
FN:38,(anonymous_3)
FN:44,(anonymous_4)
FN:74,(anonymous_5)
FN:74,(anonymous_6)
FN:84,(anonymous_7)
FN:84,(anonymous_8)
FNF:9
FNH:6
FNDA:8,(anonymous_0)
FNDA:1,(anonymous_1)
FNDA:0,(anonymous_2)
FNDA:0,(anonymous_3)
FNDA:0,(anonymous_4)
FNDA:1,(anonymous_5)
FNDA:1,(anonymous_6)
FNDA:1,(anonymous_7)
FNDA:1,(anonymous_8)
DA:1,3
DA:2,3
DA:3,3
DA:4,3
DA:5,3
DA:6,3
DA:7,3
DA:8,3
DA:9,3
DA:16,3
DA:17,8
DA:18,8
DA:19,8
DA:21,8
DA:22,1
DA:23,1
DA:24,0
DA:25,0
DA:28,1
DA:29,1
DA:32,8
DA:33,0
DA:34,0
DA:35,0
DA:38,8
DA:39,0
DA:40,0
DA:41,0
DA:44,8
DA:45,0
DA:46,0
DA:49,8
DA:74,1
DA:84,1
LF:34
LH:24
BRDA:23,0,0,0
BRDA:23,1,0,1
BRDA:23,1,1,1
BRDA:59,2,0,7
BRDA:59,2,1,1
BRF:5
BRH:4
end_of_record
TN:
SF:src\components\modals\SymptomsModal.tsx
FN:40,(anonymous_7)
FN:45,(anonymous_8)
FN:45,(anonymous_9)
FN:54,(anonymous_10)
FN:58,(anonymous_11)
FN:64,(anonymous_12)
FN:65,(anonymous_13)
FN:67,(anonymous_14)
FN:72,(anonymous_15)
FN:80,(anonymous_16)
FN:85,(anonymous_17)
FN:90,(anonymous_18)
FN:99,(anonymous_19)
FN:127,(anonymous_20)
FN:134,(anonymous_21)
FN:194,(anonymous_22)
FN:227,(anonymous_23)
FN:243,(anonymous_24)
FN:256,(anonymous_25)
FNF:19
FNH:14
FNDA:8,(anonymous_7)
FNDA:1,(anonymous_8)
FNDA:1,(anonymous_9)
FNDA:1,(anonymous_10)
FNDA:0,(anonymous_11)
FNDA:1,(anonymous_12)
FNDA:1,(anonymous_13)
FNDA:0,(anonymous_14)
FNDA:1,(anonymous_15)
FNDA:0,(anonymous_16)
FNDA:0,(anonymous_17)
FNDA:1,(anonymous_18)
FNDA:1,(anonymous_19)
FNDA:140,(anonymous_20)
FNDA:1,(anonymous_21)
FNDA:1,(anonymous_22)
FNDA:1,(anonymous_23)
FNDA:1,(anonymous_24)
FNDA:0,(anonymous_25)
DA:1,2
DA:2,2
DA:3,2
DA:4,2
DA:5,2
DA:6,2
DA:7,2
DA:8,2
DA:9,2
DA:17,2
DA:40,2
DA:41,8
DA:42,8
DA:44,8
DA:45,1
DA:46,1
DA:51,1
DA:52,1
DA:55,1
DA:56,1
DA:59,0
DA:60,0
DA:64,8
DA:65,1
DA:66,1
DA:67,0
DA:72,8
DA:73,1
DA:74,0
DA:75,0
DA:77,1
DA:80,8
DA:81,0
DA:82,0
DA:85,8
DA:86,0
DA:87,0
DA:90,8
DA:91,1
DA:92,1
DA:93,0
DA:94,0
DA:95,0
DA:99,8
DA:100,1
DA:101,1
DA:102,0
DA:103,0
DA:104,0
DA:108,8
DA:128,140
DA:129,140
DA:131,140
DA:134,1
DA:195,1
DA:196,1
DA:228,1
DA:244,1
DA:256,0
LF:59
LH:43
BRDA:40,0,0,7
BRDA:51,1,0,0
BRDA:66,2,0,0
BRDA:66,2,1,1
BRDA:73,3,0,0
BRDA:91,4,0,1
BRDA:91,4,1,0
BRDA:91,4,2,0
BRDA:91,4,3,0
BRDA:100,5,0,1
BRDA:100,5,1,0
BRDA:100,5,2,0
BRDA:100,5,3,0
BRDA:118,6,0,7
BRDA:118,6,1,1
BRDA:137,7,0,2
BRDA:137,7,1,138
BRDA:144,8,0,2
BRDA:144,8,1,138
BRDA:148,9,0,2
BRDA:148,9,1,138
BRDA:158,10,0,7
BRDA:158,10,1,2
BRDA:161,11,0,0
BRDA:161,11,1,2
BRDA:181,12,0,7
BRDA:181,12,1,2
BRDA:185,13,0,0
BRDA:185,13,1,7
BRDA:219,14,0,1
BRDA:219,14,1,1
BRDA:219,14,2,1
BRDA:261,15,0,1
BRDA:261,15,1,1
BRF:34
BRH:23
end_of_record
TN:
SF:src\components\modals\TelehealthModal.tsx
FN:30,(anonymous_7)
FN:39,(anonymous_8)
FN:39,(anonymous_9)
FN:46,(anonymous_10)
FN:52,(anonymous_11)
FN:56,(anonymous_12)
FN:63,(anonymous_13)
FN:74,(anonymous_14)
FN:81,(anonymous_15)
FN:90,(anonymous_16)
FN:94,(anonymous_17)
FN:110,(anonymous_18)
FN:114,(anonymous_19)
FN:121,(anonymous_20)
FN:190,(anonymous_21)
FN:220,(anonymous_22)
FN:222,(anonymous_23)
FN:263,(anonymous_24)
FN:270,(anonymous_25)
FNF:19
FNH:7
FNDA:6,(anonymous_7)
FNDA:2,(anonymous_8)
FNDA:2,(anonymous_9)
FNDA:4,(anonymous_10)
FNDA:1,(anonymous_11)
FNDA:0,(anonymous_12)
FNDA:0,(anonymous_13)
FNDA:0,(anonymous_14)
FNDA:0,(anonymous_15)
FNDA:0,(anonymous_16)
FNDA:0,(anonymous_17)
FNDA:0,(anonymous_18)
FNDA:0,(anonymous_19)
FNDA:0,(anonymous_20)
FNDA:0,(anonymous_21)
FNDA:0,(anonymous_22)
FNDA:0,(anonymous_23)
FNDA:2,(anonymous_24)
FNDA:1,(anonymous_25)
DA:1,2
DA:2,2
DA:3,2
DA:4,2
DA:5,2
DA:6,2
DA:7,2
DA:8,2
DA:9,2
DA:10,2
DA:30,2
DA:31,6
DA:32,6
DA:33,6
DA:34,6
DA:37,6
DA:39,2
DA:40,2
DA:41,2
DA:46,6
DA:47,4
DA:48,0
DA:52,6
DA:53,1
DA:56,6
DA:57,0
DA:59,0
DA:60,0
DA:63,0
DA:64,0
DA:66,0
DA:74,6
DA:75,0
DA:76,0
DA:77,0
DA:78,0
DA:81,6
DA:82,0
DA:84,0
DA:90,0
DA:91,0
DA:94,0
DA:95,0
DA:102,0
DA:104,0
DA:110,0
DA:114,6
DA:115,0
DA:116,0
DA:117,0
DA:118,0
DA:121,6
DA:122,0
DA:123,0
DA:125,0
DA:126,0
DA:129,6
DA:130,0
DA:191,0
DA:220,0
DA:222,0
DA:235,6
DA:264,2
DA:270,1
LF:64
LH:32
BRDA:31,0,0,6
BRDA:31,0,1,6
BRDA:37,1,0,4
BRDA:47,2,0,0
BRDA:57,3,0,0
BRDA:82,4,0,0
BRDA:122,5,0,0
BRDA:129,6,0,0
BRDA:129,7,0,6
BRDA:129,7,1,0
BRDA:195,8,0,0
BRDA:195,8,1,0
BRDA:201,9,0,0
BRDA:201,9,1,0
BRDA:222,10,0,0
BRDA:222,10,1,0
BRDA:253,11,0,4
BRDA:253,11,1,2
BRDA:255,12,0,0
BRDA:255,12,1,2
BRDA:268,13,0,2
BRDA:268,13,1,1
BRDA:268,14,0,1
BRDA:268,14,1,1
BRDA:268,15,0,2
BRDA:268,15,1,1
BRDA:306,16,0,6
BRDA:306,16,1,1
BRF:28
BRH:15
end_of_record
TN:
SF:src\components\sections\AboutSection.tsx
FN:52,(anonymous_0)
FN:55,(anonymous_1)
FN:83,(anonymous_2)
FN:106,(anonymous_3)
FN:137,(anonymous_4)
FNF:5
FNH:2
FNDA:1,(anonymous_0)
FNDA:0,(anonymous_1)
FNDA:6,(anonymous_2)
FNDA:0,(anonymous_3)
FNDA:0,(anonymous_4)
DA:1,1
DA:2,1
DA:3,1
DA:4,1
DA:5,1
DA:7,1
DA:52,1
DA:53,1
DA:55,1
DA:56,0
DA:57,0
DA:58,0
DA:60,0
DA:62,0
DA:65,1
DA:84,6
DA:85,6
DA:87,6
DA:106,0
DA:137,0
LF:20
LH:13
BRDA:57,0,0,0
BRDA:57,0,1,0
BRDA:109,1,0,0
BRDA:109,1,1,6
BRDA:124,2,0,0
BRDA:124,2,1,6
BRDA:140,3,0,0
BRDA:140,3,1,6
BRF:8
BRH:3
end_of_record
TN:
SF:src\components\sections\DoctorsSection.tsx
FN:60,(anonymous_0)
FN:66,(anonymous_1)
FN:71,(anonymous_2)
FN:99,(anonymous_3)
FN:156,(anonymous_4)
FN:165,(anonymous_5)
FN:183,(anonymous_6)
FN:201,(anonymous_7)
FN:208,(anonymous_8)
FNF:9
FNH:3
FNDA:1,(anonymous_0)
FNDA:0,(anonymous_1)
FNDA:0,(anonymous_2)
FNDA:4,(anonymous_3)
FNDA:0,(anonymous_4)
FNDA:0,(anonymous_5)
FNDA:4,(anonymous_6)
FNDA:0,(anonymous_7)
FNDA:0,(anonymous_8)
DA:1,1
DA:2,1
DA:3,1
DA:4,1
DA:6,1
DA:7,1
DA:9,1
DA:60,1
DA:61,1
DA:62,1
DA:63,1
DA:64,1
DA:66,1
DA:67,0
DA:68,0
DA:71,1
DA:72,0
DA:73,0
DA:76,1
DA:100,4
DA:156,0
DA:165,0
DA:184,4
DA:201,0
DA:208,0
LF:25
LH:17
BRDA:118,0,0,3
BRDA:118,0,1,1
BRF:2
BRH:2
end_of_record
TN:
SF:src\components\sections\Footer.tsx
FN:32,(anonymous_0)
FN:96,(anonymous_1)
FN:109,(anonymous_2)
FN:122,(anonymous_3)
FN:142,(anonymous_4)
FNF:5
FNH:5
FNDA:1,(anonymous_0)
FNDA:4,(anonymous_1)
FNDA:4,(anonymous_2)
FNDA:4,(anonymous_3)
FNDA:4,(anonymous_4)
DA:1,1
DA:2,1
DA:4,1
DA:25,1
DA:32,1
DA:33,1
DA:97,4
DA:110,4
DA:123,4
DA:143,4
DA:144,4
LF:11
LH:11
BRF:0
BRH:0
end_of_record
TN:
SF:src\components\sections\HeroSection.tsx
FN:8,(anonymous_0)
FN:64,(anonymous_1)
FN:68,(anonymous_2)
FN:72,(anonymous_3)
FN:82,(anonymous_4)
FN:132,(anonymous_5)
FN:136,(anonymous_6)
FN:140,(anonymous_7)
FNF:8
FNH:2
FNDA:1,(anonymous_0)
FNDA:0,(anonymous_1)
FNDA:0,(anonymous_2)
FNDA:0,(anonymous_3)
FNDA:4,(anonymous_4)
FNDA:0,(anonymous_5)
FNDA:0,(anonymous_6)
FNDA:0,(anonymous_7)
DA:1,1
DA:2,1
DA:3,1
DA:4,1
DA:5,1
DA:6,1
DA:8,1
DA:9,1
DA:10,1
DA:11,1
DA:13,1
DA:64,0
DA:68,0
DA:72,0
DA:83,4
DA:132,0
DA:136,0
DA:140,0
LF:18
LH:12
BRF:0
BRH:0
end_of_record
TN:
SF:src\components\sections\ServicesSection.tsx
FN:92,(anonymous_0)
FN:98,(anonymous_1)
FN:102,(anonymous_2)
FN:120,(anonymous_3)
FN:142,(anonymous_4)
FN:149,(anonymous_5)
FN:277,(anonymous_6)
FN:288,(anonymous_7)
FN:293,(anonymous_8)
FN:298,(anonymous_9)
FNF:10
FNH:2
FNDA:1,(anonymous_0)
FNDA:0,(anonymous_1)
FNDA:0,(anonymous_2)
FNDA:0,(anonymous_3)
FNDA:8,(anonymous_4)
FNDA:0,(anonymous_5)
FNDA:0,(anonymous_6)
FNDA:0,(anonymous_7)
FNDA:0,(anonymous_8)
FNDA:0,(anonymous_9)
DA:1,1
DA:2,1
DA:16,1
DA:17,1
DA:18,1
DA:19,1
DA:20,1
DA:21,1
DA:23,1
DA:74,1
DA:92,1
DA:93,1
DA:94,1
DA:95,1
DA:96,1
DA:98,1
DA:99,0
DA:102,1
DA:103,0
DA:104,0
DA:106,0
DA:107,0
DA:109,0
DA:110,0
DA:112,0
DA:113,0
DA:116,0
DA:120,1
DA:121,0
DA:124,1
DA:143,8
DA:144,8
DA:146,8
DA:149,0
DA:277,0
DA:288,0
DA:293,0
DA:298,0
LF:38
LH:22
BRDA:104,0,0,0
BRDA:104,0,1,0
BRDA:104,0,2,0
BRDA:104,0,3,0
BRDA:202,1,0,1
BRDA:202,1,1,0
BRF:6
BRH:1
end_of_record
TN:
SF:src\components\sections\SymptomCheckerSection.tsx
FN:29,(anonymous_0)
FN:34,(anonymous_1)
FN:35,(anonymous_2)
FN:37,(anonymous_3)
FN:42,(anonymous_4)
FN:46,(anonymous_5)
FN:50,(anonymous_6)
FN:54,(anonymous_7)
FN:88,(anonymous_8)
FN:117,(anonymous_9)
FN:124,(anonymous_10)
FN:256,(anonymous_11)
FN:275,(anonymous_12)
FNF:13
FNH:3
FNDA:1,(anonymous_0)
FNDA:0,(anonymous_1)
FNDA:0,(anonymous_2)
FNDA:0,(anonymous_3)
FNDA:0,(anonymous_4)
FNDA:0,(anonymous_5)
FNDA:0,(anonymous_6)
FNDA:0,(anonymous_7)
FNDA:4,(anonymous_8)
FNDA:6,(anonymous_9)
FNDA:0,(anonymous_10)
FNDA:0,(anonymous_11)
FNDA:0,(anonymous_12)
DA:1,1
DA:2,1
DA:3,1
DA:16,1
DA:17,1
DA:18,1
DA:20,1
DA:29,1
DA:30,1
DA:31,1
DA:32,1
DA:34,1
DA:35,0
DA:36,0
DA:37,0
DA:42,1
DA:43,0
DA:46,1
DA:47,0
DA:50,1
DA:51,0
DA:54,1
DA:55,0
DA:58,1
DA:89,4
DA:118,6
DA:119,6
DA:121,6
DA:124,0
DA:257,0
DA:275,0
LF:31
LH:21
BRDA:36,0,0,0
BRDA:36,0,1,0
BRDA:127,1,0,0
BRDA:127,1,1,6
BRDA:134,2,0,0
BRDA:134,2,1,6
BRDA:138,3,0,0
BRDA:138,3,1,6
BRDA:148,4,0,1
BRDA:148,4,1,0
BRDA:150,5,0,0
BRDA:150,5,1,0
BRDA:188,6,0,1
BRDA:188,6,1,0
BRDA:193,7,0,0
BRDA:193,7,1,0
BRDA:197,8,0,0
BRDA:197,8,1,0
BRDA:209,9,0,0
BRDA:209,9,1,0
BRDA:246,10,0,0
BRDA:246,10,1,0
BRF:22
BRH:5
end_of_record
TN:
SF:src\components\sections\TestimonialsSection.tsx
FN:28,(anonymous_0)
FN:47,(anonymous_1)
FN:62,(anonymous_2)
FN:93,(anonymous_3)
FNF:4
FNH:4
FNDA:1,(anonymous_0)
FNDA:3,(anonymous_1)
FNDA:15,(anonymous_2)
FNDA:4,(anonymous_3)
DA:1,1
DA:2,1
DA:4,1
DA:28,1
DA:29,1
DA:48,3
DA:63,15
DA:94,4
LF:8
LH:8
BRF:0
BRH:0
end_of_record
TN:
SF:src\components\sections\WellnessSection.tsx
FN:38,(anonymous_0)
FN:70,(anonymous_1)
FN:125,(anonymous_2)
FNF:3
FNH:3
FNDA:1,(anonymous_0)
FNDA:4,(anonymous_1)
FNDA:5,(anonymous_2)
DA:1,1
DA:2,1
DA:3,1
DA:5,1
DA:36,1
DA:38,1
DA:39,1
DA:71,4
DA:72,4
DA:78,4
DA:126,5
LF:11
LH:11
BRF:0
BRH:0
end_of_record
TN:
SF:src\components\ui\accordion.tsx
FN:12,(anonymous_10)
FN:20,(anonymous_11)
FN:40,(anonymous_12)
FNF:3
FNH:0
FNDA:0,(anonymous_10)
FNDA:0,(anonymous_11)
FNDA:0,(anonymous_12)
DA:1,1
DA:2,1
DA:3,1
DA:5,1
DA:7,1
DA:9,1
DA:12,0
DA:15,1
DA:17,1
DA:20,0
DA:35,1
DA:37,1
DA:40,0
DA:50,1
DA:52,1
LF:15
LH:12
BRF:0
BRH:0
end_of_record
TN:
SF:src\components\ui\alert-dialog.tsx
FN:16,(anonymous_10)
FN:31,(anonymous_11)
FN:46,(anonymous_12)
FN:51,(anonymous_13)
FN:59,(anonymous_14)
FN:67,(anonymous_15)
FN:75,(anonymous_16)
FN:83,(anonymous_17)
FNF:8
FNH:0
FNDA:0,(anonymous_10)
FNDA:0,(anonymous_11)
FNDA:0,(anonymous_12)
FNDA:0,(anonymous_13)
FNDA:0,(anonymous_14)
FNDA:0,(anonymous_15)
FNDA:0,(anonymous_16)
FNDA:0,(anonymous_17)
DA:1,1
DA:2,1
DA:4,1
DA:5,1
DA:7,1
DA:9,1
DA:11,1
DA:13,1
DA:16,0
DA:26,1
DA:28,1
DA:31,0
DA:44,1
DA:46,1
DA:49,1
DA:51,1
DA:54,1
DA:56,1
DA:59,0
DA:62,1
DA:64,1
DA:67,0
DA:70,1
DA:72,1
DA:75,0
DA:78,1
DA:80,1
DA:83,0
DA:90,1
DA:93,1
DA:94,1
DA:95,1
DA:96,1
DA:97,1
DA:98,1
DA:99,1
DA:100,1
DA:101,1
DA:102,1
DA:103,1
LF:40
LH:34
BRF:0
BRH:0
end_of_record
TN:
SF:src\components\ui\alert.tsx
FN:24,(anonymous_10)
FN:30,(anonymous_11)
FN:37,(anonymous_12)
FNF:3
FNH:0
FNDA:0,(anonymous_10)
FNDA:0,(anonymous_11)
FNDA:0,(anonymous_12)
DA:1,1
DA:2,1
DA:4,1
DA:6,1
DA:21,1
DA:24,0
DA:27,1
DA:29,1
DA:30,0
DA:34,1
DA:36,1
DA:37,0
DA:41,1
DA:43,1
LF:14
LH:11
BRF:0
BRH:0
end_of_record
TN:
SF:src\components\ui\aspect-ratio.tsx
FNF:0
FNH:0
DA:1,1
DA:3,1
DA:5,1
LF:3
LH:3
BRF:0
BRH:0
end_of_record
TN:
SF:src\components\ui\avatar.tsx
FN:9,(anonymous_10)
FN:21,(anonymous_11)
FN:29,(anonymous_12)
FNF:3
FNH:0
FNDA:0,(anonymous_10)
FNDA:0,(anonymous_11)
FNDA:0,(anonymous_12)
DA:1,1
DA:2,1
DA:4,1
DA:6,1
DA:9,0
DA:16,1
DA:18,1
DA:21,0
DA:24,1
DA:26,1
DA:29,0
DA:36,1
DA:38,1
LF:13
LH:10
BRF:0
BRH:0
end_of_record
TN:
SF:src\components\ui\badge.tsx
FN:25,Badge
FNF:1
FNH:1
FNDA:5,Badge
DA:2,4
DA:4,4
DA:6,4
DA:25,5
DA:26,5
DA:29,4
LF:6
LH:6
BRF:0
BRH:0
end_of_record
TN:
SF:src\components\ui\breadcrumb.tsx
FN:12,(anonymous_10)
FN:16,(anonymous_11)
FN:30,(anonymous_12)
FN:41,(anonymous_13)
FN:49,(anonymous_14)
FN:62,(anonymous_15)
FN:69,(anonymous_16)
FNF:7
FNH:1
FNDA:0,(anonymous_10)
FNDA:0,(anonymous_11)
FNDA:0,(anonymous_12)
FNDA:0,(anonymous_13)
FNDA:0,(anonymous_14)
FNDA:1,(anonymous_15)
FNDA:0,(anonymous_16)
DA:1,1
DA:2,1
DA:3,1
DA:5,1
DA:7,1
DA:12,0
DA:13,1
DA:15,1
DA:16,0
DA:27,1
DA:29,1
DA:30,0
DA:34,1
DA:36,1
DA:41,0
DA:42,0
DA:44,0
DA:46,1
DA:48,1
DA:49,0
DA:60,1
DA:62,1
DA:67,1
DA:69,1
DA:80,1
DA:83,1
DA:84,1
DA:85,1
DA:86,1
DA:87,1
DA:88,1
DA:89,1
LF:32
LH:25
BRDA:42,0,0,0
BRDA:42,0,1,0
BRDA:64,1,0,0
BRDA:64,1,1,1
BRDA:64,2,0,1
BRDA:64,2,1,1
BRF:6
BRH:3
end_of_record
TN:
SF:src\components\ui\button.tsx
FN:56,(anonymous_10)
FNF:1
FNH:1
FNDA:55,(anonymous_10)
DA:1,4
DA:2,4
DA:3,4
DA:5,4
DA:7,4
DA:55,4
DA:56,55
DA:57,55
DA:58,55
DA:67,4
DA:69,4
LF:11
LH:11
BRDA:56,0,0,55
BRDA:57,1,0,0
BRDA:57,1,1,55
BRF:3
BRH:2
end_of_record
TN:
SF:src\components\ui\calendar.tsx
FN:10,Calendar
FN:45,(anonymous_2)
FN:46,(anonymous_3)
FNF:3
FNH:3
FNDA:1,Calendar
FNDA:2,(anonymous_2)
FNDA:2,(anonymous_3)
DA:2,1
DA:3,1
DA:5,1
DA:6,1
DA:10,1
DA:11,1
DA:45,2
DA:46,2
DA:52,1
DA:54,1
LF:10
LH:10
BRDA:10,0,0,1
BRF:1
BRH:1
end_of_record
TN:
SF:src\components\ui\card.tsx
FN:5,(anonymous_10)
FN:11,(anonymous_11)
FN:18,(anonymous_12)
FN:25,(anonymous_13)
FN:32,(anonymous_14)
FN:37,(anonymous_15)
FNF:6
FNH:4
FNDA:17,(anonymous_10)
FNDA:4,(anonymous_11)
FNDA:4,(anonymous_12)
FNDA:0,(anonymous_13)
FNDA:17,(anonymous_14)
FNDA:0,(anonymous_15)
DA:1,4
DA:3,4
DA:5,17
DA:8,4
DA:10,4
DA:11,4
DA:15,4
DA:17,4
DA:18,4
DA:22,4
DA:24,4
DA:25,0
DA:29,4
DA:31,4
DA:32,17
DA:34,4
DA:36,4
DA:37,0
DA:41,4
DA:43,4
LF:20
LH:18
BRF:0
BRH:0
end_of_record
TN:
SF:src\components\ui\carousel.tsx
FN:31,useCarousel
FN:42,(anonymous_12)
FN:53,(anonymous_13)
FN:62,(anonymous_14)
FN:66,(anonymous_15)
FN:71,(anonymous_16)
FN:83,(anonymous_17)
FN:91,(anonymous_18)
FN:100,(anonymous_19)
FN:135,(anonymous_20)
FN:152,(anonymous_21)
FN:169,(anonymous_22)
FN:197,(anonymous_23)
FNF:13
FNH:0
FNDA:0,useCarousel
FNDA:0,(anonymous_12)
FNDA:0,(anonymous_13)
FNDA:0,(anonymous_14)
FNDA:0,(anonymous_15)
FNDA:0,(anonymous_16)
FNDA:0,(anonymous_17)
FNDA:0,(anonymous_18)
FNDA:0,(anonymous_19)
FNDA:0,(anonymous_20)
FNDA:0,(anonymous_21)
FNDA:0,(anonymous_22)
FNDA:0,(anonymous_23)
DA:1,1
DA:2,1
DA:3,1
DA:5,1
DA:6,1
DA:29,1
DA:32,0
DA:34,0
DA:35,0
DA:38,0
DA:41,1
DA:42,0
DA:43,0
DA:50,0
DA:51,0
DA:53,0
DA:54,0
DA:55,0
DA:58,0
DA:59,0
DA:62,0
DA:63,0
DA:66,0
DA:67,0
DA:70,0
DA:72,0
DA:73,0
DA:74,0
DA:75,0
DA:76,0
DA:77,0
DA:83,0
DA:84,0
DA:85,0
DA:88,0
DA:91,0
DA:92,0
DA:93,0
DA:96,0
DA:97,0
DA:98,0
DA:100,0
DA:101,0
DA:105,0
DA:132,1
DA:134,1
DA:135,0
DA:136,0
DA:138,0
DA:149,1
DA:151,1
DA:152,0
DA:153,0
DA:155,0
DA:166,1
DA:168,1
DA:169,0
DA:170,0
DA:172,0
DA:194,1
DA:196,1
DA:197,0
DA:198,0
DA:200,0
DA:222,1
DA:224,1
LF:66
LH:17
BRDA:34,0,0,0
BRDA:42,1,0,0
BRDA:46,2,0,0
BRDA:46,2,1,0
BRDA:54,3,0,0
BRDA:63,4,0,0
BRDA:63,4,1,0
BRDA:63,5,0,0
BRDA:63,5,1,0
BRDA:67,6,0,0
BRDA:67,6,1,0
BRDA:67,7,0,0
BRDA:67,7,1,0
BRDA:72,8,0,0
BRDA:72,8,1,0
BRDA:75,9,0,0
BRDA:84,10,0,0
BRDA:84,11,0,0
BRDA:84,11,1,0
BRDA:92,12,0,0
BRDA:101,13,0,0
BRDA:101,13,1,0
BRDA:101,14,0,0
BRDA:101,14,1,0
BRDA:111,15,0,0
BRDA:111,15,1,0
BRDA:111,16,0,0
BRDA:111,16,1,0
BRDA:111,17,0,0
BRDA:111,17,1,0
BRDA:111,18,0,0
BRDA:111,18,1,0
BRDA:142,19,0,0
BRDA:142,19,1,0
BRDA:160,20,0,0
BRDA:160,20,1,0
BRDA:169,21,0,0
BRDA:169,22,0,0
BRDA:179,23,0,0
BRDA:179,23,1,0
BRDA:197,24,0,0
BRDA:197,25,0,0
BRDA:207,26,0,0
BRDA:207,26,1,0
BRF:44
BRH:0
end_of_record
TN:
SF:src\components\ui\chart.tsx
FN:22,useChart
FN:38,(anonymous_11)
FN:61,(anonymous_12)
FN:62,(anonymous_13)
FN:73,(anonymous_14)
FN:76,(anonymous_15)
FN:103,(anonymous_16)
FN:123,(anonymous_17)
FN:163,(anonymous_18)
FN:237,(anonymous_19)
FN:249,(anonymous_20)
FN:278,getPayloadConfigFromPayload
FNF:12
FNH:0
FNDA:0,useChart
FNDA:0,(anonymous_11)
FNDA:0,(anonymous_12)
FNDA:0,(anonymous_13)
FNDA:0,(anonymous_14)
FNDA:0,(anonymous_15)
FNDA:0,(anonymous_16)
FNDA:0,(anonymous_17)
FNDA:0,(anonymous_18)
FNDA:0,(anonymous_19)
FNDA:0,(anonymous_20)
FNDA:0,getPayloadConfigFromPayload
DA:1,1
DA:2,1
DA:4,1
DA:7,1
DA:20,1
DA:23,0
DA:25,0
DA:26,0
DA:29,0
DA:32,1
DA:38,0
DA:39,0
DA:40,0
DA:42,0
DA:59,1
DA:61,1
DA:62,0
DA:64,0
DA:65,0
DA:68,0
DA:73,0
DA:77,0
DA:78,0
DA:90,1
DA:92,1
DA:121,0
DA:123,0
DA:124,0
DA:125,0
DA:128,0
DA:129,0
DA:130,0
DA:132,0
DA:136,0
DA:137,0
DA:140,0
DA:141,0
DA:144,0
DA:147,0
DA:148,0
DA:151,0
DA:153,0
DA:164,0
DA:165,0
DA:166,0
DA:168,0
DA:226,1
DA:228,1
DA:230,1
DA:238,0
DA:240,0
DA:241,0
DA:244,0
DA:250,0
DA:251,0
DA:253,0
DA:275,1
DA:279,0
DA:280,0
DA:284,0
DA:288,0
DA:290,0
DA:291,0
DA:292,0
DA:297,0
DA:300,0
DA:303,1
LF:67
LH:15
BRDA:25,0,0,0
BRDA:40,1,0,0
BRDA:40,1,1,0
BRDA:62,2,0,0
BRDA:62,2,1,0
BRDA:64,3,0,0
BRDA:77,4,0,0
BRDA:77,4,1,0
BRDA:77,5,0,0
BRDA:77,5,1,0
BRDA:77,6,0,0
BRDA:77,6,1,0
BRDA:78,7,0,0
BRDA:78,7,1,0
BRDA:108,8,0,0
BRDA:109,9,0,0
BRDA:110,10,0,0
BRDA:124,11,0,0
BRDA:124,12,0,0
BRDA:124,12,1,0
BRDA:124,13,0,0
BRDA:124,13,1,0
BRDA:124,14,0,0
BRDA:124,14,1,0
BRDA:129,15,0,0
BRDA:129,15,1,0
BRDA:129,15,2,0
BRDA:129,15,3,0
BRDA:132,16,0,0
BRDA:132,16,1,0
BRDA:132,17,0,0
BRDA:132,17,1,0
BRDA:133,18,0,0
BRDA:133,18,1,0
BRDA:133,19,0,0
BRDA:133,19,1,0
BRDA:133,20,0,0
BRDA:133,20,1,0
BRDA:134,21,0,0
BRDA:134,21,1,0
BRDA:134,22,0,0
BRDA:134,22,1,0
BRDA:136,23,0,0
BRDA:140,24,0,0
BRDA:147,25,0,0
BRDA:147,26,0,0
BRDA:147,26,1,0
BRDA:147,27,0,0
BRDA:147,27,1,0
BRDA:147,28,0,0
BRDA:147,28,1,0
BRDA:151,29,0,0
BRDA:151,29,1,0
BRDA:161,30,0,0
BRDA:161,30,1,0
BRDA:164,31,0,0
BRDA:164,31,1,0
BRDA:164,31,2,0
BRDA:164,31,3,0
BRDA:166,32,0,0
BRDA:166,32,1,0
BRDA:166,32,2,0
BRDA:173,33,0,0
BRDA:173,33,1,0
BRDA:176,34,0,0
BRDA:176,34,1,0
BRDA:176,35,0,0
BRDA:176,35,1,0
BRDA:176,35,2,0
BRDA:176,36,0,0
BRDA:176,36,1,0
BRDA:176,37,0,0
BRDA:176,37,1,0
BRDA:180,38,0,0
BRDA:180,38,1,0
BRDA:180,39,0,0
BRDA:180,39,1,0
BRDA:180,40,0,0
BRDA:180,40,1,0
BRDA:183,41,0,0
BRDA:183,41,1,0
BRDA:189,42,0,0
BRDA:189,42,1,0
BRDA:203,43,0,0
BRDA:203,43,1,0
BRDA:207,44,0,0
BRDA:207,44,1,0
BRDA:208,45,0,0
BRDA:208,45,1,0
BRDA:208,46,0,0
BRDA:208,46,1,0
BRDA:208,47,0,0
BRDA:208,47,1,0
BRDA:210,48,0,0
BRDA:210,48,1,0
BRDA:237,49,0,0
BRDA:237,50,0,0
BRDA:240,51,0,0
BRDA:240,52,0,0
BRDA:240,52,1,0
BRDA:240,53,0,0
BRDA:240,53,1,0
BRDA:247,54,0,0
BRDA:247,54,1,0
BRDA:250,55,0,0
BRDA:250,55,1,0
BRDA:250,55,2,0
BRDA:258,56,0,0
BRDA:258,56,1,0
BRDA:258,57,0,0
BRDA:258,57,1,0
BRDA:258,58,0,0
BRDA:258,58,1,0
BRDA:258,59,0,0
BRDA:258,59,1,0
BRDA:268,60,0,0
BRDA:268,60,1,0
BRDA:268,61,0,0
BRDA:268,61,1,0
BRDA:279,62,0,0
BRDA:279,63,0,0
BRDA:279,63,1,0
BRDA:284,64,0,0
BRDA:284,64,1,0
BRDA:284,65,0,0
BRDA:284,65,1,0
BRDA:284,65,2,0
BRDA:290,66,0,0
BRDA:290,66,1,0
BRDA:290,67,0,0
BRDA:290,67,1,0
BRDA:292,68,0,0
BRDA:293,69,0,0
BRDA:293,69,1,0
BRDA:293,69,2,0
BRDA:300,70,0,0
BRDA:300,70,1,0
BRF:137
BRH:0
end_of_record
TN:
SF:src\components\ui\checkbox.tsx
FN:10,(anonymous_10)
FNF:1
FNH:0
FNDA:0,(anonymous_10)
DA:1,1
DA:2,1
DA:3,1
DA:5,1
DA:7,1
DA:10,0
DA:24,1
DA:26,1
LF:8
LH:7
BRF:0
BRH:0
end_of_record
TN:
SF:src\components\ui\collapsible.tsx
FNF:0
FNH:0
DA:1,1
DA:3,1
DA:5,1
DA:7,1
DA:9,1
LF:5
LH:5
BRF:0
BRH:0
end_of_record
TN:
SF:src\components\ui\command.tsx
FN:12,(anonymous_10)
FN:26,(anonymous_11)
FN:41,(anonymous_12)
FN:60,(anonymous_13)
FN:73,(anonymous_14)
FN:80,(anonymous_15)
FN:96,(anonymous_16)
FN:104,(anonymous_17)
FN:117,(anonymous_18)
FNF:9
FNH:1
FNDA:0,(anonymous_10)
FNDA:1,(anonymous_11)
FNDA:0,(anonymous_12)
FNDA:0,(anonymous_13)
FNDA:0,(anonymous_14)
FNDA:0,(anonymous_15)
FNDA:0,(anonymous_16)
FNDA:0,(anonymous_17)
FNDA:0,(anonymous_18)
DA:1,1
DA:3,1
DA:4,1
DA:6,1
DA:7,1
DA:9,1
DA:12,0
DA:22,1
DA:26,1
DA:27,1
DA:38,1
DA:41,0
DA:55,1
DA:57,1
DA:60,0
DA:68,1
DA:70,1
DA:73,0
DA:75,1
DA:77,1
DA:80,0
DA:91,1
DA:93,1
DA:96,0
DA:99,1
DA:101,1
DA:104,0
DA:115,1
DA:117,1
DA:118,0
DA:120,1
DA:123,1
DA:124,1
DA:125,1
DA:126,1
DA:127,1
DA:128,1
DA:129,1
DA:130,1
DA:131,1
LF:40
LH:32
BRF:0
BRH:0
end_of_record
TN:
SF:src\components\ui\context-menu.tsx
FN:24,(anonymous_10)
FN:43,(anonymous_11)
FN:58,(anonymous_12)
FN:77,(anonymous_13)
FN:93,(anonymous_14)
FN:116,(anonymous_15)
FN:140,(anonymous_16)
FN:152,(anonymous_17)
FN:157,(anonymous_18)
FNF:9
FNH:0
FNDA:0,(anonymous_10)
FNDA:0,(anonymous_11)
FNDA:0,(anonymous_12)
FNDA:0,(anonymous_13)
FNDA:0,(anonymous_14)
FNDA:0,(anonymous_15)
FNDA:0,(anonymous_16)
FNDA:0,(anonymous_17)
FNDA:0,(anonymous_18)
DA:1,1
DA:2,1
DA:3,1
DA:5,1
DA:7,1
DA:9,1
DA:11,1
DA:13,1
DA:15,1
DA:17,1
DA:19,1
DA:24,0
DA:38,1
DA:40,1
DA:43,0
DA:53,1
DA:55,1
DA:58,0
DA:70,1
DA:72,1
DA:77,0
DA:88,1
DA:90,1
DA:93,0
DA:111,1
DA:113,1
DA:116,0
DA:133,1
DA:135,1
DA:140,0
DA:147,1
DA:149,1
DA:152,0
DA:155,1
DA:157,1
DA:158,0
DA:160,1
DA:163,1
DA:164,1
DA:165,1
DA:166,1
DA:167,1
DA:168,1
DA:169,1
DA:170,1
DA:171,1
DA:172,1
DA:173,1
DA:174,1
DA:175,1
DA:176,1
DA:177,1
LF:52
LH:43
BRDA:29,0,0,0
BRDA:29,0,1,0
BRDA:82,1,0,0
BRDA:82,1,1,0
BRDA:143,2,0,0
BRDA:143,2,1,0
BRF:6
BRH:0
end_of_record
TN:
SF:src\components\ui\dialog.tsx
FN:18,(anonymous_10)
FN:33,(anonymous_11)
FN:54,(anonymous_12)
FN:59,(anonymous_13)
FN:67,(anonymous_14)
FN:79,(anonymous_15)
FNF:6
FNH:4
FNDA:18,(anonymous_10)
FNDA:34,(anonymous_11)
FNDA:14,(anonymous_12)
FNDA:0,(anonymous_13)
FNDA:14,(anonymous_14)
FNDA:0,(anonymous_15)
DA:1,4
DA:2,4
DA:3,4
DA:5,4
DA:7,4
DA:9,4
DA:11,4
DA:13,4
DA:15,4
DA:18,18
DA:28,4
DA:30,4
DA:33,34
DA:52,4
DA:54,14
DA:57,4
DA:59,4
DA:62,4
DA:64,4
DA:67,14
DA:74,4
DA:76,4
DA:79,0
DA:82,4
DA:85,4
DA:86,4
DA:87,4
DA:88,4
DA:89,4
DA:90,4
DA:91,4
DA:92,4
DA:93,4
DA:94,4
LF:34
LH:33
BRF:0
BRH:0
end_of_record
TN:
SF:src\components\ui\drawer.tsx
FN:6,(anonymous_10)
FN:20,(anonymous_11)
FN:28,(anonymous_12)
FN:46,(anonymous_13)
FN:51,(anonymous_14)
FN:59,(anonymous_15)
FN:71,(anonymous_16)
FNF:7
FNH:1
FNDA:1,(anonymous_10)
FNDA:0,(anonymous_11)
FNDA:0,(anonymous_12)
FNDA:0,(anonymous_13)
FNDA:0,(anonymous_14)
FNDA:0,(anonymous_15)
FNDA:0,(anonymous_16)
DA:1,1
DA:2,1
DA:4,1
DA:6,1
DA:9,1
DA:11,1
DA:13,1
DA:15,1
DA:17,1
DA:20,0
DA:23,1
DA:25,1
DA:28,0
DA:44,1
DA:46,1
DA:49,1
DA:51,1
DA:54,1
DA:56,1
DA:59,0
DA:66,1
DA:68,1
DA:71,0
DA:74,1
DA:77,1
DA:78,1
DA:79,1
DA:80,1
DA:81,1
DA:82,1
DA:83,1
DA:84,1
DA:85,1
DA:86,1
LF:34
LH:30
BRDA:6,0,0,1
BRF:1
BRH:1
end_of_record
TN:
SF:src\components\ui\dropdown-menu.tsx
FN:24,(anonymous_10)
FN:43,(anonymous_11)
FN:58,(anonymous_12)
FN:78,(anonymous_13)
FN:94,(anonymous_14)
FN:117,(anonymous_15)
FN:141,(anonymous_16)
FN:153,(anonymous_17)
FN:158,(anonymous_18)
FNF:9
FNH:0
FNDA:0,(anonymous_10)
FNDA:0,(anonymous_11)
FNDA:0,(anonymous_12)
FNDA:0,(anonymous_13)
FNDA:0,(anonymous_14)
FNDA:0,(anonymous_15)
FNDA:0,(anonymous_16)
FNDA:0,(anonymous_17)
FNDA:0,(anonymous_18)
DA:1,1
DA:2,1
DA:3,1
DA:5,1
DA:7,1
DA:9,1
DA:11,1
DA:13,1
DA:15,1
DA:17,1
DA:19,1
DA:24,0
DA:38,1
DA:40,1
DA:43,0
DA:53,1
DA:55,1
DA:58,0
DA:71,1
DA:73,1
DA:78,0
DA:89,1
DA:91,1
DA:94,0
DA:112,1
DA:114,1
DA:117,0
DA:134,1
DA:136,1
DA:141,0
DA:148,1
DA:150,1
DA:153,0
DA:156,1
DA:158,1
DA:159,0
DA:161,1
DA:164,1
DA:165,1
DA:166,1
DA:167,1
DA:168,1
DA:169,1
DA:170,1
DA:171,1
DA:172,1
DA:173,1
DA:174,1
DA:175,1
DA:176,1
DA:177,1
DA:178,1
LF:52
LH:43
BRDA:29,0,0,0
BRDA:29,0,1,0
BRDA:58,1,0,0
BRDA:83,2,0,0
BRDA:83,2,1,0
BRDA:144,3,0,0
BRDA:144,3,1,0
BRF:7
BRH:0
end_of_record
TN:
SF:src\components\ui\form.tsx
FN:20,(anonymous_10)
FN:33,(anonymous_11)
FN:63,(anonymous_12)
FN:78,(anonymous_13)
FN:86,(anonymous_14)
FN:103,(anonymous_15)
FN:112,(anonymous_16)
FNF:7
FNH:1
FNDA:0,(anonymous_10)
FNDA:5,(anonymous_11)
FNDA:0,(anonymous_12)
FNDA:0,(anonymous_13)
FNDA:0,(anonymous_14)
FNDA:0,(anonymous_15)
FNDA:0,(anonymous_16)
DA:1,1
DA:3,1
DA:4,1
DA:6,1
DA:7,1
DA:9,1
DA:18,1
DA:20,1
DA:24,0
DA:26,0
DA:33,1
DA:34,5
DA:35,4
DA:36,4
DA:38,4
DA:40,4
DA:41,0
DA:44,4
DA:46,4
DA:60,1
DA:62,1
DA:63,0
DA:64,0
DA:66,0
DA:73,1
DA:75,1
DA:78,0
DA:79,0
DA:81,0
DA:83,1
DA:85,1
DA:86,0
DA:87,0
DA:89,0
DA:100,1
DA:102,1
DA:103,0
DA:104,0
DA:106,0
DA:109,1
DA:111,1
DA:112,0
DA:113,0
DA:114,0
DA:116,0
DA:117,0
DA:120,0
DA:127,1
DA:129,1
LF:49
LH:28
BRDA:40,0,0,0
BRDA:81,1,0,0
BRDA:81,1,1,0
BRDA:93,2,0,0
BRDA:93,2,1,0
BRDA:114,3,0,0
BRDA:114,3,1,0
BRDA:114,4,0,0
BRDA:114,4,1,0
BRDA:114,5,0,0
BRDA:114,5,1,0
BRDA:116,6,0,0
BRF:12
BRH:0
end_of_record
TN:
SF:src\components\ui\hover-card.tsx
FN:13,(anonymous_10)
FNF:1
FNH:0
FNDA:0,(anonymous_10)
DA:1,1
DA:2,1
DA:4,1
DA:6,1
DA:8,1
DA:10,1
DA:13,0
DA:25,1
DA:27,1
LF:9
LH:8
BRDA:13,0,0,0
BRDA:13,1,0,0
BRF:2
BRH:0
end_of_record
TN:
SF:src\components\ui\input-otp.tsx
FN:8,(anonymous_10)
FN:20,(anonymous_11)
FN:27,(anonymous_12)
FN:53,(anonymous_13)
FNF:4
FNH:0
FNDA:0,(anonymous_10)
FNDA:0,(anonymous_11)
FNDA:0,(anonymous_12)
FNDA:0,(anonymous_13)
DA:1,1
DA:2,1
DA:3,1
DA:5,1
DA:7,1
DA:8,0
DA:17,1
DA:19,1
DA:20,0
DA:22,1
DA:24,1
DA:27,0
DA:28,0
DA:29,0
DA:31,0
DA:50,1
DA:52,1
DA:53,0
DA:59,1
DA:61,1
LF:20
LH:13
BRDA:36,0,0,0
BRDA:36,0,1,0
BRDA:42,1,0,0
BRDA:42,1,1,0
BRF:4
BRH:0
end_of_record
TN:
SF:src\components\ui\input.tsx
FN:6,(anonymous_10)
FNF:1
FNH:1
FNDA:6,(anonymous_10)
DA:1,4
DA:3,4
DA:5,4
DA:6,6
DA:7,6
DA:20,4
DA:22,4
LF:7
LH:7
BRF:0
BRH:0
end_of_record
TN:
SF:src\components\ui\label.tsx
FN:12,(anonymous_10)
FNF:1
FNH:1
FNDA:8,(anonymous_10)
DA:1,4
DA:2,4
DA:3,4
DA:5,4
DA:7,4
DA:9,4
DA:12,8
DA:15,4
DA:17,4
LF:9
LH:9
BRF:0
BRH:0
end_of_record
TN:
SF:src\components\ui\menubar.tsx
FN:20,(anonymous_10)
FN:32,(anonymous_11)
FN:49,(anonymous_12)
FN:68,(anonymous_13)
FN:83,(anonymous_14)
FN:105,(anonymous_15)
FN:121,(anonymous_16)
FN:144,(anonymous_17)
FN:168,(anonymous_18)
FN:180,(anonymous_19)
FN:185,(anonymous_20)
FNF:11
FNH:0
FNDA:0,(anonymous_10)
FNDA:0,(anonymous_11)
FNDA:0,(anonymous_12)
FNDA:0,(anonymous_13)
FNDA:0,(anonymous_14)
FNDA:0,(anonymous_15)
FNDA:0,(anonymous_16)
FNDA:0,(anonymous_17)
FNDA:0,(anonymous_18)
FNDA:0,(anonymous_19)
FNDA:0,(anonymous_20)
DA:1,1
DA:2,1
DA:3,1
DA:5,1
DA:7,1
DA:9,1
DA:11,1
DA:13,1
DA:15,1
DA:17,1
DA:20,0
DA:27,1
DA:29,1
DA:32,0
DA:42,1
DA:44,1
DA:49,0
DA:63,1
DA:65,1
DA:68,0
DA:78,1
DA:80,1
DA:83,0
DA:98,1
DA:100,1
DA:105,0
DA:116,1
DA:118,1
DA:121,0
DA:139,1
DA:141,1
DA:144,0
DA:161,1
DA:163,1
DA:168,0
DA:175,1
DA:177,1
DA:180,0
DA:183,1
DA:185,1
DA:186,0
DA:188,1
DA:191,1
DA:192,1
DA:193,1
DA:194,1
DA:195,1
DA:196,1
DA:197,1
DA:198,1
DA:199,1
DA:200,1
DA:201,1
DA:202,1
DA:203,1
DA:204,1
DA:205,1
DA:206,1
LF:58
LH:47
BRDA:54,0,0,0
BRDA:54,0,1,0
BRDA:83,1,0,0
BRDA:83,2,0,0
BRDA:83,3,0,0
BRDA:110,4,0,0
BRDA:110,4,1,0
BRDA:171,5,0,0
BRDA:171,5,1,0
BRF:9
BRH:0
end_of_record
TN:
SF:src\components\ui\navigation-menu.tsx
FN:11,(anonymous_10)
FN:26,(anonymous_11)
FN:44,(anonymous_12)
FN:62,(anonymous_13)
FN:79,(anonymous_14)
FN:96,(anonymous_15)
FNF:6
FNH:0
FNDA:0,(anonymous_10)
FNDA:0,(anonymous_11)
FNDA:0,(anonymous_12)
FNDA:0,(anonymous_13)
FNDA:0,(anonymous_14)
FNDA:0,(anonymous_15)
DA:1,1
DA:2,1
DA:3,1
DA:4,1
DA:6,1
DA:8,1
DA:11,0
DA:21,1
DA:23,1
DA:26,0
DA:33,1
DA:35,1
DA:37,1
DA:41,1
DA:44,0
DA:57,1
DA:59,1
DA:62,0
DA:72,1
DA:74,1
DA:76,1
DA:79,0
DA:91,1
DA:93,1
DA:96,0
DA:108,1
DA:111,1
DA:112,1
DA:113,1
DA:114,1
DA:115,1
DA:116,1
DA:117,1
DA:118,1
DA:119,1
LF:35
LH:29
BRF:0
BRH:0
end_of_record
TN:
SF:src\components\ui\pagination.tsx
FN:7,(anonymous_10)
FN:18,(anonymous_11)
FN:24,(anonymous_12)
FN:34,(anonymous_13)
FN:49,(anonymous_14)
FN:57,(anonymous_15)
FN:65,(anonymous_16)
FNF:7
FNH:1
FNDA:1,(anonymous_10)
FNDA:0,(anonymous_11)
FNDA:0,(anonymous_12)
FNDA:0,(anonymous_13)
FNDA:0,(anonymous_14)
FNDA:0,(anonymous_15)
FNDA:0,(anonymous_16)
DA:1,1
DA:2,1
DA:4,1
DA:5,1
DA:7,1
DA:15,1
DA:17,1
DA:18,0
DA:22,1
DA:24,1
DA:27,1
DA:34,1
DA:47,1
DA:49,1
DA:55,1
DA:57,1
DA:63,1
DA:65,1
DA:71,1
DA:74,1
DA:75,1
DA:76,1
DA:77,1
DA:78,1
DA:79,1
DA:80,1
LF:26
LH:25
BRDA:34,0,0,0
BRDA:36,1,0,0
BRDA:36,1,1,0
BRDA:39,2,0,0
BRDA:39,2,1,0
BRF:5
BRH:0
end_of_record
TN:
SF:src\components\ui\popover.tsx
FN:13,(anonymous_10)
FNF:1
FNH:0
FNDA:0,(anonymous_10)
DA:1,1
DA:2,1
DA:4,1
DA:6,1
DA:8,1
DA:10,1
DA:13,0
DA:27,1
DA:29,1
LF:9
LH:8
BRDA:13,0,0,0
BRDA:13,1,0,0
BRF:2
BRH:0
end_of_record
TN:
SF:src\components\ui\progress.tsx
FN:9,(anonymous_10)
FNF:1
FNH:0
FNDA:0,(anonymous_10)
DA:1,1
DA:2,1
DA:4,1
DA:6,1
DA:9,0
DA:21,1
DA:23,1
LF:7
LH:6
BRDA:17,0,0,0
BRDA:17,0,1,0
BRF:2
BRH:0
end_of_record
TN:
SF:src\components\ui\radio-group.tsx
FN:10,(anonymous_10)
FN:18,(anonymous_11)
FNF:2
FNH:0
FNDA:0,(anonymous_10)
FNDA:0,(anonymous_11)
DA:1,1
DA:2,1
DA:3,1
DA:5,1
DA:7,1
DA:10,0
DA:11,0
DA:13,1
DA:15,1
DA:18,0
DA:19,0
DA:34,1
DA:36,1
LF:13
LH:9
BRF:0
BRH:0
end_of_record
TN:
SF:src\components\ui\resizable.tsx
FN:6,(anonymous_10)
FN:15,(anonymous_11)
FNF:2
FNH:1
FNDA:1,(anonymous_10)
FNDA:0,(anonymous_11)
DA:1,1
DA:2,1
DA:4,1
DA:6,1
DA:13,1
DA:15,1
DA:17,0
DA:18,0
DA:21,0
DA:37,1
LF:10
LH:7
BRDA:29,0,0,0
BRDA:29,0,1,0
BRF:2
BRH:0
end_of_record
TN:
SF:src\components\ui\scroll-area.tsx
FN:9,(anonymous_10)
FN:21,(anonymous_11)
FNF:2
FNH:0
FNDA:0,(anonymous_10)
FNDA:0,(anonymous_11)
DA:1,1
DA:2,1
DA:4,1
DA:6,1
DA:9,0
DA:16,1
DA:18,1
DA:21,0
DA:36,1
DA:38,1
LF:10
LH:8
BRDA:21,0,0,0
BRDA:27,1,0,0
BRDA:27,1,1,0
BRDA:28,2,0,0
BRDA:28,2,1,0
BRF:5
BRH:0
end_of_record
TN:
SF:src\components\ui\select.tsx
FN:16,(anonymous_10)
FN:36,(anonymous_11)
FN:50,(anonymous_12)
FN:64,(anonymous_13)
FN:96,(anonymous_14)
FN:104,(anonymous_15)
FN:127,(anonymous_16)
FNF:7
FNH:5
FNDA:1,(anonymous_10)
FNDA:1,(anonymous_11)
FNDA:1,(anonymous_12)
FNDA:1,(anonymous_13)
FNDA:0,(anonymous_14)
FNDA:4,(anonymous_15)
FNDA:0,(anonymous_16)
DA:1,4
DA:2,4
DA:3,4
DA:5,4
DA:7,4
DA:9,4
DA:11,4
DA:13,4
DA:16,1
DA:31,4
DA:33,4
DA:36,1
DA:45,4
DA:47,4
DA:50,1
DA:59,4
DA:61,4
DA:64,1
DA:91,4
DA:93,4
DA:96,0
DA:99,4
DA:101,4
DA:104,4
DA:122,4
DA:124,4
DA:127,0
DA:130,4
DA:133,4
DA:134,4
DA:135,4
DA:136,4
DA:137,4
DA:138,4
DA:139,4
DA:140,4
DA:141,4
DA:142,4
LF:38
LH:36
BRDA:64,0,0,1
BRDA:70,1,0,1
BRDA:70,1,1,1
BRDA:81,2,0,1
BRDA:81,2,1,1
BRF:5
BRH:5
end_of_record
TN:
SF:src\components\ui\separator.tsx
FN:9,(anonymous_10)
FNF:1
FNH:0
FNDA:0,(anonymous_10)
DA:1,1
DA:2,1
DA:4,1
DA:6,1
DA:9,0
DA:18,1
DA:20,1
LF:7
LH:6
BRDA:9,0,0,0
BRDA:9,1,0,0
BRDA:14,2,0,0
BRDA:14,2,1,0
BRF:4
BRH:0
end_of_record
TN:
SF:src\components\ui\sheet.tsx
FN:19,(anonymous_10)
FN:55,(anonymous_11)
FN:70,(anonymous_12)
FN:75,(anonymous_13)
FN:83,(anonymous_14)
FN:91,(anonymous_15)
FNF:6
FNH:0
FNDA:0,(anonymous_10)
FNDA:0,(anonymous_11)
FNDA:0,(anonymous_12)
FNDA:0,(anonymous_13)
FNDA:0,(anonymous_14)
FNDA:0,(anonymous_15)
DA:1,1
DA:2,1
DA:3,1
DA:4,1
DA:6,1
DA:8,1
DA:10,1
DA:12,1
DA:14,1
DA:16,1
DA:19,0
DA:29,1
DA:31,1
DA:54,1
DA:55,0
DA:68,1
DA:70,1
DA:73,1
DA:75,1
DA:78,1
DA:80,1
DA:83,0
DA:86,1
DA:88,1
DA:91,0
DA:94,1
DA:97,1
DA:98,1
DA:99,1
DA:100,1
DA:101,1
DA:102,1
DA:103,1
DA:104,1
DA:105,1
DA:106,1
LF:36
LH:32
BRDA:55,0,0,0
BRF:1
BRH:0
end_of_record
TN:
SF:src\components\ui\sidebar.tsx
FN:34,useSidebar
FN:50,(anonymous_11)
FN:59,(anonymous_12)
FN:74,(anonymous_13)
FN:75,(anonymous_14)
FN:75,(anonymous_15)
FN:79,(anonymous_16)
FN:80,(anonymous_17)
FN:88,(anonymous_18)
FN:96,(anonymous_19)
FN:138,(anonymous_20)
FN:220,(anonymous_21)
FN:230,(anonymous_22)
FN:245,(anonymous_23)
FN:272,(anonymous_24)
FN:288,(anonymous_25)
FN:304,(anonymous_26)
FN:309,(anonymous_27)
FN:315,(anonymous_28)
FN:328,(anonymous_29)
FN:343,(anonymous_30)
FN:356,(anonymous_31)
FN:376,(anonymous_32)
FN:398,(anonymous_33)
FN:404,(anonymous_34)
FN:409,(anonymous_35)
FN:443,(anonymous_36)
FN:483,(anonymous_37)
FN:509,(anonymous_38)
FN:533,(anonymous_39)
FN:535,(anonymous_40)
FN:562,(anonymous_41)
FN:577,(anonymous_42)
FN:589,(anonymous_43)
FNF:34
FNH:1
FNDA:5,useSidebar
FNDA:0,(anonymous_11)
FNDA:0,(anonymous_12)
FNDA:0,(anonymous_13)
FNDA:0,(anonymous_14)
FNDA:0,(anonymous_15)
FNDA:0,(anonymous_16)
FNDA:0,(anonymous_17)
FNDA:0,(anonymous_18)
FNDA:0,(anonymous_19)
FNDA:0,(anonymous_20)
FNDA:0,(anonymous_21)
FNDA:0,(anonymous_22)
FNDA:0,(anonymous_23)
FNDA:0,(anonymous_24)
FNDA:0,(anonymous_25)
FNDA:0,(anonymous_26)
FNDA:0,(anonymous_27)
FNDA:0,(anonymous_28)
FNDA:0,(anonymous_29)
FNDA:0,(anonymous_30)
FNDA:0,(anonymous_31)
FNDA:0,(anonymous_32)
FNDA:0,(anonymous_33)
FNDA:0,(anonymous_34)
FNDA:0,(anonymous_35)
FNDA:0,(anonymous_36)
FNDA:0,(anonymous_37)
FNDA:0,(anonymous_38)
FNDA:0,(anonymous_39)
FNDA:0,(anonymous_40)
FNDA:0,(anonymous_41)
FNDA:0,(anonymous_42)
FNDA:0,(anonymous_43)
DA:1,1
DA:2,1
DA:3,1
DA:4,1
DA:6,1
DA:7,1
DA:8,1
DA:9,1
DA:10,1
DA:11,1
DA:12,1
DA:13,1
DA:15,1
DA:16,1
DA:17,1
DA:18,1
DA:19,1
DA:20,1
DA:32,1
DA:35,5
DA:36,4
DA:37,4
DA:40,0
DA:43,1
DA:50,0
DA:51,0
DA:52,0
DA:56,0
DA:57,0
DA:58,0
DA:60,0
DA:61,0
DA:62,0
DA:64,0
DA:68,0
DA:74,0
DA:75,0
DA:79,0
DA:80,0
DA:81,0
DA:82,0
DA:83,0
DA:87,0
DA:88,0
DA:93,0
DA:95,0
DA:96,0
DA:108,0
DA:129,1
DA:131,1
DA:138,0
DA:139,0
DA:141,0
DA:142,0
DA:153,0
DA:154,0
DA:173,0
DA:217,1
DA:219,1
DA:220,0
DA:221,0
DA:223,0
DA:231,0
DA:232,0
DA:242,1
DA:244,1
DA:245,0
DA:246,0
DA:248,0
DA:270,1
DA:272,1
DA:273,0
DA:285,1
DA:287,1
DA:288,0
DA:289,0
DA:302,1
DA:304,1
DA:305,0
DA:307,1
DA:309,1
DA:310,0
DA:312,1
DA:314,1
DA:315,0
DA:316,0
DA:326,1
DA:328,1
DA:329,0
DA:341,1
DA:343,1
DA:344,0
DA:353,1
DA:355,1
DA:356,0
DA:357,0
DA:359,0
DA:373,1
DA:375,1
DA:376,0
DA:377,0
DA:379,0
DA:395,1
DA:397,1
DA:398,0
DA:402,1
DA:404,1
DA:407,1
DA:409,1
DA:412,1
DA:414,1
DA:436,1
DA:443,0
DA:444,0
DA:445,0
DA:448,0
DA:458,0
DA:459,0
DA:462,0
DA:463,0
DA:468,0
DA:475,1
DA:477,1
DA:483,0
DA:484,0
DA:486,0
DA:506,1
DA:508,1
DA:509,0
DA:526,1
DA:528,1
DA:533,0
DA:535,0
DA:536,0
DA:539,0
DA:559,1
DA:561,1
DA:562,0
DA:575,1
DA:577,1
DA:580,1
DA:582,1
DA:589,0
DA:590,0
DA:592,0
DA:610,1
DA:613,1
DA:614,1
DA:615,1
DA:616,1
DA:617,1
DA:618,1
DA:619,1
DA:620,1
DA:621,1
DA:622,1
DA:623,1
DA:624,1
DA:625,1
DA:626,1
DA:627,1
DA:628,1
DA:629,1
DA:630,1
DA:631,1
DA:632,1
DA:633,1
DA:634,1
DA:635,1
DA:636,1
LF:170
LH:93
BRDA:36,0,0,4
BRDA:50,1,0,0
BRDA:57,2,0,0
BRDA:57,2,1,0
BRDA:57,3,0,0
BRDA:57,3,1,0
BRDA:60,4,0,0
BRDA:60,4,1,0
BRDA:61,5,0,0
BRDA:61,5,1,0
BRDA:75,6,0,0
BRDA:75,6,1,0
BRDA:81,7,0,0
BRDA:81,8,0,0
BRDA:81,8,1,0
BRDA:81,8,2,0
BRDA:93,9,0,0
BRDA:93,9,1,0
BRDA:138,10,0,0
BRDA:138,11,0,0
BRDA:138,12,0,0
BRDA:141,13,0,0
BRDA:153,14,0,0
BRDA:178,15,0,0
BRDA:178,15,1,0
BRDA:188,16,0,0
BRDA:188,16,1,0
BRDA:188,17,0,0
BRDA:188,17,1,0
BRDA:196,18,0,0
BRDA:196,18,1,0
BRDA:200,19,0,0
BRDA:200,19,1,0
BRDA:200,20,0,0
BRDA:200,20,1,0
BRDA:231,21,0,0
BRDA:231,21,1,0
BRDA:231,22,0,0
BRDA:231,22,1,0
BRDA:356,23,0,0
BRDA:357,24,0,0
BRDA:357,24,1,0
BRDA:376,25,0,0
BRDA:377,26,0,0
BRDA:377,26,1,0
BRDA:443,27,0,0
BRDA:443,28,0,0
BRDA:443,29,0,0
BRDA:443,30,0,0
BRDA:444,31,0,0
BRDA:444,31,1,0
BRDA:458,32,0,0
BRDA:462,33,0,0
BRDA:471,34,0,0
BRDA:471,34,1,0
BRDA:483,35,0,0
BRDA:483,36,0,0
BRDA:484,37,0,0
BRDA:484,37,1,0
BRDA:498,38,0,0
BRDA:498,38,1,0
BRDA:533,39,0,0
BRDA:546,40,0,0
BRDA:546,40,1,0
BRDA:589,41,0,0
BRDA:589,42,0,0
BRDA:590,43,0,0
BRDA:590,43,1,0
BRDA:601,44,0,0
BRDA:601,44,1,0
BRDA:602,45,0,0
BRDA:602,45,1,0
BRF:72
BRH:1
end_of_record
TN:
SF:src\components\ui\skeleton.tsx
FN:3,Skeleton
FNF:1
FNH:1
FNDA:1,Skeleton
DA:1,1
DA:3,1
DA:4,1
DA:7,1
LF:4
LH:4
BRF:0
BRH:0
end_of_record
TN:
SF:src\components\ui\slider.tsx
FN:9,(anonymous_10)
FNF:1
FNH:0
FNDA:0,(anonymous_10)
DA:1,1
DA:2,1
DA:4,1
DA:6,1
DA:9,0
DA:21,1
DA:23,1
LF:7
LH:6
BRF:0
BRH:0
end_of_record
TN:
SF:src\components\ui\sonner.tsx
FN:27,(anonymous_1)
FN:6,(anonymous_2)
FNF:2
FNH:2
FNDA:1,(anonymous_1)
FNDA:1,(anonymous_2)
DA:1,1
DA:2,1
DA:6,1
DA:7,1
DA:9,1
DA:27,2
LF:6
LH:6
BRDA:7,0,0,1
BRF:1
BRH:1
end_of_record
TN:
SF:src\components\ui\switch.tsx
FN:9,(anonymous_10)
FNF:1
FNH:0
FNDA:0,(anonymous_10)
DA:1,1
DA:2,1
DA:4,1
DA:6,1
DA:9,0
DA:25,1
DA:27,1
LF:7
LH:6
BRF:0
BRH:0
end_of_record
TN:
SF:src\components\ui\table.tsx
FN:6,(anonymous_10)
FN:15,(anonymous_11)
FN:20,(anonymous_12)
FN:27,(anonymous_13)
FN:34,(anonymous_14)
FN:45,(anonymous_15)
FN:59,(anonymous_16)
FN:66,(anonymous_17)
FNF:8
FNH:0
FNDA:0,(anonymous_10)
FNDA:0,(anonymous_11)
FNDA:0,(anonymous_12)
FNDA:0,(anonymous_13)
FNDA:0,(anonymous_14)
FNDA:0,(anonymous_15)
FNDA:0,(anonymous_16)
FNDA:0,(anonymous_17)
DA:1,1
DA:3,1
DA:5,1
DA:6,0
DA:12,1
DA:14,1
DA:15,0
DA:17,1
DA:19,1
DA:20,0
DA:24,1
DA:26,1
DA:27,0
DA:31,1
DA:33,1
DA:34,0
DA:42,1
DA:44,1
DA:45,0
DA:56,1
DA:58,1
DA:59,0
DA:63,1
DA:65,1
DA:66,0
DA:70,1
DA:72,1
LF:27
LH:19
BRF:0
BRH:0
end_of_record
TN:
SF:src\components\ui\tabs.tsx
FN:11,(anonymous_10)
FN:26,(anonymous_11)
FN:41,(anonymous_12)
FNF:3
FNH:3
FNDA:3,(anonymous_10)
FNDA:6,(anonymous_11)
FNDA:6,(anonymous_12)
DA:1,4
DA:2,4
DA:4,4
DA:6,4
DA:8,4
DA:11,3
DA:21,4
DA:23,4
DA:26,6
DA:36,4
DA:38,4
DA:41,6
DA:51,4
DA:53,4
LF:14
LH:14
BRF:0
BRH:0
end_of_record
TN:
SF:src\components\ui\textarea.tsx
FN:7,(anonymous_10)
FNF:1
FNH:0
FNDA:0,(anonymous_10)
DA:1,4
DA:3,4
DA:7,4
DA:8,0
DA:19,4
DA:21,4
LF:6
LH:5
BRF:0
BRH:0
end_of_record
TN:
SF:src\components\ui\toast.tsx
FN:13,(anonymous_10)
FN:43,(anonymous_11)
FN:51,(anonymous_12)
FN:66,(anonymous_13)
FN:84,(anonymous_14)
FN:92,(anonymous_15)
FNF:6
FNH:1
FNDA:1,(anonymous_10)
FNDA:0,(anonymous_11)
FNDA:0,(anonymous_12)
FNDA:0,(anonymous_13)
FNDA:0,(anonymous_14)
FNDA:0,(anonymous_15)
DA:1,1
DA:2,1
DA:3,1
DA:4,1
DA:6,1
DA:8,1
DA:10,1
DA:13,1
DA:23,1
DA:25,1
DA:40,1
DA:43,0
DA:44,0
DA:46,1
DA:48,1
DA:51,0
DA:61,1
DA:63,1
DA:66,0
DA:79,1
DA:81,1
DA:84,0
DA:87,1
DA:89,1
DA:92,0
DA:95,1
DA:104,1
DA:105,1
DA:106,1
DA:107,1
DA:108,1
DA:109,1
DA:110,1
LF:33
LH:27
BRF:0
BRH:0
end_of_record
TN:
SF:src\components\ui\toaster.tsx
FN:4,Toaster
FN:9,(anonymous_2)
FNF:2
FNH:1
FNDA:1,Toaster
FNDA:0,(anonymous_2)
DA:1,1
DA:2,1
DA:4,1
DA:5,1
DA:7,1
DA:9,0
DA:10,0
LF:7
LH:5
BRDA:13,0,0,0
BRDA:13,0,1,0
BRDA:14,1,0,0
BRDA:14,1,1,0
BRF:4
BRH:0
end_of_record
TN:
SF:src\components\ui\toggle-group.tsx
FN:16,(anonymous_10)
FN:27,(anonymous_11)
FNF:2
FNH:0
FNDA:0,(anonymous_10)
FNDA:0,(anonymous_11)
DA:1,1
DA:2,1
DA:5,1
DA:6,1
DA:8,1
DA:13,1
DA:16,0
DA:22,1
DA:24,1
DA:27,0
DA:28,0
DA:30,0
DA:47,1
DA:49,1
LF:14
LH:10
BRDA:35,0,0,0
BRDA:35,0,1,0
BRDA:36,1,0,0
BRDA:36,1,1,0
BRF:4
BRH:0
end_of_record
TN:
SF:src\components\ui\toggle.tsx
FN:31,(anonymous_10)
FNF:1
FNH:0
FNDA:0,(anonymous_10)
DA:1,1
DA:2,1
DA:3,1
DA:5,1
DA:7,1
DA:28,1
DA:31,0
DA:35,1
DA:37,1
LF:9
LH:8
BRF:0
BRH:0
end_of_record
TN:
SF:src\components\ui\tooltip.tsx
FN:15,(anonymous_10)
FNF:1
FNH:0
FNDA:0,(anonymous_10)
DA:1,1
DA:2,1
DA:4,1
DA:6,1
DA:8,1
DA:10,1
DA:12,1
DA:15,0
DA:26,1
DA:28,1
LF:10
LH:9
BRDA:15,0,0,0
BRF:1
BRH:0
end_of_record
TN:
SF:src\components\ui\use-toast.ts
FN:3,(anonymous_0)
FN:3,(anonymous_1)
FNF:2
FNH:2
FNDA:1,(anonymous_0)
FNDA:1,(anonymous_1)
DA:1,1
DA:3,2
LF:2
LH:2
BRF:0
BRH:0
end_of_record
TN:
SF:src\hooks\use-mobile.tsx
FN:5,useIsMobile
FN:8,(anonymous_10)
FN:10,(anonymous_11)
FN:15,(anonymous_12)
FNF:4
FNH:0
FNDA:0,useIsMobile
FNDA:0,(anonymous_10)
FNDA:0,(anonymous_11)
FNDA:0,(anonymous_12)
DA:1,1
DA:3,1
DA:5,1
DA:6,0
DA:8,0
DA:9,0
DA:10,0
DA:11,0
DA:13,0
DA:14,0
DA:15,0
DA:18,0
LF:12
LH:3
BRF:0
BRH:0
end_of_record
TN:
SF:src\lib\utils.ts
FN:4,cn
FNF:1
FNH:1
FNDA:836,cn
DA:1,4
DA:2,4
DA:4,4
DA:5,836
LF:4
LH:4
BRF:0
BRH:0
end_of_record
TN:
SF:src\pages\Index.tsx
FN:12,(anonymous_0)
FNF:1
FNH:1
FNDA:1,(anonymous_0)
DA:1,1
DA:2,1
DA:3,1
DA:4,1
DA:5,1
DA:6,1
DA:7,1
DA:8,1
DA:9,1
DA:10,1
DA:12,1
DA:13,1
DA:31,1
LF:13
LH:13
BRF:0
BRH:0
end_of_record
